#
# There is insufficient memory for the Java Runtime Environment to continue.
# Native memory allocation (mmap) failed to map 348127232 bytes. Error detail: G1 virtual space
# Possible reasons:
#   The system is out of physical RAM or swap space
#   This process is running with CompressedOops enabled, and the Java Heap may be blocking the growth of the native heap
# Possible solutions:
#   Reduce memory load on the system
#   Increase physical memory or swap space
#   Check if swap backing store is full
#   Decrease Java heap size (-Xmx/-Xms)
#   Decrease number of Java threads
#   Decrease Java thread stack sizes (-Xss)
#   Set larger code cache with -XX:ReservedCodeCacheSize=
#   JVM is running with Zero Based Compressed Oops mode in which the Java heap is
#     placed in the first 32GB address space. The Java Heap base address is the
#     maximum limit for the native heap growth. Please use -XX:HeapBaseMinAddress
#     to set the Java Heap base and to place the Java Heap above 32GB virtual address.
# This output file may be truncated or incomplete.
#
#  Out of Memory Error (os_windows.cpp:3618), pid=16484, tid=388
#
# JRE version: OpenJDK Runtime Environment Temurin-17.0.16+8 (17.0.16+8) (build 17.0.16+8)
# Java VM: OpenJDK 64-Bit Server VM Temurin-17.0.16+8 (17.0.16+8, mixed mode, sharing, tiered, compressed oops, compressed class ptrs, g1 gc, windows-amd64)
# No core dump will be written. Minidumps are not enabled by default on client versions of Windows
#

---------------  S U M M A R Y ------------

Command Line: --add-opens=java.base/java.lang=ALL-UNNAMED --add-opens=java.base/java.lang.invoke=ALL-UNNAMED --add-opens=java.base/java.util=ALL-UNNAMED --add-opens=java.prefs/java.util.prefs=ALL-UNNAMED --add-exports=jdk.compiler/com.sun.tools.javac.api=ALL-UNNAMED --add-exports=jdk.compiler/com.sun.tools.javac.util=ALL-UNNAMED --add-opens=java.base/java.util=ALL-UNNAMED --add-opens=java.prefs/java.util.prefs=ALL-UNNAMED --add-opens=java.base/java.nio.charset=ALL-UNNAMED --add-opens=java.base/java.net=ALL-UNNAMED --add-opens=java.base/java.util.concurrent=ALL-UNNAMED --add-opens=java.base/java.util.concurrent.atomic=ALL-UNNAMED --add-opens=java.xml/javax.xml.namespace=ALL-UNNAMED --add-opens=java.base/java.time=ALL-UNNAMED -XX:MaxMetaspaceSize=4G -XX:ReservedCodeCacheSize=512m -XX:+HeapDumpOnOutOfMemoryError -Xmx8G -Dfile.encoding=UTF-8 -Duser.country=US -Duser.language=en -Duser.variant -javaagent:C:\Users\HP\.gradle\wrapper\dists\gradle-9.1.0-all\7wzd0jkjit61aq2p43wpjgij9\gradle-9.1.0\lib\agents\gradle-instrumentation-agent-9.1.0.jar org.gradle.launcher.daemon.bootstrap.GradleDaemon 9.1.0

Host: Intel(R) Core(TM) i5-6300U CPU @ 2.40GHz, 4 cores, 7G,  Windows 10 , 64 bit Build 19041 (10.0.19041.5915)
Time: Fri Jul  3 19:34:15 2026 Maroc (heure d64 bit Build 19041 (10.0.19041.5915) elapsed time: 357.584024 seconds (0d 0h 5m 57s)

---------------  T H R E A D  ---------------

Current thread (0x0000020bcca2c060):  VMThread "VM Thread" [stack: 0x0000004968d00000,0x0000004968e00000] [id=388]

Stack: [0x0000004968d00000,0x0000004968e00000]
Native frames: (J=compiled Java code, j=interpreted, Vv=VM code, C=native code)
V  [jvm.dll+0x683169]
V  [jvm.dll+0x839ac8]
V  [jvm.dll+0x83b573]
V  [jvm.dll+0x83bbe3]
V  [jvm.dll+0x2473ff]
V  [jvm.dll+0x67ff49]
V  [jvm.dll+0x674e3a]
V  [jvm.dll+0x304ea6]
V  [jvm.dll+0x30c366]
V  [jvm.dll+0x35deee]
V  [jvm.dll+0x35e12d]
V  [jvm.dll+0x2dc26c]
V  [jvm.dll+0x2da60f]
V  [jvm.dll+0x2d9d7c]
V  [jvm.dll+0x31d55b]
V  [jvm.dll+0x84041d]
V  [jvm.dll+0x841153]
V  [jvm.dll+0x84167f]
V  [jvm.dll+0x841a64]
V  [jvm.dll+0x841b2e]
V  [jvm.dll+0x7e979c]
V  [jvm.dll+0x682047]
C  [ucrtbase.dll+0x21bb2]
C  [KERNEL32.DLL+0x17374]
C  [ntdll.dll+0x4cc91]

VM_Operation (0x000000496a3f8070): G1CollectForAllocation, mode: safepoint, requested by thread 0x0000020c1591fdd0


---------------  P R O C E S S  ---------------

Threads class SMR info:
_java_thread_list=0x0000020c20884550, length=95, elements={
0x0000020b8fcc1770, 0x0000020bcca32510, 0x0000020bcca32fe0, 0x0000020bcca47e10,
0x0000020bcca48bf0, 0x0000020bcca494c0, 0x0000020bcca49d90, 0x0000020bcca4b250,
0x0000020c140280e0, 0x0000020c14028a00, 0x0000020c140be140, 0x0000020c1421d440,
0x0000020c156b9440, 0x0000020c1585fe90, 0x0000020c158a8f00, 0x0000020c1583b610,
0x0000020c15878c30, 0x0000020c15921c30, 0x0000020c1591fdd0, 0x0000020c159207f0,
0x0000020c15922b60, 0x0000020c15920d00, 0x0000020c15921210, 0x0000020c15922140,
0x0000020c15922650, 0x0000020c15923070, 0x0000020c1591f8c0, 0x0000020c15921720,
0x0000020c159202e0, 0x0000020c174868c0, 0x0000020c1748c8f0, 0x0000020c1748b9c0,
0x0000020c1748a070, 0x0000020c1748e240, 0x0000020c1748d820, 0x0000020c17489650,
0x0000020c1748b4b0, 0x0000020c1748a580, 0x0000020c17488c30, 0x0000020c174877f0,
0x0000020c1748dd30, 0x0000020c1748ce00, 0x0000020c17487d00, 0x0000020c1748d310,
0x0000020c17486dd0, 0x0000020c174872e0, 0x0000020c17488210, 0x0000020c17488720,
0x0000020c17489b60, 0x0000020c16efe890, 0x0000020c16efd960, 0x0000020c16ef8860,
0x0000020c16efcf40, 0x0000020c16efa1b0, 0x0000020c16efabd0, 0x0000020c16ef7420,
0x0000020c16ef8d70, 0x0000020c16efeda0, 0x0000020c16efb0e0, 0x0000020c16efc010,
0x0000020c16efbb00, 0x0000020c16ef7930, 0x0000020c16ef7e40, 0x0000020c16efc520,
0x0000020c16efca30, 0x0000020c16efde70, 0x0000020c16ef9ca0, 0x0000020c16ef8350,
0x0000020c193b02c0, 0x0000020c193b0ce0, 0x0000020c193af8a0, 0x0000020c193b07d0,
0x0000020c193aee80, 0x0000020c193afdb0, 0x0000020c193af390, 0x0000020c193b11f0,
0x0000020c193ae460, 0x0000020c193ada40, 0x0000020c18f84460, 0x0000020c18f867d0,
0x0000020c18f82600, 0x0000020c18f85db0, 0x0000020c18f87c10, 0x0000020c18f89050,
0x0000020c18f88120, 0x0000020c18f83f50, 0x0000020c18f89a70, 0x0000020c18f82b10,
0x0000020c18b71b30, 0x0000020c18b73480, 0x0000020c18b706f0, 0x0000020c18b72a60,
0x0000020c18f84e80, 0x0000020c389fffd0, 0x0000020c389feb90
}

Java Threads: ( => current thread )
  0x0000020b8fcc1770 JavaThread "main" [_thread_blocked, id=16884, stack(0x0000004968700000,0x0000004968800000)]
  0x0000020bcca32510 JavaThread "Reference Handler" daemon [_thread_blocked, id=15380, stack(0x0000004968e00000,0x0000004968f00000)]
  0x0000020bcca32fe0 JavaThread "Finalizer" daemon [_thread_blocked, id=1976, stack(0x0000004968f00000,0x0000004969000000)]
  0x0000020bcca47e10 JavaThread "Signal Dispatcher" daemon [_thread_blocked, id=6960, stack(0x0000004969000000,0x0000004969100000)]
  0x0000020bcca48bf0 JavaThread "Attach Listener" daemon [_thread_blocked, id=16776, stack(0x0000004969100000,0x0000004969200000)]
  0x0000020bcca494c0 JavaThread "Service Thread" daemon [_thread_blocked, id=5580, stack(0x0000004969200000,0x0000004969300000)]
  0x0000020bcca49d90 JavaThread "Monitor Deflation Thread" daemon [_thread_blocked, id=14588, stack(0x0000004969300000,0x0000004969400000)]
  0x0000020bcca4b250 JavaThread "C2 CompilerThread0" daemon [_thread_blocked, id=12836, stack(0x0000004969400000,0x0000004969500000)]
  0x0000020c140280e0 JavaThread "C1 CompilerThread0" daemon [_thread_blocked, id=5452, stack(0x0000004969500000,0x0000004969600000)]
  0x0000020c14028a00 JavaThread "Sweeper thread" daemon [_thread_blocked, id=9528, stack(0x0000004969600000,0x0000004969700000)]
  0x0000020c140be140 JavaThread "Common-Cleaner" daemon [_thread_blocked, id=13532, stack(0x0000004969700000,0x0000004969800000)]
  0x0000020c1421d440 JavaThread "Notification Thread" daemon [_thread_blocked, id=16116, stack(0x0000004969800000,0x0000004969900000)]
  0x0000020c156b9440 JavaThread "Daemon health stats" [_thread_blocked, id=7920, stack(0x0000004969d00000,0x0000004969e00000)]
  0x0000020c1585fe90 JavaThread "Incoming local TCP Connector on port 49310" [_thread_in_native, id=16120, stack(0x0000004969e00000,0x0000004969f00000)]
  0x0000020c158a8f00 JavaThread "Daemon periodic checks" [_thread_blocked, id=1500, stack(0x0000004969f00000,0x000000496a000000)]
  0x0000020c1583b610 JavaThread "Daemon" [_thread_blocked, id=13480, stack(0x000000496a000000,0x000000496a100000)]
  0x0000020c15878c30 JavaThread "Handler for socket connection from /127.0.0.1:49310 to /127.0.0.1:49311" [_thread_in_native, id=14252, stack(0x000000496a100000,0x000000496a200000)]
  0x0000020c15921c30 JavaThread "Cancel handler" [_thread_blocked, id=13716, stack(0x000000496a200000,0x000000496a300000)]
  0x0000020c1591fdd0 JavaThread "Daemon worker" [_thread_blocked, id=3296, stack(0x000000496a300000,0x000000496a400000)]
  0x0000020c159207f0 JavaThread "Asynchronous log dispatcher for DefaultDaemonConnection: socket connection from /127.0.0.1:49310 to /127.0.0.1:49311" [_thread_blocked, id=4408, stack(0x000000496a400000,0x000000496a500000)]
  0x0000020c15922b60 JavaThread "Stdin handler" [_thread_blocked, id=1848, stack(0x000000496a500000,0x000000496a600000)]
  0x0000020c15920d00 JavaThread "Daemon client event forwarder" [_thread_blocked, id=2744, stack(0x000000496a600000,0x000000496a700000)]
  0x0000020c15921210 JavaThread "Cache worker for journal cache (C:\Users\HP\.gradle\caches\journal-1)" [_thread_blocked, id=3404, stack(0x000000496a700000,0x000000496a800000)]
  0x0000020c15922140 JavaThread "File lock request listener" [_thread_in_native, id=4460, stack(0x000000496a800000,0x000000496a900000)]
  0x0000020c15922650 JavaThread "Cache worker for file hash cache (C:\Users\HP\.gradle\caches\9.1.0\fileHashes)" [_thread_blocked, id=17180, stack(0x000000496a900000,0x000000496aa00000)]
  0x0000020c15923070 JavaThread "Cache worker for file hash cache (D:\MassarBus\massarbus_driver\android\.gradle\9.1.0\fileHashes)" [_thread_blocked, id=5592, stack(0x000000496aa00000,0x000000496ab00000)]
  0x0000020c1591f8c0 JavaThread "Cache worker for Build Output Cleanup Cache (D:\MassarBus\massarbus_driver\android\.gradle\buildOutputCleanup)" [_thread_blocked, id=7656, stack(0x000000496ab00000,0x000000496ac00000)]
  0x0000020c15921720 JavaThread "File watcher server" daemon [_thread_in_native, id=124, stack(0x000000496ac00000,0x000000496ad00000)]
  0x0000020c159202e0 JavaThread "File watcher consumer" daemon [_thread_blocked, id=6004, stack(0x000000496ad00000,0x000000496ae00000)]
  0x0000020c174868c0 JavaThread "jar transforms" [_thread_blocked, id=17344, stack(0x000000496ae00000,0x000000496af00000)]
  0x0000020c1748c8f0 JavaThread "jar transforms Thread 2" [_thread_blocked, id=924, stack(0x000000496af00000,0x000000496b000000)]
  0x0000020c1748b9c0 JavaThread "jar transforms Thread 3" [_thread_blocked, id=10192, stack(0x000000496b000000,0x000000496b100000)]
  0x0000020c1748a070 JavaThread "Cache worker for checksums cache (D:\MassarBus\massarbus_driver\android\.gradle\9.1.0\checksums)" [_thread_blocked, id=8044, stack(0x000000496b100000,0x000000496b200000)]
  0x0000020c1748e240 JavaThread "Cache worker for file content cache (C:\Users\HP\.gradle\caches\9.1.0\fileContent)" [_thread_blocked, id=14900, stack(0x000000496b200000,0x000000496b300000)]
  0x0000020c1748d820 JavaThread "Cache worker for cache directory md-supplier (C:\Users\HP\.gradle\caches\9.1.0\md-supplier)" [_thread_blocked, id=9476, stack(0x000000496b300000,0x000000496b400000)]
  0x0000020c17489650 JavaThread "Cache worker for cache directory md-rule (C:\Users\HP\.gradle\caches\9.1.0\md-rule)" [_thread_blocked, id=3952, stack(0x000000496b400000,0x000000496b500000)]
  0x0000020c1748b4b0 JavaThread "jar transforms Thread 4" [_thread_blocked, id=8216, stack(0x000000496b500000,0x000000496b600000)]
  0x0000020c1748a580 JavaThread "Cache worker for Build Output Cleanup Cache (D:\flutter\packages\flutter_tools\gradle\.gradle\buildOutputCleanup)" [_thread_blocked, id=15584, stack(0x000000496b600000,0x000000496b700000)]
  0x0000020c17488c30 JavaThread "Unconstrained build operations" [_thread_blocked, id=10312, stack(0x000000496b700000,0x000000496b800000)]
  0x0000020c174877f0 JavaThread "Unconstrained build operations Thread 2" [_thread_blocked, id=15544, stack(0x000000496b800000,0x000000496b900000)]
  0x0000020c1748dd30 JavaThread "Unconstrained build operations Thread 3" [_thread_blocked, id=13488, stack(0x000000496b900000,0x000000496ba00000)]
  0x0000020c1748ce00 JavaThread "Unconstrained build operations Thread 4" [_thread_blocked, id=14480, stack(0x000000496bc00000,0x000000496bd00000)]
  0x0000020c17487d00 JavaThread "Unconstrained build operations Thread 5" [_thread_blocked, id=7492, stack(0x000000496bd00000,0x000000496be00000)]
  0x0000020c1748d310 JavaThread "Unconstrained build operations Thread 6" [_thread_blocked, id=16512, stack(0x000000496be00000,0x000000496bf00000)]
  0x0000020c17486dd0 JavaThread "Unconstrained build operations Thread 7" [_thread_blocked, id=660, stack(0x000000496bf00000,0x000000496c000000)]
  0x0000020c174872e0 JavaThread "Unconstrained build operations Thread 8" [_thread_blocked, id=14984, stack(0x000000496c000000,0x000000496c100000)]
  0x0000020c17488210 JavaThread "Unconstrained build operations Thread 9" [_thread_blocked, id=15520, stack(0x000000496c100000,0x000000496c200000)]
  0x0000020c17488720 JavaThread "Memory manager" [_thread_blocked, id=7880, stack(0x000000496c200000,0x000000496c300000)]
  0x0000020c17489b60 JavaThread "build event listener" [_thread_blocked, id=2304, stack(0x000000496c300000,0x000000496c400000)]
  0x0000020c16efe890 JavaThread "Execution worker" [_thread_blocked, id=7528, stack(0x000000496c500000,0x000000496c600000)]
  0x0000020c16efd960 JavaThread "Execution worker Thread 2" [_thread_blocked, id=16496, stack(0x000000496c600000,0x000000496c700000)]
  0x0000020c16ef8860 JavaThread "Execution worker Thread 3" [_thread_blocked, id=16288, stack(0x000000496c700000,0x000000496c800000)]
  0x0000020c16efcf40 JavaThread "Cache worker for execution history cache (D:\flutter\packages\flutter_tools\gradle\.gradle\9.1.0\executionHistory)" [_thread_blocked, id=16508, stack(0x000000496c800000,0x000000496c900000)]
  0x0000020c16efa1b0 JavaThread "Unconstrained build operations Thread 10" [_thread_blocked, id=3416, stack(0x000000496c900000,0x000000496ca00000)]
  0x0000020c16efabd0 JavaThread "Unconstrained build operations Thread 11" [_thread_blocked, id=12444, stack(0x000000496ca00000,0x000000496cb00000)]
  0x0000020c16ef7420 JavaThread "Unconstrained build operations Thread 12" [_thread_blocked, id=4760, stack(0x000000496cb00000,0x000000496cc00000)]
  0x0000020c16ef8d70 JavaThread "Unconstrained build operations Thread 13" [_thread_blocked, id=13820, stack(0x000000496cc00000,0x000000496cd00000)]
  0x0000020c16efeda0 JavaThread "Unconstrained build operations Thread 14" [_thread_blocked, id=17020, stack(0x000000496cd00000,0x000000496ce00000)]
  0x0000020c16efb0e0 JavaThread "Unconstrained build operations Thread 15" [_thread_blocked, id=6108, stack(0x000000496ce00000,0x000000496cf00000)]
  0x0000020c16efc010 JavaThread "Unconstrained build operations Thread 16" [_thread_blocked, id=17032, stack(0x000000496cf00000,0x000000496d000000)]
  0x0000020c16efbb00 JavaThread "Unconstrained build operations Thread 17" [_thread_blocked, id=5872, stack(0x000000496d000000,0x000000496d100000)]
  0x0000020c16ef7930 JavaThread "Unconstrained build operations Thread 18" [_thread_blocked, id=6788, stack(0x000000496d100000,0x000000496d200000)]
  0x0000020c16ef7e40 JavaThread "Unconstrained build operations Thread 19" [_thread_blocked, id=14744, stack(0x000000496d200000,0x000000496d300000)]
  0x0000020c16efc520 JavaThread "Unconstrained build operations Thread 20" [_thread_blocked, id=14120, stack(0x000000496d300000,0x000000496d400000)]
  0x0000020c16efca30 JavaThread "WorkerExecutor Queue" [_thread_blocked, id=16912, stack(0x000000496d400000,0x000000496d500000)]
  0x0000020c16efde70 JavaThread "RMI Scheduler(0)" daemon [_thread_blocked, id=8672, stack(0x000000496d500000,0x000000496d600000)]
  0x0000020c16ef9ca0 JavaThread "RMI GC Daemon" daemon [_thread_blocked, id=1472, stack(0x000000496d700000,0x000000496d800000)]
  0x0000020c16ef8350 JavaThread "RMI TCP Accept-0" daemon [_thread_in_native, id=14644, stack(0x000000496d800000,0x000000496d900000)]
  0x0000020c193b02c0 JavaThread "RMI Reaper" [_thread_blocked, id=15144, stack(0x000000496d900000,0x000000496da00000)]
  0x0000020c193b0ce0 JavaThread "Unconstrained build operations Thread 21" [_thread_blocked, id=5780, stack(0x0000004968600000,0x0000004968700000)]
  0x0000020c193af8a0 JavaThread "Unconstrained build operations Thread 22" [_thread_blocked, id=1696, stack(0x000000496db00000,0x000000496dc00000)]
  0x0000020c193b07d0 JavaThread "Unconstrained build operations Thread 23" [_thread_blocked, id=12864, stack(0x000000496dc00000,0x000000496dd00000)]
  0x0000020c193aee80 JavaThread "Unconstrained build operations Thread 24" [_thread_blocked, id=9776, stack(0x000000496d600000,0x000000496d700000)]
  0x0000020c193afdb0 JavaThread "Unconstrained build operations Thread 25" [_thread_blocked, id=7628, stack(0x000000496dd00000,0x000000496de00000)]
  0x0000020c193af390 JavaThread "Unconstrained build operations Thread 26" [_thread_blocked, id=15248, stack(0x000000496de00000,0x000000496df00000)]
  0x0000020c193b11f0 JavaThread "Unconstrained build operations Thread 27" [_thread_blocked, id=16468, stack(0x000000496df00000,0x000000496e000000)]
  0x0000020c193ae460 JavaThread "Unconstrained build operations Thread 28" [_thread_blocked, id=7756, stack(0x000000496e000000,0x000000496e100000)]
  0x0000020c193ada40 JavaThread "Unconstrained build operations Thread 29" [_thread_blocked, id=14276, stack(0x000000496e100000,0x000000496e200000)]
  0x0000020c18f84460 JavaThread "build event listener" [_thread_blocked, id=12868, stack(0x000000496ba00000,0x000000496bb00000)]
  0x0000020c18f867d0 JavaThread "build event listener" [_thread_blocked, id=3604, stack(0x000000496e300000,0x000000496e400000)]
  0x0000020c18f82600 JavaThread "Problems report writer" [_thread_blocked, id=7232, stack(0x0000004968500000,0x0000004968600000)]
  0x0000020c18f85db0 JavaThread "Unconstrained build operations Thread 30" [_thread_blocked, id=15832, stack(0x000000496e400000,0x000000496e500000)]
  0x0000020c18f87c10 JavaThread "Unconstrained build operations Thread 31" [_thread_blocked, id=11920, stack(0x000000496e500000,0x000000496e600000)]
  0x0000020c18f89050 JavaThread "Unconstrained build operations Thread 32" [_thread_blocked, id=16028, stack(0x000000496e600000,0x000000496e700000)]
  0x0000020c18f88120 JavaThread "Unconstrained build operations Thread 33" [_thread_blocked, id=8920, stack(0x000000496e700000,0x000000496e800000)]
  0x0000020c18f83f50 JavaThread "Unconstrained build operations Thread 34" [_thread_blocked, id=2280, stack(0x000000496e800000,0x000000496e900000)]
  0x0000020c18f89a70 JavaThread "Unconstrained build operations Thread 35" [_thread_blocked, id=12800, stack(0x000000496e900000,0x000000496ea00000)]
  0x0000020c18f82b10 JavaThread "Unconstrained build operations Thread 36" [_thread_blocked, id=9616, stack(0x000000496ea00000,0x000000496eb00000)]
  0x0000020c18b71b30 JavaThread "Unconstrained build operations Thread 37" [_thread_blocked, id=6140, stack(0x000000496eb00000,0x000000496ec00000)]
  0x0000020c18b73480 JavaThread "Unconstrained build operations Thread 38" [_thread_blocked, id=14068, stack(0x000000496ec00000,0x000000496ed00000)]
  0x0000020c18b706f0 JavaThread "Unconstrained build operations Thread 39" [_thread_blocked, id=9144, stack(0x000000496ed00000,0x000000496ee00000)]
  0x0000020c18b72a60 JavaThread "Unconstrained build operations Thread 40" [_thread_blocked, id=1420, stack(0x000000496ee00000,0x000000496ef00000)]
  0x0000020c18f84e80 JavaThread "File lock release action executor Thread 2" [_thread_blocked, id=7852, stack(0x000000496da00000,0x000000496db00000)]
  0x0000020c389fffd0 JavaThread "included builds Thread 2" [_thread_blocked, id=5056, stack(0x000000496ef00000,0x000000496f000000)]
  0x0000020c389feb90 JavaThread "Cache worker for execution history cache (D:\MassarBus\massarbus_driver\android\.gradle\9.1.0\executionHistory)" [_thread_blocked, id=7596, stack(0x000000496f000000,0x000000496f100000)]

Other Threads:
=>0x0000020bcca2c060 VMThread "VM Thread" [stack: 0x0000004968d00000,0x0000004968e00000] [id=388]
  0x0000020b8fcc2380 WatcherThread [stack: 0x0000004969900000,0x0000004969a00000] [id=11560]
  0x0000020b8fd6e070 GCTaskThread "GC Thread#0" [stack: 0x0000004968800000,0x0000004968900000] [id=14548]
  0x0000020c1423acf0 GCTaskThread "GC Thread#1" [stack: 0x0000004969a00000,0x0000004969b00000] [id=14880]
  0x0000020c1423afb0 GCTaskThread "GC Thread#2" [stack: 0x0000004969b00000,0x0000004969c00000] [id=2572]
  0x0000020c14e14060 GCTaskThread "GC Thread#3" [stack: 0x0000004969c00000,0x0000004969d00000] [id=10204]
  0x0000020bcc890080 ConcurrentGCThread "G1 Main Marker" [stack: 0x0000004968900000,0x0000004968a00000] [id=14420]
  0x0000020bcc890750 ConcurrentGCThread "G1 Conc#0" [stack: 0x0000004968a00000,0x0000004968b00000] [id=8760]
  0x0000020bcc8e6270 ConcurrentGCThread "G1 Refine#0" [stack: 0x0000004968b00000,0x0000004968c00000] [id=15396]
  0x0000020c16e26210 ConcurrentGCThread "G1 Refine#1" [stack: 0x0000004968400000,0x0000004968500000] [id=13400]
  0x0000020c1a4d3790 ConcurrentGCThread "G1 Refine#2" [stack: 0x000000496bb00000,0x000000496bc00000] [id=16516]
  0x0000020c1a4d31b0 ConcurrentGCThread "G1 Refine#3" [stack: 0x000000496c400000,0x000000496c500000] [id=15728]
  0x0000020bcc8e6a50 ConcurrentGCThread "G1 Service" [stack: 0x0000004968c00000,0x0000004968d00000] [id=4004]

Threads with active compile tasks:
C2 CompilerThread0   357686 22556       4       org.gradle.internal.reflect.annotations.impl.DefaultTypeAnnotationMetadataStore$HasAnnotationMetadataBuilder::resolveAnnotations (142 bytes)

VM state: at safepoint (normal execution)

VM Mutex/Monitor currently owned by a thread:  ([mutex/lock_event])
[0x0000020b8fcbc6d0] Threads_lock - owner thread: 0x0000020bcca2c060
[0x0000020b8fcbcc70] Heap_lock - owner thread: 0x0000020c1591fdd0

Heap address: 0x0000000600000000, size: 8192 MB, Compressed Oops mode: Zero based, Oop shift amount: 3

CDS archive(s) mapped at: [0x0000020bcf000000-0x0000020bcfbb0000-0x0000020bcfbb0000), size 12255232, SharedBaseAddress: 0x0000020bcf000000, ArchiveRelocationMode: 1.
Compressed class space mapped at: 0x0000020bd0000000-0x0000020c10000000, reserved size: 1073741824
Narrow klass base: 0x0000020bcf000000, Narrow klass shift: 0, Narrow klass range: 0x100000000

GC Precious Log:
 CPUs: 4 total, 4 available
 Memory: 8071M
 Large Page Support: Disabled
 NUMA Support: Disabled
 Compressed Oops: Enabled (Zero based)
 Heap Region Size: 4M
 Heap Min Capacity: 8M
 Heap Initial Capacity: 128M
 Heap Max Capacity: 8G
 Pre-touch: Disabled
 Parallel Workers: 4
 Concurrent Workers: 1
 Concurrent Refinement Workers: 4
 Periodic GC: Disabled

Heap:
 garbage-first heap   total 765952K, used 302190K [0x0000000600000000, 0x0000000800000000)
  region size 4096K, 1 young (4096K), 1 survivors (4096K)
 Metaspace       used 180027K, committed 181504K, reserved 1245184K
  class space    used 23705K, committed 24448K, reserved 1048576K

Heap Regions: E=young(eden), S=young(survivor), O=old, HS=humongous(starts), HC=humongous(continues), CS=collection set, F=free, OA=open archive, CA=closed archive, TAMS=top-at-mark-start (previous, next)
|   0|0x0000000600000000, 0x0000000600400000, 0x0000000600400000|100%|HS|  |TAMS 0x0000000600400000, 0x0000000600000000| Complete 
|   1|0x0000000600400000, 0x0000000600800000, 0x0000000600800000|100%| O|  |TAMS 0x0000000600800000, 0x0000000600400000| Untracked 
|   2|0x0000000600800000, 0x0000000600c00000, 0x0000000600c00000|100%| O|  |TAMS 0x0000000600c00000, 0x0000000600800000| Untracked 
|   3|0x0000000600c00000, 0x0000000601000000, 0x0000000601000000|100%| O|  |TAMS 0x0000000601000000, 0x0000000600c00000| Untracked 
|   4|0x0000000601000000, 0x0000000601400000, 0x0000000601400000|100%| O|  |TAMS 0x0000000601400000, 0x0000000601000000| Untracked 
|   5|0x0000000601400000, 0x0000000601800000, 0x0000000601800000|100%| O|  |TAMS 0x0000000601800000, 0x0000000601400000| Untracked 
|   6|0x0000000601800000, 0x0000000601c00000, 0x0000000601c00000|100%| O|  |TAMS 0x0000000601c00000, 0x0000000601800000| Untracked 
|   7|0x0000000601c00000, 0x0000000602000000, 0x0000000602000000|100%| O|  |TAMS 0x0000000602000000, 0x0000000601c00000| Untracked 
|   8|0x0000000602000000, 0x0000000602400000, 0x0000000602400000|100%| O|  |TAMS 0x0000000602400000, 0x0000000602000000| Untracked 
|   9|0x0000000602400000, 0x0000000602800000, 0x0000000602800000|100%| O|  |TAMS 0x0000000602800000, 0x0000000602400000| Untracked 
|  10|0x0000000602800000, 0x0000000602c00000, 0x0000000602c00000|100%| O|  |TAMS 0x0000000602c00000, 0x0000000602800000| Untracked 
|  11|0x0000000602c00000, 0x0000000603000000, 0x0000000603000000|100%| O|  |TAMS 0x0000000603000000, 0x0000000602c00000| Untracked 
|  12|0x0000000603000000, 0x0000000603400000, 0x0000000603400000|100%| O|  |TAMS 0x0000000603400000, 0x0000000603000000| Untracked 
|  13|0x0000000603400000, 0x0000000603800000, 0x0000000603800000|100%| O|  |TAMS 0x0000000603800000, 0x0000000603400000| Untracked 
|  14|0x0000000603800000, 0x0000000603c00000, 0x0000000603c00000|100%| O|  |TAMS 0x0000000603c00000, 0x0000000603800000| Untracked 
|  15|0x0000000603c00000, 0x0000000604000000, 0x0000000604000000|100%| O|  |TAMS 0x0000000604000000, 0x0000000603c00000| Untracked 
|  16|0x0000000604000000, 0x0000000604400000, 0x0000000604400000|100%| O|  |TAMS 0x0000000604400000, 0x0000000604000000| Untracked 
|  17|0x0000000604400000, 0x0000000604800000, 0x0000000604800000|100%| O|  |TAMS 0x0000000604800000, 0x0000000604400000| Untracked 
|  18|0x0000000604800000, 0x0000000604c00000, 0x0000000604c00000|100%| O|  |TAMS 0x0000000604c00000, 0x0000000604800000| Untracked 
|  19|0x0000000604c00000, 0x0000000605000000, 0x0000000605000000|100%| O|  |TAMS 0x0000000605000000, 0x0000000604c00000| Untracked 
|  20|0x0000000605000000, 0x0000000605400000, 0x0000000605400000|100%| O|  |TAMS 0x0000000605400000, 0x0000000605000000| Untracked 
|  21|0x0000000605400000, 0x0000000605800000, 0x0000000605800000|100%| O|  |TAMS 0x0000000605800000, 0x0000000605400000| Untracked 
|  22|0x0000000605800000, 0x0000000605c00000, 0x0000000605c00000|100%| O|  |TAMS 0x0000000605c00000, 0x0000000605800000| Untracked 
|  23|0x0000000605c00000, 0x0000000606000000, 0x0000000606000000|100%| O|  |TAMS 0x0000000606000000, 0x0000000605c00000| Untracked 
|  24|0x0000000606000000, 0x0000000606400000, 0x0000000606400000|100%| O|  |TAMS 0x0000000606400000, 0x0000000606000000| Untracked 
|  25|0x0000000606400000, 0x0000000606800000, 0x0000000606800000|100%| O|  |TAMS 0x0000000606800000, 0x0000000606400000| Untracked 
|  26|0x0000000606800000, 0x0000000606c00000, 0x0000000606c00000|100%| O|  |TAMS 0x0000000606c00000, 0x0000000606800000| Untracked 
|  27|0x0000000606c00000, 0x0000000607000000, 0x0000000607000000|100%| O|  |TAMS 0x0000000607000000, 0x0000000606c00000| Untracked 
|  28|0x0000000607000000, 0x0000000607400000, 0x0000000607400000|100%| O|  |TAMS 0x0000000607400000, 0x0000000607000000| Untracked 
|  29|0x0000000607400000, 0x0000000607800000, 0x0000000607800000|100%| O|  |TAMS 0x0000000607800000, 0x0000000607400000| Untracked 
|  30|0x0000000607800000, 0x0000000607c00000, 0x0000000607c00000|100%| O|  |TAMS 0x0000000607c00000, 0x0000000607800000| Untracked 
|  31|0x0000000607c00000, 0x0000000608000000, 0x0000000608000000|100%| O|  |TAMS 0x0000000608000000, 0x0000000607c00000| Untracked 
|  32|0x0000000608000000, 0x0000000608400000, 0x0000000608400000|100%| O|  |TAMS 0x0000000608400000, 0x0000000608000000| Untracked 
|  33|0x0000000608400000, 0x0000000608800000, 0x0000000608800000|100%| O|  |TAMS 0x0000000608800000, 0x0000000608400000| Untracked 
|  34|0x0000000608800000, 0x0000000608c00000, 0x0000000608c00000|100%| O|  |TAMS 0x0000000608c00000, 0x0000000608800000| Untracked 
|  35|0x0000000608c00000, 0x0000000609000000, 0x0000000609000000|100%| O|  |TAMS 0x0000000609000000, 0x0000000608c00000| Untracked 
|  36|0x0000000609000000, 0x0000000609400000, 0x0000000609400000|100%| O|  |TAMS 0x0000000609400000, 0x0000000609000000| Untracked 
|  37|0x0000000609400000, 0x0000000609800000, 0x0000000609800000|100%| O|  |TAMS 0x0000000609800000, 0x0000000609400000| Untracked 
|  38|0x0000000609800000, 0x0000000609c00000, 0x0000000609c00000|100%| O|  |TAMS 0x0000000609800000, 0x0000000609800000| Untracked 
|  39|0x0000000609c00000, 0x000000060a000000, 0x000000060a000000|100%| O|  |TAMS 0x0000000609c00000, 0x0000000609c00000| Untracked 
|  40|0x000000060a000000, 0x000000060a400000, 0x000000060a400000|100%| O|  |TAMS 0x000000060a000000, 0x000000060a000000| Untracked 
|  41|0x000000060a400000, 0x000000060a4c1200, 0x000000060a800000| 18%| O|  |TAMS 0x000000060a400000, 0x000000060a400000| Untracked 
|  42|0x000000060a800000, 0x000000060a800000, 0x000000060ac00000|  0%| F|  |TAMS 0x000000060a800000, 0x000000060a800000| Untracked 
|  43|0x000000060ac00000, 0x000000060b000000, 0x000000060b000000|100%| O|  |TAMS 0x000000060b000000, 0x000000060ac00000| Untracked 
|  44|0x000000060b000000, 0x000000060b400000, 0x000000060b400000|100%| O|  |TAMS 0x000000060b400000, 0x000000060b000000| Untracked 
|  45|0x000000060b400000, 0x000000060b400000, 0x000000060b800000|  0%| F|  |TAMS 0x000000060b400000, 0x000000060b400000| Untracked 
|  46|0x000000060b800000, 0x000000060b800000, 0x000000060bc00000|  0%| F|  |TAMS 0x000000060b800000, 0x000000060b800000| Untracked 
|  47|0x000000060bc00000, 0x000000060c000000, 0x000000060c000000|100%| O|  |TAMS 0x000000060c000000, 0x000000060bc00000| Untracked 
|  48|0x000000060c000000, 0x000000060c400000, 0x000000060c400000|100%| O|  |TAMS 0x000000060c400000, 0x000000060c000000| Untracked 
|  49|0x000000060c400000, 0x000000060c800000, 0x000000060c800000|100%| O|  |TAMS 0x000000060c800000, 0x000000060c400000| Untracked 
|  50|0x000000060c800000, 0x000000060cc00000, 0x000000060cc00000|100%| O|  |TAMS 0x000000060cc00000, 0x000000060c800000| Untracked 
|  51|0x000000060cc00000, 0x000000060cc00000, 0x000000060d000000|  0%| F|  |TAMS 0x000000060cc00000, 0x000000060cc00000| Untracked 
|  52|0x000000060d000000, 0x000000060d000000, 0x000000060d400000|  0%| F|  |TAMS 0x000000060d000000, 0x000000060d000000| Untracked 
|  53|0x000000060d400000, 0x000000060d400000, 0x000000060d800000|  0%| F|  |TAMS 0x000000060d400000, 0x000000060d400000| Untracked 
|  54|0x000000060d800000, 0x000000060dc00000, 0x000000060dc00000|100%| O|  |TAMS 0x000000060dc00000, 0x000000060d800000| Untracked 
|  55|0x000000060dc00000, 0x000000060e000000, 0x000000060e000000|100%| O|  |TAMS 0x000000060e000000, 0x000000060dc00000| Untracked 
|  56|0x000000060e000000, 0x000000060e400000, 0x000000060e400000|100%| O|  |TAMS 0x000000060e400000, 0x000000060e000000| Untracked 
|  57|0x000000060e400000, 0x000000060e800000, 0x000000060e800000|100%| O|  |TAMS 0x000000060e800000, 0x000000060e400000| Untracked 
|  58|0x000000060e800000, 0x000000060ec00000, 0x000000060ec00000|100%| O|  |TAMS 0x000000060ec00000, 0x000000060e800000| Untracked 
|  59|0x000000060ec00000, 0x000000060f000000, 0x000000060f000000|100%| O|  |TAMS 0x000000060f000000, 0x000000060ec00000| Untracked 
|  60|0x000000060f000000, 0x000000060f400000, 0x000000060f400000|100%| O|  |TAMS 0x000000060f400000, 0x000000060f000000| Untracked 
|  61|0x000000060f400000, 0x000000060f800000, 0x000000060f800000|100%| O|  |TAMS 0x000000060f800000, 0x000000060f400000| Untracked 
|  62|0x000000060f800000, 0x000000060fc00000, 0x000000060fc00000|100%| O|  |TAMS 0x000000060fc00000, 0x000000060f800000| Untracked 
|  63|0x000000060fc00000, 0x0000000610000000, 0x0000000610000000|100%| O|  |TAMS 0x0000000610000000, 0x000000060fc00000| Untracked 
|  64|0x0000000610000000, 0x0000000610400000, 0x0000000610400000|100%| O|  |TAMS 0x0000000610400000, 0x0000000610000000| Untracked 
|  65|0x0000000610400000, 0x0000000610800000, 0x0000000610800000|100%| O|  |TAMS 0x0000000610800000, 0x0000000610400000| Untracked 
|  66|0x0000000610800000, 0x0000000610c00000, 0x0000000610c00000|100%| O|  |TAMS 0x0000000610c00000, 0x0000000610800000| Untracked 
|  67|0x0000000610c00000, 0x0000000611000000, 0x0000000611000000|100%| O|  |TAMS 0x0000000611000000, 0x0000000610c00000| Untracked 
|  68|0x0000000611000000, 0x0000000611400000, 0x0000000611400000|100%| O|  |TAMS 0x0000000611400000, 0x0000000611000000| Untracked 
|  69|0x0000000611400000, 0x0000000611800000, 0x0000000611800000|100%| O|  |TAMS 0x0000000611800000, 0x0000000611400000| Untracked 
|  70|0x0000000611800000, 0x0000000611c00000, 0x0000000611c00000|100%| O|  |TAMS 0x0000000611c00000, 0x0000000611800000| Untracked 
|  71|0x0000000611c00000, 0x0000000612000000, 0x0000000612000000|100%| O|  |TAMS 0x0000000612000000, 0x0000000611c00000| Untracked 
|  72|0x0000000612000000, 0x0000000612400000, 0x0000000612400000|100%| O|  |TAMS 0x0000000612400000, 0x0000000612000000| Untracked 
|  73|0x0000000612400000, 0x0000000612800000, 0x0000000612800000|100%| O|  |TAMS 0x0000000612800000, 0x0000000612400000| Untracked 
|  74|0x0000000612800000, 0x0000000612c00000, 0x0000000612c00000|100%| O|  |TAMS 0x0000000612c00000, 0x0000000612800000| Untracked 
|  75|0x0000000612c00000, 0x0000000613000000, 0x0000000613000000|100%| O|  |TAMS 0x0000000612d11a00, 0x0000000612c00000| Untracked 
|  76|0x0000000613000000, 0x0000000613400000, 0x0000000613400000|100%| O|  |TAMS 0x0000000613000000, 0x0000000613000000| Untracked 
|  77|0x0000000613400000, 0x0000000613800000, 0x0000000613800000|100%| O|  |TAMS 0x0000000613400000, 0x0000000613400000| Untracked 
|  78|0x0000000613800000, 0x0000000613c00000, 0x0000000613c00000|100%| O|  |TAMS 0x0000000613800000, 0x0000000613800000| Untracked 
|  79|0x0000000613c00000, 0x0000000614000000, 0x0000000614000000|100%| O|  |TAMS 0x0000000613c00000, 0x0000000613c00000| Untracked 
|  80|0x0000000614000000, 0x0000000614000000, 0x0000000614400000|  0%| F|  |TAMS 0x0000000614000000, 0x0000000614000000| Untracked 
|  81|0x0000000614400000, 0x0000000614400000, 0x0000000614800000|  0%| F|  |TAMS 0x0000000614400000, 0x0000000614400000| Untracked 
|  82|0x0000000614800000, 0x0000000614800000, 0x0000000614c00000|  0%| F|  |TAMS 0x0000000614800000, 0x0000000614800000| Untracked 
|  83|0x0000000614c00000, 0x0000000614c00000, 0x0000000615000000|  0%| F|  |TAMS 0x0000000614c00000, 0x0000000614c00000| Untracked 
|  84|0x0000000615000000, 0x0000000615000000, 0x0000000615400000|  0%| F|  |TAMS 0x0000000615000000, 0x0000000615000000| Untracked 
|  85|0x0000000615400000, 0x0000000615400000, 0x0000000615800000|  0%| F|  |TAMS 0x0000000615400000, 0x0000000615400000| Untracked 
|  86|0x0000000615800000, 0x0000000615800000, 0x0000000615c00000|  0%| F|  |TAMS 0x0000000615800000, 0x0000000615800000| Untracked 
|  87|0x0000000615c00000, 0x0000000615c00000, 0x0000000616000000|  0%| F|  |TAMS 0x0000000615c00000, 0x0000000615c00000| Untracked 
|  88|0x0000000616000000, 0x0000000616000000, 0x0000000616400000|  0%| F|  |TAMS 0x0000000616000000, 0x0000000616000000| Untracked 
|  89|0x0000000616400000, 0x0000000616400000, 0x0000000616800000|  0%| F|  |TAMS 0x0000000616400000, 0x0000000616400000| Untracked 
|  90|0x0000000616800000, 0x0000000616800000, 0x0000000616c00000|  0%| F|  |TAMS 0x0000000616800000, 0x0000000616800000| Untracked 
|  91|0x0000000616c00000, 0x0000000616c00000, 0x0000000617000000|  0%| F|  |TAMS 0x0000000616c00000, 0x0000000616c00000| Untracked 
|  92|0x0000000617000000, 0x0000000617000000, 0x0000000617400000|  0%| F|  |TAMS 0x0000000617000000, 0x0000000617000000| Untracked 
|  93|0x0000000617400000, 0x0000000617400000, 0x0000000617800000|  0%| F|  |TAMS 0x0000000617400000, 0x0000000617400000| Untracked 
|  94|0x0000000617800000, 0x0000000617800000, 0x0000000617c00000|  0%| F|  |TAMS 0x0000000617800000, 0x0000000617800000| Untracked 
|  95|0x0000000617c00000, 0x0000000617c00000, 0x0000000618000000|  0%| F|  |TAMS 0x0000000617c00000, 0x0000000617c00000| Untracked 
|  96|0x0000000618000000, 0x0000000618000000, 0x0000000618400000|  0%| F|  |TAMS 0x0000000618000000, 0x0000000618000000| Untracked 
|  97|0x0000000618400000, 0x0000000618400000, 0x0000000618800000|  0%| F|  |TAMS 0x0000000618400000, 0x0000000618400000| Untracked 
|  98|0x0000000618800000, 0x0000000618800000, 0x0000000618c00000|  0%| F|  |TAMS 0x0000000618800000, 0x0000000618800000| Untracked 
|  99|0x0000000618c00000, 0x0000000618c00000, 0x0000000619000000|  0%| F|  |TAMS 0x0000000618c00000, 0x0000000618c00000| Untracked 
| 100|0x0000000619000000, 0x0000000619000000, 0x0000000619400000|  0%| F|  |TAMS 0x0000000619000000, 0x0000000619000000| Untracked 
| 101|0x0000000619400000, 0x0000000619400000, 0x0000000619800000|  0%| F|  |TAMS 0x0000000619400000, 0x0000000619400000| Untracked 
| 102|0x0000000619800000, 0x0000000619800000, 0x0000000619c00000|  0%| F|  |TAMS 0x0000000619800000, 0x0000000619800000| Untracked 
| 103|0x0000000619c00000, 0x0000000619c00000, 0x000000061a000000|  0%| F|  |TAMS 0x0000000619c00000, 0x0000000619c00000| Untracked 
| 104|0x000000061a000000, 0x000000061a000000, 0x000000061a400000|  0%| F|  |TAMS 0x000000061a000000, 0x000000061a000000| Untracked 
| 105|0x000000061a400000, 0x000000061a400000, 0x000000061a800000|  0%| F|  |TAMS 0x000000061a400000, 0x000000061a400000| Untracked 
| 106|0x000000061a800000, 0x000000061a800000, 0x000000061ac00000|  0%| F|  |TAMS 0x000000061a800000, 0x000000061a800000| Untracked 
| 107|0x000000061ac00000, 0x000000061ac00000, 0x000000061b000000|  0%| F|  |TAMS 0x000000061ac00000, 0x000000061ac00000| Untracked 
| 108|0x000000061b000000, 0x000000061b000000, 0x000000061b400000|  0%| F|  |TAMS 0x000000061b000000, 0x000000061b000000| Untracked 
| 109|0x000000061b400000, 0x000000061b400000, 0x000000061b800000|  0%| F|  |TAMS 0x000000061b400000, 0x000000061b400000| Untracked 
| 110|0x000000061b800000, 0x000000061b800000, 0x000000061bc00000|  0%| F|  |TAMS 0x000000061b800000, 0x000000061b800000| Untracked 
| 111|0x000000061bc00000, 0x000000061bc00000, 0x000000061c000000|  0%| F|  |TAMS 0x000000061bc00000, 0x000000061bc00000| Untracked 
| 112|0x000000061c000000, 0x000000061c000000, 0x000000061c400000|  0%| F|  |TAMS 0x000000061c000000, 0x000000061c000000| Untracked 
| 113|0x000000061c400000, 0x000000061c400000, 0x000000061c800000|  0%| F|  |TAMS 0x000000061c400000, 0x000000061c400000| Untracked 
| 114|0x000000061c800000, 0x000000061c800000, 0x000000061cc00000|  0%| F|  |TAMS 0x000000061c800000, 0x000000061c800000| Untracked 
| 115|0x000000061cc00000, 0x000000061cc00000, 0x000000061d000000|  0%| F|  |TAMS 0x000000061cc00000, 0x000000061cc00000| Untracked 
| 116|0x000000061d000000, 0x000000061d000000, 0x000000061d400000|  0%| F|  |TAMS 0x000000061d000000, 0x000000061d000000| Untracked 
| 117|0x000000061d400000, 0x000000061d400000, 0x000000061d800000|  0%| F|  |TAMS 0x000000061d400000, 0x000000061d400000| Untracked 
| 118|0x000000061d800000, 0x000000061d800000, 0x000000061dc00000|  0%| F|  |TAMS 0x000000061d800000, 0x000000061d800000| Untracked 
| 119|0x000000061dc00000, 0x000000061dc00000, 0x000000061e000000|  0%| F|  |TAMS 0x000000061dc00000, 0x000000061dc00000| Untracked 
| 120|0x000000061e000000, 0x000000061e000000, 0x000000061e400000|  0%| F|  |TAMS 0x000000061e000000, 0x000000061e000000| Untracked 
| 121|0x000000061e400000, 0x000000061e400000, 0x000000061e800000|  0%| F|  |TAMS 0x000000061e400000, 0x000000061e400000| Untracked 
| 122|0x000000061e800000, 0x000000061e800000, 0x000000061ec00000|  0%| F|  |TAMS 0x000000061e800000, 0x000000061e800000| Untracked 
| 123|0x000000061ec00000, 0x000000061ec00000, 0x000000061f000000|  0%| F|  |TAMS 0x000000061ec00000, 0x000000061ec00000| Untracked 
| 124|0x000000061f000000, 0x000000061f000000, 0x000000061f400000|  0%| F|  |TAMS 0x000000061f000000, 0x000000061f000000| Untracked 
| 125|0x000000061f400000, 0x000000061f400000, 0x000000061f800000|  0%| F|  |TAMS 0x000000061f400000, 0x000000061f400000| Untracked 
| 126|0x000000061f800000, 0x000000061f800000, 0x000000061fc00000|  0%| F|  |TAMS 0x000000061f800000, 0x000000061f800000| Untracked 
| 127|0x000000061fc00000, 0x000000061fc00000, 0x0000000620000000|  0%| F|  |TAMS 0x000000061fc00000, 0x000000061fc00000| Untracked 
| 128|0x0000000620000000, 0x0000000620000000, 0x0000000620400000|  0%| F|  |TAMS 0x0000000620000000, 0x0000000620000000| Untracked 
| 129|0x0000000620400000, 0x0000000620400000, 0x0000000620800000|  0%| F|  |TAMS 0x0000000620400000, 0x0000000620400000| Untracked 
| 130|0x0000000620800000, 0x0000000620800000, 0x0000000620c00000|  0%| F|  |TAMS 0x0000000620800000, 0x0000000620800000| Untracked 
| 131|0x0000000620c00000, 0x0000000620c00000, 0x0000000621000000|  0%| F|  |TAMS 0x0000000620c00000, 0x0000000620c00000| Untracked 
| 132|0x0000000621000000, 0x0000000621000000, 0x0000000621400000|  0%| F|  |TAMS 0x0000000621000000, 0x0000000621000000| Untracked 
| 133|0x0000000621400000, 0x0000000621400000, 0x0000000621800000|  0%| F|  |TAMS 0x0000000621400000, 0x0000000621400000| Untracked 
| 134|0x0000000621800000, 0x0000000621800000, 0x0000000621c00000|  0%| F|  |TAMS 0x0000000621800000, 0x0000000621800000| Untracked 
| 135|0x0000000621c00000, 0x0000000621c00000, 0x0000000622000000|  0%| F|  |TAMS 0x0000000621c00000, 0x0000000621c00000| Untracked 
| 136|0x0000000622000000, 0x0000000622000000, 0x0000000622400000|  0%| F|  |TAMS 0x0000000622000000, 0x0000000622000000| Untracked 
| 137|0x0000000622400000, 0x0000000622400000, 0x0000000622800000|  0%| F|  |TAMS 0x0000000622400000, 0x0000000622400000| Untracked 
| 138|0x0000000622800000, 0x0000000622800000, 0x0000000622c00000|  0%| F|  |TAMS 0x0000000622800000, 0x0000000622800000| Untracked 
| 139|0x0000000622c00000, 0x0000000622c00000, 0x0000000623000000|  0%| F|  |TAMS 0x0000000622c00000, 0x0000000622c00000| Untracked 
| 140|0x0000000623000000, 0x0000000623000000, 0x0000000623400000|  0%| F|  |TAMS 0x0000000623000000, 0x0000000623000000| Untracked 
| 141|0x0000000623400000, 0x0000000623400000, 0x0000000623800000|  0%| F|  |TAMS 0x0000000623400000, 0x0000000623400000| Untracked 
| 142|0x0000000623800000, 0x0000000623800000, 0x0000000623c00000|  0%| F|  |TAMS 0x0000000623800000, 0x0000000623800000| Untracked 
| 143|0x0000000623c00000, 0x0000000623c00000, 0x0000000624000000|  0%| F|  |TAMS 0x0000000623c00000, 0x0000000623c00000| Untracked 
| 144|0x0000000624000000, 0x0000000624000000, 0x0000000624400000|  0%| F|  |TAMS 0x0000000624000000, 0x0000000624000000| Untracked 
| 145|0x0000000624400000, 0x0000000624400000, 0x0000000624800000|  0%| F|  |TAMS 0x0000000624400000, 0x0000000624400000| Untracked 
| 146|0x0000000624800000, 0x0000000624800000, 0x0000000624c00000|  0%| F|  |TAMS 0x0000000624800000, 0x0000000624800000| Untracked 
| 147|0x0000000624c00000, 0x0000000624c00000, 0x0000000625000000|  0%| F|  |TAMS 0x0000000624c00000, 0x0000000624c00000| Untracked 
| 148|0x0000000625000000, 0x0000000625000000, 0x0000000625400000|  0%| F|  |TAMS 0x0000000625000000, 0x0000000625000000| Untracked 
| 149|0x0000000625400000, 0x0000000625400000, 0x0000000625800000|  0%| F|  |TAMS 0x0000000625400000, 0x0000000625400000| Untracked 
| 150|0x0000000625800000, 0x0000000625800000, 0x0000000625c00000|  0%| F|  |TAMS 0x0000000625800000, 0x0000000625800000| Untracked 
| 151|0x0000000625c00000, 0x0000000625c00000, 0x0000000626000000|  0%| F|  |TAMS 0x0000000625c00000, 0x0000000625c00000| Untracked 
| 152|0x0000000626000000, 0x0000000626000000, 0x0000000626400000|  0%| F|  |TAMS 0x0000000626000000, 0x0000000626000000| Untracked 
| 153|0x0000000626400000, 0x0000000626400000, 0x0000000626800000|  0%| F|  |TAMS 0x0000000626400000, 0x0000000626400000| Untracked 
| 154|0x0000000626800000, 0x0000000626800000, 0x0000000626c00000|  0%| F|  |TAMS 0x0000000626800000, 0x0000000626800000| Untracked 
| 155|0x0000000626c00000, 0x0000000626c00000, 0x0000000627000000|  0%| F|  |TAMS 0x0000000626c00000, 0x0000000626c00000| Untracked 
| 156|0x0000000627000000, 0x0000000627000000, 0x0000000627400000|  0%| F|  |TAMS 0x0000000627000000, 0x0000000627000000| Untracked 
| 157|0x0000000627400000, 0x0000000627400000, 0x0000000627800000|  0%| F|  |TAMS 0x0000000627400000, 0x0000000627400000| Untracked 
| 158|0x0000000627800000, 0x0000000627800000, 0x0000000627c00000|  0%| F|  |TAMS 0x0000000627800000, 0x0000000627800000| Untracked 
| 159|0x0000000627c00000, 0x0000000627c00000, 0x0000000628000000|  0%| F|  |TAMS 0x0000000627c00000, 0x0000000627c00000| Untracked 
| 160|0x0000000628000000, 0x0000000628000000, 0x0000000628400000|  0%| F|  |TAMS 0x0000000628000000, 0x0000000628000000| Untracked 
| 161|0x0000000628400000, 0x0000000628400000, 0x0000000628800000|  0%| F|  |TAMS 0x0000000628400000, 0x0000000628400000| Untracked 
| 162|0x0000000628800000, 0x0000000628800000, 0x0000000628c00000|  0%| F|  |TAMS 0x0000000628800000, 0x0000000628800000| Untracked 
| 163|0x0000000628c00000, 0x0000000628c00000, 0x0000000629000000|  0%| F|  |TAMS 0x0000000628c00000, 0x0000000628c00000| Untracked 
| 164|0x0000000629000000, 0x0000000629000000, 0x0000000629400000|  0%| F|  |TAMS 0x0000000629000000, 0x0000000629000000| Untracked 
| 165|0x0000000629400000, 0x0000000629400000, 0x0000000629800000|  0%| F|  |TAMS 0x0000000629400000, 0x0000000629400000| Untracked 
| 166|0x0000000629800000, 0x0000000629800000, 0x0000000629c00000|  0%| F|  |TAMS 0x0000000629800000, 0x0000000629800000| Untracked 
| 167|0x0000000629c00000, 0x0000000629c00000, 0x000000062a000000|  0%| F|  |TAMS 0x0000000629c00000, 0x0000000629c00000| Untracked 
| 168|0x000000062a000000, 0x000000062a000000, 0x000000062a400000|  0%| F|  |TAMS 0x000000062a000000, 0x000000062a000000| Untracked 
| 169|0x000000062a400000, 0x000000062a400000, 0x000000062a800000|  0%| F|  |TAMS 0x000000062a400000, 0x000000062a400000| Untracked 
| 170|0x000000062a800000, 0x000000062a800000, 0x000000062ac00000|  0%| F|  |TAMS 0x000000062a800000, 0x000000062a800000| Untracked 
| 171|0x000000062ac00000, 0x000000062ac00000, 0x000000062b000000|  0%| F|  |TAMS 0x000000062ac00000, 0x000000062ac00000| Untracked 
| 172|0x000000062b000000, 0x000000062b000000, 0x000000062b400000|  0%| F|  |TAMS 0x000000062b000000, 0x000000062b000000| Untracked 
| 173|0x000000062b400000, 0x000000062b400000, 0x000000062b800000|  0%| F|  |TAMS 0x000000062b400000, 0x000000062b400000| Untracked 
| 174|0x000000062b800000, 0x000000062b800000, 0x000000062bc00000|  0%| F|  |TAMS 0x000000062b800000, 0x000000062b800000| Untracked 
| 175|0x000000062bc00000, 0x000000062bc00000, 0x000000062c000000|  0%| F|  |TAMS 0x000000062bc00000, 0x000000062bc00000| Untracked 
| 176|0x000000062c000000, 0x000000062c000000, 0x000000062c400000|  0%| F|  |TAMS 0x000000062c000000, 0x000000062c000000| Untracked 
| 177|0x000000062c400000, 0x000000062c400000, 0x000000062c800000|  0%| F|  |TAMS 0x000000062c400000, 0x000000062c400000| Untracked 
| 178|0x000000062c800000, 0x000000062c800000, 0x000000062cc00000|  0%| F|  |TAMS 0x000000062c800000, 0x000000062c800000| Untracked 
| 179|0x000000062cc00000, 0x000000062cc00000, 0x000000062d000000|  0%| F|  |TAMS 0x000000062cc00000, 0x000000062cc00000| Untracked 
| 180|0x000000062d000000, 0x000000062d000000, 0x000000062d400000|  0%| F|  |TAMS 0x000000062d000000, 0x000000062d000000| Untracked 
| 181|0x000000062d400000, 0x000000062d65a860, 0x000000062d800000| 58%| S|CS|TAMS 0x000000062d400000, 0x000000062d400000| Complete 
| 182|0x000000062d800000, 0x000000062d800000, 0x000000062dc00000|  0%| F|  |TAMS 0x000000062d800000, 0x000000062d800000| Untracked 
| 183|0x000000062dc00000, 0x000000062dc00000, 0x000000062e000000|  0%| F|  |TAMS 0x000000062dc00000, 0x000000062dc00000| Untracked 
| 184|0x000000062e000000, 0x000000062e000000, 0x000000062e400000|  0%| F|  |TAMS 0x000000062e000000, 0x000000062e000000| Untracked 
| 185|0x000000062e400000, 0x000000062e400000, 0x000000062e800000|  0%| F|  |TAMS 0x000000062e400000, 0x000000062e400000| Untracked 
| 186|0x000000062e800000, 0x000000062e800000, 0x000000062ec00000|  0%| F|  |TAMS 0x000000062e800000, 0x000000062e800000| Untracked 

Card table byte_map: [0x0000020bba840000,0x0000020bbb840000] _byte_map_base: 0x0000020bb7840000

Marking Bits (Prev, Next): (CMBitMap*) 0x0000020b8fd6e480, (CMBitMap*) 0x0000020b8fd6e440
 Prev Bits: [0x0000020bc4840000, 0x0000020bcc840000)
 Next Bits: [0x0000020bbc840000, 0x0000020bc4840000)

Polling page: 0x0000020b8fa90000

Metaspace:

Usage:
  Non-class:    152.66 MB used.
      Class:     23.15 MB used.
       Both:    175.81 MB used.

Virtual space:
  Non-class space:      192.00 MB reserved,     153.38 MB ( 80%) committed,  3 nodes.
      Class space:        1.00 GB reserved,      23.88 MB (  2%) committed,  1 nodes.
             Both:        1.19 GB reserved,     177.25 MB ( 15%) committed. 

Chunk freelists:
   Non-Class:  6.20 MB
       Class:  8.11 MB
        Both:  14.31 MB

MaxMetaspaceSize: 4.00 GB
CompressedClassSpaceSize: 1.00 GB
Initial GC threshold: 21.00 MB
Current GC threshold: 286.56 MB
CDS: on
MetaspaceReclaimPolicy: balanced
 - commit_granule_bytes: 65536.
 - commit_granule_words: 8192.
 - virtual_space_node_default_size: 8388608.
 - enlarge_chunks_in_place: 1.
 - new_chunks_are_fully_committed: 0.
 - uncommit_free_chunks: 1.
 - use_allocation_guard: 0.
 - handle_deallocations: 1.


Internal statistics:

num_allocs_failed_limit: 27.
num_arena_births: 2318.
num_arena_deaths: 0.
num_vsnodes_births: 4.
num_vsnodes_deaths: 0.
num_space_committed: 2835.
num_space_uncommitted: 0.
num_chunks_returned_to_freelist: 27.
num_chunks_taken_from_freelist: 9988.
num_chunk_merges: 24.
num_chunk_splits: 6937.
num_chunks_enlarged: 4913.
num_inconsistent_stats: 0.

CodeHeap 'non-profiled nmethods': size=259264Kb used=13222Kb max_used=13222Kb free=246041Kb
 bounds [0x0000020ba92d0000, 0x0000020ba9fc0000, 0x0000020bb9000000]
CodeHeap 'profiled nmethods': size=259264Kb used=43455Kb max_used=43455Kb free=215809Kb
 bounds [0x0000020b99000000, 0x0000020b9ba70000, 0x0000020ba8d30000]
CodeHeap 'non-nmethods': size=5760Kb used=2003Kb max_used=2085Kb free=3756Kb
 bounds [0x0000020ba8d30000, 0x0000020ba8fa0000, 0x0000020ba92d0000]
 total_blobs=20204 nmethods=19050 adapters=1063
 compilation: enabled
              stopped_count=0, restarted_count=0
 full_count=0

Compilation events (20 events):
Event: 357.186 Thread 0x0000020c140280e0 22545       3       java.util.Collections$UnmodifiableMap::<init> (22 bytes)
Event: 357.186 Thread 0x0000020c140280e0 nmethod 22545 0x0000020b9ba65b10 code [0x0000020b9ba65cc0, 0x0000020b9ba65f88]
Event: 357.187 Thread 0x0000020c140280e0 22546       1       com.google.crypto.tink.internal.PrimitiveFactory::getPrimitiveClass (5 bytes)
Event: 357.187 Thread 0x0000020c140280e0 nmethod 22546 0x0000020ba9fb0a10 code [0x0000020ba9fb0ba0, 0x0000020ba9fb0c78]
Event: 357.219 Thread 0x0000020c140280e0 22549       3       org.gradle.plugins.ide.internal.tooling.ToolingModelBuilderSupport::buildFromTask (78 bytes)
Event: 357.221 Thread 0x0000020c140280e0 nmethod 22549 0x0000020b9ba66090 code [0x0000020b9ba663a0, 0x0000020b9ba67fc8]
Event: 357.221 Thread 0x0000020c140280e0 22550       3       com.android.build.gradle.internal.scope.MutableTaskContainer::getPreBuildTask (17 bytes)
Event: 357.222 Thread 0x0000020c140280e0 nmethod 22550 0x0000020b9ba68710 code [0x0000020b9ba68980, 0x0000020b9ba69218]
Event: 357.267 Thread 0x0000020c140280e0 22553       3       com.android.build.gradle.internal.tasks.factory.VariantTaskCreationAction::configure (80 bytes)
Event: 357.272 Thread 0x0000020c140280e0 nmethod 22553 0x0000020b9ba69590 code [0x0000020b9ba69c40, 0x0000020b9ba6d578]
Event: 357.358 Thread 0x0000020c140280e0 22555       3       java.lang.System$2::getEnumConstantsShared (8 bytes)
Event: 357.358 Thread 0x0000020c140280e0 nmethod 22555 0x0000020b9ba6e890 code [0x0000020b9ba6ea40, 0x0000020b9ba6ec88]
Event: 357.372 Thread 0x0000020bcca4b250 nmethod 22529 0x0000020ba9fb0d10 code [0x0000020ba9fb0f40, 0x0000020ba9fb44f8]
Event: 357.372 Thread 0x0000020bcca4b250 22554       4       org.objectweb.asm.Type::getType (122 bytes)
Event: 357.391 Thread 0x0000020bcca4b250 nmethod 22554 0x0000020ba9fb5f90 code [0x0000020ba9fb61a0, 0x0000020ba9fb6ca8]
Event: 357.391 Thread 0x0000020bcca4b250 22548       4       org.gradle.internal.reflect.annotations.impl.AbstractHasAnnotationMetadata::collectAnnotationsByType (55 bytes)
Event: 357.454 Thread 0x0000020c140280e0 22558       3       org.gradle.internal.instantiation.generator.InjectUtil::isPublicOrPackageScoped (50 bytes)
Event: 357.455 Thread 0x0000020c140280e0 nmethod 22558 0x0000020b9ba6ed90 code [0x0000020b9ba6efc0, 0x0000020b9ba6f958]
Event: 357.466 Thread 0x0000020bcca4b250 nmethod 22548 0x0000020ba9fb7110 code [0x0000020ba9fb7380, 0x0000020ba9fb8de8]
Event: 357.467 Thread 0x0000020bcca4b250 22556       4       org.gradle.internal.reflect.annotations.impl.DefaultTypeAnnotationMetadataStore$HasAnnotationMetadataBuilder::resolveAnnotations (142 bytes)

GC Heap History (20 events):
Event: 239.024 GC heap after
{Heap after GC invocations=69 (full 0):
 garbage-first heap   total 630784K, used 203624K [0x0000000600000000, 0x0000000800000000)
  region size 4096K, 1 young (4096K), 1 survivors (4096K)
 Metaspace       used 136804K, committed 138176K, reserved 1179648K
  class space    used 18884K, committed 19520K, reserved 1048576K
}
Event: 261.641 GC heap before
{Heap before GC invocations=69 (full 0):
 garbage-first heap   total 630784K, used 392040K [0x0000000600000000, 0x0000000800000000)
  region size 4096K, 47 young (192512K), 1 survivors (4096K)
 Metaspace       used 153798K, committed 155200K, reserved 1245184K
  class space    used 20688K, committed 21376K, reserved 1048576K
}
Event: 262.216 GC heap after
{Heap after GC invocations=70 (full 0):
 garbage-first heap   total 630784K, used 224858K [0x0000000600000000, 0x0000000800000000)
  region size 4096K, 6 young (24576K), 6 survivors (24576K)
 Metaspace       used 153798K, committed 155200K, reserved 1245184K
  class space    used 20688K, committed 21376K, reserved 1048576K
}
Event: 266.227 GC heap before
{Heap before GC invocations=70 (full 0):
 garbage-first heap   total 630784K, used 237146K [0x0000000600000000, 0x0000000800000000)
  region size 4096K, 9 young (36864K), 6 survivors (24576K)
 Metaspace       used 155186K, committed 156608K, reserved 1245184K
  class space    used 20820K, committed 21504K, reserved 1048576K
}
Event: 266.411 GC heap after
{Heap after GC invocations=71 (full 0):
 garbage-first heap   total 630784K, used 227883K [0x0000000600000000, 0x0000000800000000)
  region size 4096K, 1 young (4096K), 1 survivors (4096K)
 Metaspace       used 155186K, committed 156608K, reserved 1245184K
  class space    used 20820K, committed 21504K, reserved 1048576K
}
Event: 302.057 GC heap before
{Heap before GC invocations=71 (full 0):
 garbage-first heap   total 630784K, used 379435K [0x0000000600000000, 0x0000000800000000)
  region size 4096K, 38 young (155648K), 1 survivors (4096K)
 Metaspace       used 166631K, committed 168064K, reserved 1245184K
  class space    used 22171K, committed 22848K, reserved 1048576K
}
Event: 302.230 GC heap after
{Heap after GC invocations=72 (full 0):
 garbage-first heap   total 765952K, used 243081K [0x0000000600000000, 0x0000000800000000)
  region size 4096K, 5 young (20480K), 5 survivors (20480K)
 Metaspace       used 166631K, committed 168064K, reserved 1245184K
  class space    used 22171K, committed 22848K, reserved 1048576K
}
Event: 302.770 GC heap before
{Heap before GC invocations=72 (full 0):
 garbage-first heap   total 765952K, used 259465K [0x0000000600000000, 0x0000000800000000)
  region size 4096K, 9 young (36864K), 5 survivors (20480K)
 Metaspace       used 166632K, committed 168064K, reserved 1245184K
  class space    used 22171K, committed 22848K, reserved 1048576K
}
Event: 302.849 GC heap after
{Heap after GC invocations=73 (full 0):
 garbage-first heap   total 765952K, used 249733K [0x0000000600000000, 0x0000000800000000)
  region size 4096K, 2 young (8192K), 2 survivors (8192K)
 Metaspace       used 166632K, committed 168064K, reserved 1245184K
  class space    used 22171K, committed 22848K, reserved 1048576K
}
Event: 305.874 GC heap before
{Heap before GC invocations=73 (full 0):
 garbage-first heap   total 765952K, used 343941K [0x0000000600000000, 0x0000000800000000)
  region size 4096K, 25 young (102400K), 2 survivors (8192K)
 Metaspace       used 167137K, committed 168512K, reserved 1245184K
  class space    used 22183K, committed 22848K, reserved 1048576K
}
Event: 305.960 GC heap after
{Heap after GC invocations=74 (full 0):
 garbage-first heap   total 765952K, used 287402K [0x0000000600000000, 0x0000000800000000)
  region size 4096K, 4 young (16384K), 4 survivors (16384K)
 Metaspace       used 167137K, committed 168512K, reserved 1245184K
  class space    used 22183K, committed 22848K, reserved 1048576K
}
Event: 309.321 GC heap before
{Heap before GC invocations=74 (full 0):
 garbage-first heap   total 765952K, used 348842K [0x0000000600000000, 0x0000000800000000)
  region size 4096K, 19 young (77824K), 4 survivors (16384K)
 Metaspace       used 167293K, committed 168640K, reserved 1245184K
  class space    used 22184K, committed 22848K, reserved 1048576K
}
Event: 309.380 GC heap after
{Heap after GC invocations=75 (full 0):
 garbage-first heap   total 765952K, used 307200K [0x0000000600000000, 0x0000000800000000)
  region size 4096K, 3 young (12288K), 3 survivors (12288K)
 Metaspace       used 167293K, committed 168640K, reserved 1245184K
  class space    used 22184K, committed 22848K, reserved 1048576K
}
Event: 329.323 GC heap before
{Heap before GC invocations=75 (full 0):
 garbage-first heap   total 765952K, used 397312K [0x0000000600000000, 0x0000000800000000)
  region size 4096K, 25 young (102400K), 3 survivors (12288K)
 Metaspace       used 170619K, committed 172096K, reserved 1245184K
  class space    used 22427K, committed 23168K, reserved 1048576K
}
Event: 329.420 GC heap after
{Heap after GC invocations=76 (full 0):
 garbage-first heap   total 765952K, used 324678K [0x0000000600000000, 0x0000000800000000)
  region size 4096K, 4 young (16384K), 4 survivors (16384K)
 Metaspace       used 170619K, committed 172096K, reserved 1245184K
  class space    used 22427K, committed 23168K, reserved 1048576K
}
Event: 351.828 GC heap before
{Heap before GC invocations=76 (full 0):
 garbage-first heap   total 765952K, used 390214K [0x0000000600000000, 0x0000000800000000)
  region size 4096K, 21 young (86016K), 4 survivors (16384K)
 Metaspace       used 172642K, committed 174080K, reserved 1245184K
  class space    used 22715K, committed 23424K, reserved 1048576K
}
Event: 351.936 GC heap after
{Heap after GC invocations=77 (full 0):
 garbage-first heap   total 765952K, used 332132K [0x0000000600000000, 0x0000000800000000)
  region size 4096K, 2 young (8192K), 2 survivors (8192K)
 Metaspace       used 172642K, committed 174080K, reserved 1245184K
  class space    used 22715K, committed 23424K, reserved 1048576K
}
Event: 356.761 GC heap before
{Heap before GC invocations=78 (full 0):
 garbage-first heap   total 765952K, used 438628K [0x0000000600000000, 0x0000000800000000)
  region size 4096K, 34 young (139264K), 2 survivors (8192K)
 Metaspace       used 178125K, committed 179584K, reserved 1245184K
  class space    used 23473K, committed 24192K, reserved 1048576K
}
Event: 356.792 GC heap after
{Heap after GC invocations=79 (full 0):
 garbage-first heap   total 765952K, used 315394K [0x0000000600000000, 0x0000000800000000)
  region size 4096K, 4 young (16384K), 4 survivors (16384K)
 Metaspace       used 178125K, committed 179584K, reserved 1245184K
  class space    used 23473K, committed 24192K, reserved 1048576K
}
Event: 357.495 GC heap before
{Heap before GC invocations=79 (full 0):
 garbage-first heap   total 765952K, used 335874K [0x0000000600000000, 0x0000000800000000)
  region size 4096K, 9 young (36864K), 4 survivors (16384K)
 Metaspace       used 180027K, committed 181504K, reserved 1245184K
  class space    used 23705K, committed 24448K, reserved 1048576K
}

Dll operation events (16 events):
Event: 0.021 Loaded shared library C:\Program Files\Eclipse Adoptium\jdk-17.0.16.8-hotspot\bin\java.dll
Event: 0.066 Loaded shared library C:\Program Files\Eclipse Adoptium\jdk-17.0.16.8-hotspot\bin\jsvml.dll
Event: 0.401 Loaded shared library C:\Program Files\Eclipse Adoptium\jdk-17.0.16.8-hotspot\bin\zip.dll
Event: 0.409 Loaded shared library C:\Program Files\Eclipse Adoptium\jdk-17.0.16.8-hotspot\bin\instrument.dll
Event: 0.432 Loaded shared library C:\Program Files\Eclipse Adoptium\jdk-17.0.16.8-hotspot\bin\net.dll
Event: 0.501 Loaded shared library C:\Program Files\Eclipse Adoptium\jdk-17.0.16.8-hotspot\bin\nio.dll
Event: 0.507 Loaded shared library C:\Program Files\Eclipse Adoptium\jdk-17.0.16.8-hotspot\bin\zip.dll
Event: 1.681 Loaded shared library C:\Program Files\Eclipse Adoptium\jdk-17.0.16.8-hotspot\bin\jimage.dll
Event: 2.981 Loaded shared library C:\Program Files\Eclipse Adoptium\jdk-17.0.16.8-hotspot\bin\verify.dll
Event: 3.212 Loaded shared library C:\Users\HP\.gradle\native\1def1411415f61bf3af743bc5b6707747c0891f09f0c88961ee8f79bc544acac\windows-amd64\native-platform.dll
Event: 3.291 Loaded shared library C:\Users\HP\.gradle\native\0.2.8\x86_64-windows-gnu\gradle-fileevents.dll
Event: 7.684 Loaded shared library C:\Program Files\Eclipse Adoptium\jdk-17.0.16.8-hotspot\bin\management.dll
Event: 7.696 Loaded shared library C:\Program Files\Eclipse Adoptium\jdk-17.0.16.8-hotspot\bin\management_ext.dll
Event: 8.867 Loaded shared library C:\Program Files\Eclipse Adoptium\jdk-17.0.16.8-hotspot\bin\extnet.dll
Event: 9.458 Loaded shared library C:\Program Files\Eclipse Adoptium\jdk-17.0.16.8-hotspot\bin\sunmscapi.dll
Event: 59.169 Loaded shared library C:\Program Files\Eclipse Adoptium\jdk-17.0.16.8-hotspot\bin\rmi.dll

Deoptimization events (20 events):
Event: 357.135 Thread 0x0000020c1591fdd0 DEOPT PACKING pc=0x0000020ba9e8b044 sp=0x000000496a3f8910
Event: 357.135 Thread 0x0000020c1591fdd0 DEOPT UNPACKING pc=0x0000020ba8d869a3 sp=0x000000496a3f88d8 mode 2
Event: 357.135 Thread 0x0000020c1591fdd0 Uncommon trap: trap_request=0xffffffc6 fr.pc=0x0000020ba9e8b044 relative=0x00000000000003e4
Event: 357.135 Thread 0x0000020c1591fdd0 Uncommon trap: reason=bimorphic_or_optimized_type_check action=maybe_recompile pc=0x0000020ba9e8b044 method=java.util.Collections$UnmodifiableMap.get(Ljava/lang/Object;)Ljava/lang/Object; @ 5 c2
Event: 357.135 Thread 0x0000020c1591fdd0 DEOPT PACKING pc=0x0000020ba9e8b044 sp=0x000000496a3f8910
Event: 357.135 Thread 0x0000020c1591fdd0 DEOPT UNPACKING pc=0x0000020ba8d869a3 sp=0x000000496a3f88d8 mode 2
Event: 357.135 Thread 0x0000020c1591fdd0 Uncommon trap: trap_request=0xffffffc6 fr.pc=0x0000020ba9e8b044 relative=0x00000000000003e4
Event: 357.135 Thread 0x0000020c1591fdd0 Uncommon trap: reason=bimorphic_or_optimized_type_check action=maybe_recompile pc=0x0000020ba9e8b044 method=java.util.Collections$UnmodifiableMap.get(Ljava/lang/Object;)Ljava/lang/Object; @ 5 c2
Event: 357.135 Thread 0x0000020c1591fdd0 DEOPT PACKING pc=0x0000020ba9e8b044 sp=0x000000496a3f8910
Event: 357.135 Thread 0x0000020c1591fdd0 DEOPT UNPACKING pc=0x0000020ba8d869a3 sp=0x000000496a3f88d8 mode 2
Event: 357.195 Thread 0x0000020c1591fdd0 DEOPT PACKING pc=0x0000020b99bfe40b sp=0x000000496a3f9440
Event: 357.195 Thread 0x0000020c1591fdd0 DEOPT UNPACKING pc=0x0000020ba8d87143 sp=0x000000496a3f8900 mode 0
Event: 357.358 Thread 0x0000020c1591fdd0 Uncommon trap: trap_request=0xffffffc6 fr.pc=0x0000020ba9bef504 relative=0x0000000000000724
Event: 357.358 Thread 0x0000020c1591fdd0 Uncommon trap: reason=bimorphic_or_optimized_type_check action=maybe_recompile pc=0x0000020ba9bef504 method=org.gradle.api.Namer$Comparator.compare(Ljava/lang/Object;Ljava/lang/Object;)I @ 5 c2
Event: 357.358 Thread 0x0000020c1591fdd0 DEOPT PACKING pc=0x0000020ba9bef504 sp=0x000000496a3f8000
Event: 357.358 Thread 0x0000020c1591fdd0 DEOPT UNPACKING pc=0x0000020ba8d869a3 sp=0x000000496a3f7f90 mode 2
Event: 357.358 Thread 0x0000020c1591fdd0 Uncommon trap: trap_request=0xffffffc6 fr.pc=0x0000020ba9bef504 relative=0x0000000000000724
Event: 357.358 Thread 0x0000020c1591fdd0 Uncommon trap: reason=bimorphic_or_optimized_type_check action=maybe_recompile pc=0x0000020ba9bef504 method=org.gradle.api.Namer$Comparator.compare(Ljava/lang/Object;Ljava/lang/Object;)I @ 5 c2
Event: 357.358 Thread 0x0000020c1591fdd0 DEOPT PACKING pc=0x0000020ba9bef504 sp=0x000000496a3f8000
Event: 357.358 Thread 0x0000020c1591fdd0 DEOPT UNPACKING pc=0x0000020ba8d869a3 sp=0x000000496a3f7f90 mode 2

Classes loaded (20 events):
Event: 357.057 Loading class java/net/URL$2
Event: 357.058 Loading class java/net/URL$2 done
Event: 357.058 Loading class java/net/URL$1
Event: 357.059 Loading class java/net/URL$1 done
Event: 357.059 Loading class java/net/spi/URLStreamHandlerProvider
Event: 357.059 Loading class java/net/spi/URLStreamHandlerProvider done
Event: 357.064 Loading class sun/net/www/protocol/http/Handler
Event: 357.064 Loading class sun/net/www/protocol/http/Handler done
Event: 357.068 Loading class javax/crypto/JceSecurity$WeakIdentityWrapper
Event: 357.068 Loading class javax/crypto/JceSecurity$WeakIdentityWrapper done
Event: 357.068 Loading class javax/crypto/JceSecurity$2
Event: 357.069 Loading class javax/crypto/JceSecurity$2 done
Event: 357.069 Loading class javax/crypto/JceSecurity$3
Event: 357.070 Loading class javax/crypto/JceSecurity$3 done
Event: 357.070 Loading class java/security/AllPermissionCollection
Event: 357.070 Loading class java/security/AllPermissionCollection done
Event: 357.070 Loading class javax/crypto/ProviderVerifier
Event: 357.071 Loading class javax/crypto/ProviderVerifier done
Event: 357.228 Loading class java/security/cert/CertificateEncodingException
Event: 357.229 Loading class java/security/cert/CertificateEncodingException done

Classes unloaded (0 events):
No events

Classes redefined (0 events):
No events

Internal exceptions (20 events):
Event: 350.602 Thread 0x0000020c1591fdd0 Exception <a 'java/lang/ClassNotFoundException'{0x000000062b5da748}: org/gradle/plugins/ide/eclipse/model/AbstractClasspathEntryCustomizer> (0x000000062b5da748) 
thrown [s\src\hotspot\share\classfile\systemDictionary.cpp, line 256]
Event: 350.611 Thread 0x0000020c1591fdd0 Exception <a 'java/lang/ClassNotFoundException'{0x000000062b60bd60}: org/gradle/plugins/ide/eclipse/model/AbstractLibraryCustomizer> (0x000000062b60bd60) 
thrown [s\src\hotspot\share\classfile\systemDictionary.cpp, line 256]
Event: 350.613 Thread 0x0000020c1591fdd0 Exception <a 'java/lang/ClassNotFoundException'{0x000000062b62d188}: org/gradle/plugins/ide/eclipse/model/LibraryCustomizer> (0x000000062b62d188) 
thrown [s\src\hotspot\share\classfile\systemDictionary.cpp, line 256]
Event: 350.673 Thread 0x0000020c1591fdd0 Exception <a 'java/lang/ClassNotFoundException'{0x000000062b6a6f78}: java/util/LinkedHashMapBeanInfo> (0x000000062b6a6f78) 
thrown [s\src\hotspot\share\classfile\systemDictionary.cpp, line 256]
Event: 350.673 Thread 0x0000020c1591fdd0 Exception <a 'java/lang/ClassNotFoundException'{0x000000062b6ac4e8}: java/util/HashMapBeanInfo> (0x000000062b6ac4e8) 
thrown [s\src\hotspot\share\classfile\systemDictionary.cpp, line 256]
Event: 350.674 Thread 0x0000020c1591fdd0 Exception <a 'java/lang/ClassNotFoundException'{0x000000062b6b1a60}: java/util/AbstractMapBeanInfo> (0x000000062b6b1a60) 
thrown [s\src\hotspot\share\classfile\systemDictionary.cpp, line 256]
Event: 350.674 Thread 0x0000020c1591fdd0 Exception <a 'java/lang/ClassNotFoundException'{0x000000062b6b7078}: java/util/AbstractMapCustomizer> (0x000000062b6b7078) 
thrown [s\src\hotspot\share\classfile\systemDictionary.cpp, line 256]
Event: 350.677 Thread 0x0000020c1591fdd0 Exception <a 'java/lang/ClassNotFoundException'{0x000000062b6ec468}: java/util/HashMapCustomizer> (0x000000062b6ec468) 
thrown [s\src\hotspot\share\classfile\systemDictionary.cpp, line 256]
Event: 350.680 Thread 0x0000020c1591fdd0 Exception <a 'java/lang/ClassNotFoundException'{0x000000062b73f1b8}: java/util/LinkedHashMapCustomizer> (0x000000062b73f1b8) 
thrown [s\src\hotspot\share\classfile\systemDictionary.cpp, line 256]
Event: 350.809 Thread 0x0000020c15920d00 Exception <a 'java/lang/NoSuchMethodError'{0x000000062b1f0a08}: static Lorg/gradle/tooling/internal/provider/PhasedBuildActionResult;.<clinit>()V> (0x000000062b1f0a08) 
thrown [s\src\hotspot\share\prims\jni.cpp, line 1112]
Event: 350.811 Thread 0x0000020c15920d00 Exception <a 'java/lang/NoSuchMethodError'{0x000000062b1f8a40}: static Lorg/gradle/tooling/internal/provider/serialization/SerializedPayload;.<clinit>()V> (0x000000062b1f8a40) 
thrown [s\src\hotspot\share\prims\jni.cpp, line 1112]
Event: 351.422 Thread 0x0000020c1591fdd0 Exception <a 'java/lang/NoSuchMethodError'{0x000000062b127430}: 'java.lang.Object java.lang.invoke.DirectMethodHandle$Holder.invokeStatic(java.lang.Object, int, java.lang.Object)'> (0x000000062b127430) 
thrown [s\src\hotspot\share\interpreter\linkResolver.cpp, line 759]
Event: 351.588 Thread 0x0000020c1591fdd0 Implicit null exception at 0x0000020ba9eed930 to 0x0000020ba9eeda04
Event: 352.341 Thread 0x0000020c1591fdd0 Implicit null exception at 0x0000020ba9f38417 to 0x0000020ba9f388dc
Event: 352.527 Thread 0x0000020c1591fdd0 Implicit null exception at 0x0000020ba9f3c1ea to 0x0000020ba9f3cc1c
Event: 354.301 Thread 0x0000020c1591fdd0 Implicit null exception at 0x0000020ba9f62156 to 0x0000020ba9f62ac4
Event: 354.410 Thread 0x0000020c1591fdd0 Implicit null exception at 0x0000020ba9f65f4b to 0x0000020ba9f66014
Event: 354.461 Thread 0x0000020c1591fdd0 Implicit null exception at 0x0000020ba9f66ac5 to 0x0000020ba9f685b0
Event: 354.759 Thread 0x0000020c1591fdd0 Implicit null exception at 0x0000020ba9f6f8b5 to 0x0000020ba9f713f8
Event: 357.040 Thread 0x0000020c1591fdd0 Exception <a 'sun/nio/fs/WindowsException'{0x000000062e7b7b10}> (0x000000062e7b7b10) 
thrown [s\src\hotspot\share\prims\jni.cpp, line 516]

VM Operations (20 events):
Event: 354.259 Executing VM operation: CollectForMetadataAllocation done
Event: 354.582 Executing VM operation: CollectForMetadataAllocation
Event: 354.582 Executing VM operation: CollectForMetadataAllocation done
Event: 354.655 Executing VM operation: G1PauseRemark
Event: 354.687 Executing VM operation: G1PauseRemark done
Event: 355.209 Executing VM operation: G1PauseCleanup
Event: 355.215 Executing VM operation: G1PauseCleanup done
Event: 355.632 Executing VM operation: HandshakeAllThreads
Event: 355.632 Executing VM operation: HandshakeAllThreads done
Event: 356.632 Executing VM operation: Cleanup
Event: 356.632 Executing VM operation: Cleanup done
Event: 356.761 Executing VM operation: G1CollectForAllocation
Event: 356.793 Executing VM operation: G1CollectForAllocation done
Event: 357.047 Executing VM operation: HandshakeAllThreads
Event: 357.047 Executing VM operation: HandshakeAllThreads done
Event: 357.061 Executing VM operation: HandshakeAllThreads
Event: 357.062 Executing VM operation: HandshakeAllThreads done
Event: 357.067 Executing VM operation: HandshakeAllThreads
Event: 357.067 Executing VM operation: HandshakeAllThreads done
Event: 357.495 Executing VM operation: G1CollectForAllocation

Memory protections (0 events):
No events

Nmethod flushes (20 events):
Event: 349.556 Thread 0x0000020c14028a00 flushing  nmethod 0x0000020b9a634690
Event: 349.559 Thread 0x0000020c14028a00 flushing  nmethod 0x0000020b9a8f8290
Event: 349.559 Thread 0x0000020c14028a00 flushing  nmethod 0x0000020b9a982910
Event: 349.560 Thread 0x0000020c14028a00 flushing  nmethod 0x0000020b9a9d9910
Event: 349.560 Thread 0x0000020c14028a00 flushing  nmethod 0x0000020b9aaac610
Event: 349.560 Thread 0x0000020c14028a00 flushing  nmethod 0x0000020b9aab4490
Event: 349.561 Thread 0x0000020c14028a00 flushing  nmethod 0x0000020b9aac4b90
Event: 349.561 Thread 0x0000020c14028a00 flushing  nmethod 0x0000020b9aae4a10
Event: 349.561 Thread 0x0000020c14028a00 flushing  nmethod 0x0000020b9aaf0c10
Event: 349.561 Thread 0x0000020c14028a00 flushing  nmethod 0x0000020b9aaf7010
Event: 349.561 Thread 0x0000020c14028a00 flushing  nmethod 0x0000020b9ab0d210
Event: 349.561 Thread 0x0000020c14028a00 flushing  nmethod 0x0000020b9ab1c910
Event: 349.561 Thread 0x0000020c14028a00 flushing  nmethod 0x0000020b9ab53010
Event: 349.562 Thread 0x0000020c14028a00 flushing  nmethod 0x0000020b9abb3b90
Event: 349.562 Thread 0x0000020c14028a00 flushing  nmethod 0x0000020b9abee710
Event: 349.563 Thread 0x0000020c14028a00 flushing  nmethod 0x0000020b9acb3b90
Event: 349.564 Thread 0x0000020c14028a00 flushing  nmethod 0x0000020b9adc2a90
Event: 349.567 Thread 0x0000020c14028a00 flushing  nmethod 0x0000020b9b084c90
Event: 349.568 Thread 0x0000020c14028a00 flushing  nmethod 0x0000020b9b168490
Event: 349.573 Thread 0x0000020c14028a00 flushing  nmethod 0x0000020b9b3f0a90

Events (20 events):
Event: 149.832 Thread 0x0000020c140280e0 Thread added: 0x0000020c16a4cd40
Event: 150.622 Thread 0x0000020c16a4cd40 Thread exited: 0x0000020c16a4cd40
Event: 152.301 Thread 0x0000020c1591fdd0 Thread added: 0x0000020c18f82600
Event: 153.398 Thread 0x0000020c1591fdd0 Thread added: 0x0000020c18f85db0
Event: 153.399 Thread 0x0000020c1591fdd0 Thread added: 0x0000020c18f87c10
Event: 153.400 Thread 0x0000020c1591fdd0 Thread added: 0x0000020c18f89050
Event: 153.849 Thread 0x0000020c1591fdd0 Thread added: 0x0000020c18f88120
Event: 153.850 Thread 0x0000020c1591fdd0 Thread added: 0x0000020c18f83f50
Event: 153.856 Thread 0x0000020c1591fdd0 Thread added: 0x0000020c18f89a70
Event: 154.930 Thread 0x0000020c1591fdd0 Thread added: 0x0000020c18f82b10
Event: 154.932 Thread 0x0000020c1591fdd0 Thread added: 0x0000020c18b71b30
Event: 154.932 Thread 0x0000020c1591fdd0 Thread added: 0x0000020c18b73480
Event: 164.216 Thread 0x0000020c1591fdd0 Thread added: 0x0000020c18b706f0
Event: 164.217 Thread 0x0000020c1591fdd0 Thread added: 0x0000020c18b72a60
Event: 184.692 Thread 0x0000020c16efa6c0 Thread exited: 0x0000020c16efa6c0
Event: 206.471 Thread 0x0000020c193ae970 Thread exited: 0x0000020c193ae970
Event: 270.711 Thread 0x0000020c18f87700 Thread exited: 0x0000020c18f87700
Event: 289.605 Thread 0x0000020c15922140 Thread added: 0x0000020c18f84e80
Event: 350.988 Thread 0x0000020c1591fdd0 Thread added: 0x0000020c389fffd0
Event: 351.012 Thread 0x0000020c16efd960 Thread added: 0x0000020c389feb90


Dynamic libraries:
0x00007ff7b00d0000 - 0x00007ff7b00de000 	C:\Program Files\Eclipse Adoptium\jdk-17.0.16.8-hotspot\bin\java.exe
0x00007fff56810000 - 0x00007fff56a08000 	C:\WINDOWS\SYSTEM32\ntdll.dll
0x00007fff54b90000 - 0x00007fff54c52000 	C:\WINDOWS\System32\KERNEL32.DLL
0x00007fff54170000 - 0x00007fff54466000 	C:\WINDOWS\System32\KERNELBASE.dll
0x00007fff544a0000 - 0x00007fff545a0000 	C:\WINDOWS\System32\ucrtbase.dll
0x00007fff3cc30000 - 0x00007fff3cc47000 	C:\Program Files\Eclipse Adoptium\jdk-17.0.16.8-hotspot\bin\jli.dll
0x00007fff54e50000 - 0x00007fff54ff1000 	C:\WINDOWS\System32\USER32.dll
0x00007fff53f50000 - 0x00007fff53f72000 	C:\WINDOWS\System32\win32u.dll
0x00007fff56640000 - 0x00007fff5666b000 	C:\WINDOWS\System32\GDI32.dll
0x00007fff54050000 - 0x00007fff54169000 	C:\WINDOWS\System32\gdi32full.dll
0x00007fff3cc10000 - 0x00007fff3cc2e000 	C:\Program Files\Eclipse Adoptium\jdk-17.0.16.8-hotspot\bin\VCRUNTIME140.dll
0x00007fff3c460000 - 0x00007fff3c6fb000 	C:\WINDOWS\WinSxS\amd64_microsoft.windows.common-controls_6595b64144ccf1df_6.0.19041.6456_none_60b8a6cb71f64256\COMCTL32.dll
0x00007fff56730000 - 0x00007fff567ce000 	C:\WINDOWS\System32\msvcrt.dll
0x00007fff54700000 - 0x00007fff5479d000 	C:\WINDOWS\System32\msvcp_win.dll
0x00007fff55090000 - 0x00007fff550bf000 	C:\WINDOWS\System32\IMM32.DLL
0x00007fff3cbc0000 - 0x00007fff3cbcc000 	C:\Program Files\Eclipse Adoptium\jdk-17.0.16.8-hotspot\bin\vcruntime140_1.dll
0x00007fff34830000 - 0x00007fff348bd000 	C:\Program Files\Eclipse Adoptium\jdk-17.0.16.8-hotspot\bin\msvcp140.dll
0x00007fff17af0000 - 0x00007fff1875b000 	C:\Program Files\Eclipse Adoptium\jdk-17.0.16.8-hotspot\bin\server\jvm.dll
0x00007fff56670000 - 0x00007fff56721000 	C:\WINDOWS\System32\ADVAPI32.dll
0x00007fff55a20000 - 0x00007fff55abf000 	C:\WINDOWS\System32\sechost.dll
0x00007fff564c0000 - 0x00007fff565e0000 	C:\WINDOWS\System32\RPCRT4.dll
0x00007fff54470000 - 0x00007fff54497000 	C:\WINDOWS\System32\bcrypt.dll
0x00007fff55180000 - 0x00007fff551eb000 	C:\WINDOWS\System32\WS2_32.dll
0x00007fff53d00000 - 0x00007fff53d4b000 	C:\WINDOWS\SYSTEM32\POWRPROF.dll
0x00007fff3d340000 - 0x00007fff3d367000 	C:\WINDOWS\SYSTEM32\WINMM.dll
0x00007fff46b60000 - 0x00007fff46b6a000 	C:\WINDOWS\SYSTEM32\VERSION.dll
0x00007fff53ce0000 - 0x00007fff53cf2000 	C:\WINDOWS\SYSTEM32\UMPDC.dll
0x00007fff526b0000 - 0x00007fff526c2000 	C:\WINDOWS\SYSTEM32\kernel.appcore.dll
0x00007fff3cbb0000 - 0x00007fff3cbba000 	C:\Program Files\Eclipse Adoptium\jdk-17.0.16.8-hotspot\bin\jimage.dll
0x00007fff4ea50000 - 0x00007fff4ec51000 	C:\WINDOWS\SYSTEM32\DBGHELP.DLL
0x00007fff322d0000 - 0x00007fff32304000 	C:\WINDOWS\SYSTEM32\dbgcore.DLL
0x00007fff547a0000 - 0x00007fff54822000 	C:\WINDOWS\System32\bcryptPrimitives.dll
0x00007fff3cab0000 - 0x00007fff3cabe000 	C:\Program Files\Eclipse Adoptium\jdk-17.0.16.8-hotspot\bin\instrument.dll
0x00007fff3c0b0000 - 0x00007fff3c0d5000 	C:\Program Files\Eclipse Adoptium\jdk-17.0.16.8-hotspot\bin\java.dll
0x00007fff2d0b0000 - 0x00007fff2d187000 	C:\Program Files\Eclipse Adoptium\jdk-17.0.16.8-hotspot\bin\jsvml.dll
0x00007fff55d50000 - 0x00007fff564c0000 	C:\WINDOWS\System32\SHELL32.dll
0x00007fff51ef0000 - 0x00007fff52695000 	C:\WINDOWS\SYSTEM32\windows.storage.dll
0x00007fff556c0000 - 0x00007fff55a14000 	C:\WINDOWS\System32\combase.dll
0x00007fff537f0000 - 0x00007fff5381b000 	C:\WINDOWS\SYSTEM32\Wldp.dll
0x00007fff54c70000 - 0x00007fff54d3d000 	C:\WINDOWS\System32\OLEAUT32.dll
0x00007fff55b80000 - 0x00007fff55c2d000 	C:\WINDOWS\System32\SHCORE.dll
0x00007fff55b20000 - 0x00007fff55b7b000 	C:\WINDOWS\System32\shlwapi.dll
0x00007fff53dd0000 - 0x00007fff53df4000 	C:\WINDOWS\SYSTEM32\profapi.dll
0x00007fff3c090000 - 0x00007fff3c0a8000 	C:\Program Files\Eclipse Adoptium\jdk-17.0.16.8-hotspot\bin\zip.dll
0x00007fff3bfb0000 - 0x00007fff3bfc9000 	C:\Program Files\Eclipse Adoptium\jdk-17.0.16.8-hotspot\bin\net.dll
0x00007fff3fbb0000 - 0x00007fff3fcba000 	C:\WINDOWS\SYSTEM32\WINHTTP.dll
0x00007fff53550000 - 0x00007fff535ba000 	C:\WINDOWS\system32\mswsock.dll
0x00007fff388a0000 - 0x00007fff388b6000 	C:\Program Files\Eclipse Adoptium\jdk-17.0.16.8-hotspot\bin\nio.dll
0x00007fff38890000 - 0x00007fff388a0000 	C:\Program Files\Eclipse Adoptium\jdk-17.0.16.8-hotspot\bin\verify.dll
0x00007fff364a0000 - 0x00007fff364c7000 	C:\Users\HP\.gradle\native\1def1411415f61bf3af743bc5b6707747c0891f09f0c88961ee8f79bc544acac\windows-amd64\native-platform.dll
0x00007fff2d7b0000 - 0x00007fff2d827000 	C:\Users\HP\.gradle\native\0.2.8\x86_64-windows-gnu\gradle-fileevents.dll
0x00007fff38880000 - 0x00007fff3888a000 	C:\Program Files\Eclipse Adoptium\jdk-17.0.16.8-hotspot\bin\management.dll
0x00007fff36e80000 - 0x00007fff36e8b000 	C:\Program Files\Eclipse Adoptium\jdk-17.0.16.8-hotspot\bin\management_ext.dll
0x00007fff54d40000 - 0x00007fff54d48000 	C:\WINDOWS\System32\PSAPI.DLL
0x00007fff53230000 - 0x00007fff5326b000 	C:\WINDOWS\SYSTEM32\IPHLPAPI.DLL
0x00007fff54c60000 - 0x00007fff54c68000 	C:\WINDOWS\System32\NSI.dll
0x00007fff46b90000 - 0x00007fff46ba7000 	C:\WINDOWS\SYSTEM32\dhcpcsvc6.DLL
0x00007fff46b70000 - 0x00007fff46b8d000 	C:\WINDOWS\SYSTEM32\dhcpcsvc.DLL
0x00007fff53270000 - 0x00007fff5333a000 	C:\WINDOWS\SYSTEM32\DNSAPI.dll
0x00007fff36490000 - 0x00007fff36499000 	C:\Program Files\Eclipse Adoptium\jdk-17.0.16.8-hotspot\bin\extnet.dll
0x00007fff53740000 - 0x00007fff53758000 	C:\WINDOWS\SYSTEM32\CRYPTSP.dll
0x00007fff52e70000 - 0x00007fff52ea8000 	C:\WINDOWS\system32\rsaenh.dll
0x00007fff53d50000 - 0x00007fff53d7e000 	C:\WINDOWS\SYSTEM32\USERENV.dll
0x00007fff53760000 - 0x00007fff5376c000 	C:\WINDOWS\SYSTEM32\CRYPTBASE.dll
0x00007fff35530000 - 0x00007fff3553e000 	C:\Program Files\Eclipse Adoptium\jdk-17.0.16.8-hotspot\bin\sunmscapi.dll
0x00007fff545a0000 - 0x00007fff546fd000 	C:\WINDOWS\System32\CRYPT32.dll
0x00007fff53860000 - 0x00007fff53887000 	C:\WINDOWS\SYSTEM32\ncrypt.dll
0x00007fff53820000 - 0x00007fff5385b000 	C:\WINDOWS\SYSTEM32\NTASN1.dll
0x00007ffedcd30000 - 0x00007ffedcd37000 	C:\WINDOWS\system32\wshunix.dll
0x00007fff36e30000 - 0x00007fff36e37000 	C:\Program Files\Eclipse Adoptium\jdk-17.0.16.8-hotspot\bin\rmi.dll

dbghelp: loaded successfully - version: 4.0.5 - missing functions: none
symbol engine: initialized successfully - sym options: 0x614 - pdb path: .;C:\Program Files\Eclipse Adoptium\jdk-17.0.16.8-hotspot\bin;C:\WINDOWS\SYSTEM32;C:\WINDOWS\WinSxS\amd64_microsoft.windows.common-controls_6595b64144ccf1df_6.0.19041.6456_none_60b8a6cb71f64256;C:\Program Files\Eclipse Adoptium\jdk-17.0.16.8-hotspot\bin\server;C:\Users\HP\.gradle\native\1def1411415f61bf3af743bc5b6707747c0891f09f0c88961ee8f79bc544acac\windows-amd64;C:\Users\HP\.gradle\native\0.2.8\x86_64-windows-gnu

VM Arguments:
jvm_args: --add-opens=java.base/java.lang=ALL-UNNAMED --add-opens=java.base/java.lang.invoke=ALL-UNNAMED --add-opens=java.base/java.util=ALL-UNNAMED --add-opens=java.prefs/java.util.prefs=ALL-UNNAMED --add-exports=jdk.compiler/com.sun.tools.javac.api=ALL-UNNAMED --add-exports=jdk.compiler/com.sun.tools.javac.util=ALL-UNNAMED --add-opens=java.base/java.util=ALL-UNNAMED --add-opens=java.prefs/java.util.prefs=ALL-UNNAMED --add-opens=java.base/java.nio.charset=ALL-UNNAMED --add-opens=java.base/java.net=ALL-UNNAMED --add-opens=java.base/java.util.concurrent=ALL-UNNAMED --add-opens=java.base/java.util.concurrent.atomic=ALL-UNNAMED --add-opens=java.xml/javax.xml.namespace=ALL-UNNAMED --add-opens=java.base/java.time=ALL-UNNAMED -XX:MaxMetaspaceSize=4G -XX:ReservedCodeCacheSize=512m -XX:+HeapDumpOnOutOfMemoryError -Xmx8G -Dfile.encoding=UTF-8 -Duser.country=US -Duser.language=en -Duser.variant -javaagent:C:\Users\HP\.gradle\wrapper\dists\gradle-9.1.0-all\7wzd0jkjit61aq2p43wpjgij9\gradle-9.1.0\lib\agents\gradle-instrumentation-agent-9.1.0.jar 
java_command: org.gradle.launcher.daemon.bootstrap.GradleDaemon 9.1.0
java_class_path (initial): C:\Users\HP\.gradle\wrapper\dists\gradle-9.1.0-all\7wzd0jkjit61aq2p43wpjgij9\gradle-9.1.0\lib\gradle-daemon-main-9.1.0.jar
Launcher Type: SUN_STANDARD

[Global flags]
     intx CICompilerCount                          = 3                                         {product} {ergonomic}
     uint ConcGCThreads                            = 1                                         {product} {ergonomic}
     uint G1ConcRefinementThreads                  = 4                                         {product} {ergonomic}
   size_t G1HeapRegionSize                         = 4194304                                   {product} {ergonomic}
    uintx GCDrainStackTargetSize                   = 64                                        {product} {ergonomic}
     bool HeapDumpOnOutOfMemoryError               = true                                   {manageable} {command line}
   size_t InitialHeapSize                          = 134217728                                 {product} {ergonomic}
   size_t MarkStackSize                            = 4194304                                   {product} {ergonomic}
   size_t MaxHeapSize                              = 8589934592                                {product} {command line}
   size_t MaxMetaspaceSize                         = 4294967296                                {product} {command line}
   size_t MaxNewSize                               = 5150605312                                {product} {ergonomic}
   size_t MinHeapDeltaBytes                        = 4194304                                   {product} {ergonomic}
   size_t MinHeapSize                              = 8388608                                   {product} {ergonomic}
    uintx NonNMethodCodeHeapSize                   = 5832780                                {pd product} {ergonomic}
    uintx NonProfiledCodeHeapSize                  = 265519066                              {pd product} {ergonomic}
    uintx ProfiledCodeHeapSize                     = 265519066                              {pd product} {ergonomic}
    uintx ReservedCodeCacheSize                    = 536870912                              {pd product} {command line}
     bool SegmentedCodeCache                       = true                                      {product} {ergonomic}
   size_t SoftMaxHeapSize                          = 8589934592                             {manageable} {ergonomic}
   double SweeperThreshold                         = 0.234375                                  {product} {ergonomic}
     bool UseCompressedClassPointers               = true                           {product lp64_product} {ergonomic}
     bool UseCompressedOops                        = true                           {product lp64_product} {ergonomic}
     bool UseG1GC                                  = true                                      {product} {ergonomic}
     bool UseLargePagesIndividualAllocation        = false                                  {pd product} {ergonomic}

Logging:
Log output configuration:
 #0: stdout all=warning uptime,level,tags
 #1: stderr all=off uptime,level,tags

Environment Variables:
JAVA_HOME=C:\Program Files\Eclipse Adoptium\jdk-17.0.16.8-hotspot\
PATH=C:\Program Files\Eclipse Adoptium\jdk-17.0.16.8-hotspot\bin;C:\Program Files (x86)\Common Files\Intel\Shared Libraries\redist\intel64\compiler;C:\WINDOWS\system32;C:\WINDOWS;C:\WINDOWS\System32\Wbem;C:\WINDOWS\System32\WindowsPowerShell\v1.0\;C:\WINDOWS\System32\OpenSSH\;C:\Program Files\Git\cmd;C:\Users\HP\Desktop\flutter\bin;C:\Users\HP\AppData\Local\nvm;C:\nvm4w\nodejs;D:\xampp\php;C:\ProgramData\ComposerSetup\bin;D:\flutter\bin;D:\flutter\bin;C:\Users\HP\AppData\Local\Programs\Microsoft VS Code\bin
USERNAME=ADNARG
OS=Windows_NT
PROCESSOR_IDENTIFIER=Intel64 Family 6 Model 78 Stepping 3, GenuineIntel
TMP=C:\Users\HP\AppData\Local\Temp
TEMP=C:\Users\HP\AppData\Local\Temp



Periodic native trim disabled


---------------  S Y S T E M  ---------------

OS:
 Windows 10 , 64 bit Build 19041 (10.0.19041.5915)
OS uptime: 0 days 8:08 hours

CPU: total 4 (initial active 4) (2 cores per cpu, 2 threads per core) family 6 model 78 stepping 3 microcode 0xf0, cx8, cmov, fxsr, ht, mmx, 3dnowpref, sse, sse2, sse3, ssse3, sse4.1, sse4.2, popcnt, lzcnt, tsc, tscinvbit, avx, avx2, aes, erms, clmul, bmi1, bmi2, rtm, adx, fma, vzeroupper, clflush, clflushopt
Processor Information for all 4 processors :
  Max Mhz: 2496, Current Mhz: 2396, Mhz Limit: 2396

Memory: 4k page, system-wide physical 8071M (91M free)
TotalPageFile size 21050M (AvailPageFile size 234M)
current process WorkingSet (physical memory assigned to process): 828M, peak: 829M
current process commit charge ("private bytes"): 1222M, peak: 1554M

vm_info: OpenJDK 64-Bit Server VM (17.0.16+8) for windows-amd64 JRE (17.0.16+8), built on Jul 16 2025 10:37:56 by "admin" with MS VC++ 17.7 (VS2022)

END.
