#
# There is insufficient memory for the Java Runtime Environment to continue.
# Native memory allocation (mmap) failed to map 448790528 bytes. Error detail: G1 virtual space
# Possible reasons:
#   The system is out of physical RAM or swap space
#   This process is running with CompressedOops enabled, and the Java Heap may be blocking the growth of the native heap
# Possible solutions:
#   Reduce memory load on the system
#   Increase physical memory or swap space
#   Check if swap backing store is full
#   Decrease Java heap size (-Xmx/-Xms)
#   Decrease number of Java threads
#   Decrease Java thread stack sizes (-Xss)
#   Set larger code cache with -XX:ReservedCodeCacheSize=
#   JVM is running with Zero Based Compressed Oops mode in which the Java heap is
#     placed in the first 32GB address space. The Java Heap base address is the
#     maximum limit for the native heap growth. Please use -XX:HeapBaseMinAddress
#     to set the Java Heap base and to place the Java Heap above 32GB virtual address.
# This output file may be truncated or incomplete.
#
#  Out of Memory Error (os_windows.cpp:3618), pid=7092, tid=14672
#
# JRE version: OpenJDK Runtime Environment Temurin-17.0.16+8 (17.0.16+8) (build 17.0.16+8)
# Java VM: OpenJDK 64-Bit Server VM Temurin-17.0.16+8 (17.0.16+8, mixed mode, sharing, tiered, compressed oops, compressed class ptrs, g1 gc, windows-amd64)
# No core dump will be written. Minidumps are not enabled by default on client versions of Windows
#

---------------  S U M M A R Y ------------

Command Line: --add-opens=java.base/java.lang=ALL-UNNAMED --add-opens=java.base/java.lang.invoke=ALL-UNNAMED --add-opens=java.base/java.util=ALL-UNNAMED --add-opens=java.prefs/java.util.prefs=ALL-UNNAMED --add-exports=jdk.compiler/com.sun.tools.javac.api=ALL-UNNAMED --add-exports=jdk.compiler/com.sun.tools.javac.util=ALL-UNNAMED --add-opens=java.base/java.util=ALL-UNNAMED --add-opens=java.prefs/java.util.prefs=ALL-UNNAMED --add-opens=java.base/java.nio.charset=ALL-UNNAMED --add-opens=java.base/java.net=ALL-UNNAMED --add-opens=java.base/java.util.concurrent=ALL-UNNAMED --add-opens=java.base/java.util.concurrent.atomic=ALL-UNNAMED --add-opens=java.xml/javax.xml.namespace=ALL-UNNAMED --add-opens=java.base/java.time=ALL-UNNAMED -XX:MaxMetaspaceSize=4G -XX:ReservedCodeCacheSize=512m -XX:+HeapDumpOnOutOfMemoryError -Xmx8G -Dfile.encoding=UTF-8 -Duser.country=US -Duser.language=en -Duser.variant -javaagent:C:\Users\HP\.gradle\wrapper\dists\gradle-9.1.0-all\7wzd0jkjit61aq2p43wpjgij9\gradle-9.1.0\lib\agents\gradle-instrumentation-agent-9.1.0.jar org.gradle.launcher.daemon.bootstrap.GradleDaemon 9.1.0

Host: Intel(R) Core(TM) i5-6300U CPU @ 2.40GHz, 4 cores, 7G,  Windows 10 , 64 bit Build 19041 (10.0.19041.5915)
Time: Sun Jul  5 21:02:55 2026 Maroc (heure d64 bit Build 19041 (10.0.19041.5915) elapsed time: 95.825927 seconds (0d 0h 1m 35s)

---------------  T H R E A D  ---------------

Current thread (0x0000020cfd9c56b0):  VMThread "VM Thread" [stack: 0x0000008ab2800000,0x0000008ab2900000] [id=14672]

Stack: [0x0000008ab2800000,0x0000008ab2900000]
Native frames: (J=compiled Java code, j=interpreted, Vv=VM code, C=native code)
V  [jvm.dll+0x683169]
V  [jvm.dll+0x839ac8]
V  [jvm.dll+0x83b573]
V  [jvm.dll+0x83bbe3]
V  [jvm.dll+0x2473ff]
V  [jvm.dll+0x67ff49]
V  [jvm.dll+0x674e3a]
V  [jvm.dll+0x304ea6]
V  [jvm.dll+0x30c366]
V  [jvm.dll+0x35deee]
V  [jvm.dll+0x35e12d]
V  [jvm.dll+0x2dc26c]
V  [jvm.dll+0x2da60f]
V  [jvm.dll+0x2d9d7c]
V  [jvm.dll+0x31d55b]
V  [jvm.dll+0x84041d]
V  [jvm.dll+0x841153]
V  [jvm.dll+0x84167f]
V  [jvm.dll+0x841a64]
V  [jvm.dll+0x841b2e]
V  [jvm.dll+0x7e979c]
V  [jvm.dll+0x682047]
C  [ucrtbase.dll+0x21bb2]
C  [KERNEL32.DLL+0x17374]
C  [ntdll.dll+0x4cc91]

VM_Operation (0x0000008ab40ff210): G1CollectForAllocation, mode: safepoint, requested by thread 0x0000020d4788c640


---------------  P R O C E S S  ---------------

Threads class SMR info:
_java_thread_list=0x0000020d47925890, length=79, elements={
0x0000020ccabbf140, 0x0000020cfd9ccd70, 0x0000020cfd9cdbf0, 0x0000020cfd9e2210,
0x0000020cfd9e4be0, 0x0000020cfd9e95c0, 0x0000020cfd9f3e10, 0x0000020cfd9fb170,
0x0000020cfd9fdc30, 0x0000020cfd9f6180, 0x0000020cfd9f3900, 0x0000020cfd9f5c70,
0x0000020cfd9f4830, 0x0000020cfd9f6690, 0x0000020cfd9f4320, 0x0000020cfd9f6ba0,
0x0000020cfd9f5760, 0x0000020d45596b20, 0x0000020d455998b0, 0x0000020d455993a0,
0x0000020d45595bf0, 0x0000020d4559a2d0, 0x0000020d45596100, 0x0000020d45592e60,
0x0000020d455947b0, 0x0000020d45596610, 0x0000020d45593880, 0x0000020d499b97d0,
0x0000020d499b8db0, 0x0000020d4788e4a0, 0x0000020d47891c50, 0x0000020d4788c130,
0x0000020d4788fdf0, 0x0000020d47891230, 0x0000020d4788c640, 0x0000020d4788df90,
0x0000020d47890300, 0x0000020d47891740, 0x0000020d499ba700, 0x0000020d499b7460,
0x0000020d499b7e80, 0x0000020d499bc050, 0x0000020d499b5b10, 0x0000020d499bc560,
0x0000020d499b9ce0, 0x0000020d499bbb40, 0x0000020d499b50f0, 0x0000020d499bca70,
0x0000020d499b8390, 0x0000020d499b6f50, 0x0000020d499b6a40, 0x0000020d499b5600,
0x0000020d499b6020, 0x0000020d499b6530, 0x0000020d499b7970, 0x0000020d499b88a0,
0x0000020d499b92c0, 0x0000020d466a7470, 0x0000020d466a6540, 0x0000020d466a0a20,
0x0000020d466a1950, 0x0000020d466a0f30, 0x0000020d466a5b20, 0x0000020d466a1e60,
0x0000020d466a2d90, 0x0000020d466a7980, 0x0000020d466a3cc0, 0x0000020d466a6f60,
0x0000020d466a32a0, 0x0000020d466a4bf0, 0x0000020d466a5100, 0x0000020d45598470,
0x0000020d45593d90, 0x0000020d45597030, 0x0000020d45598980, 0x0000020d45594cc0,
0x0000020d45599dc0, 0x0000020d45593370, 0x0000020d455951d0
}

Java Threads: ( => current thread )
  0x0000020ccabbf140 JavaThread "main" [_thread_blocked, id=7288, stack(0x0000008ab2200000,0x0000008ab2300000)]
  0x0000020cfd9ccd70 JavaThread "Reference Handler" daemon [_thread_blocked, id=13256, stack(0x0000008ab2900000,0x0000008ab2a00000)]
  0x0000020cfd9cdbf0 JavaThread "Finalizer" daemon [_thread_blocked, id=12860, stack(0x0000008ab2a00000,0x0000008ab2b00000)]
  0x0000020cfd9e2210 JavaThread "Signal Dispatcher" daemon [_thread_blocked, id=15096, stack(0x0000008ab2b00000,0x0000008ab2c00000)]
  0x0000020cfd9e4be0 JavaThread "Attach Listener" daemon [_thread_blocked, id=13808, stack(0x0000008ab2c00000,0x0000008ab2d00000)]
  0x0000020cfd9e95c0 JavaThread "Service Thread" daemon [_thread_blocked, id=11204, stack(0x0000008ab2d00000,0x0000008ab2e00000)]
  0x0000020cfd9f3e10 JavaThread "Monitor Deflation Thread" daemon [_thread_blocked, id=12108, stack(0x0000008ab2e00000,0x0000008ab2f00000)]
  0x0000020cfd9fb170 JavaThread "C2 CompilerThread0" daemon [_thread_blocked, id=3764, stack(0x0000008ab2f00000,0x0000008ab3000000)]
  0x0000020cfd9fdc30 JavaThread "C1 CompilerThread0" daemon [_thread_blocked, id=14344, stack(0x0000008ab3000000,0x0000008ab3100000)]
  0x0000020cfd9f6180 JavaThread "Sweeper thread" daemon [_thread_blocked, id=4092, stack(0x0000008ab3100000,0x0000008ab3200000)]
  0x0000020cfd9f3900 JavaThread "Common-Cleaner" daemon [_thread_blocked, id=3236, stack(0x0000008ab3200000,0x0000008ab3300000)]
  0x0000020cfd9f5c70 JavaThread "Notification Thread" daemon [_thread_blocked, id=10500, stack(0x0000008ab3300000,0x0000008ab3400000)]
  0x0000020cfd9f4830 JavaThread "Daemon health stats" [_thread_blocked, id=15148, stack(0x0000008ab3900000,0x0000008ab3a00000)]
  0x0000020cfd9f6690 JavaThread "Incoming local TCP Connector on port 58221" [_thread_in_native, id=15684, stack(0x0000008ab3800000,0x0000008ab3900000)]
  0x0000020cfd9f4320 JavaThread "Daemon periodic checks" [_thread_blocked, id=15832, stack(0x0000008ab3a00000,0x0000008ab3b00000)]
  0x0000020cfd9f6ba0 JavaThread "Daemon" [_thread_blocked, id=13636, stack(0x0000008ab3b00000,0x0000008ab3c00000)]
  0x0000020cfd9f5760 JavaThread "Daemon worker" [_thread_blocked, id=15508, stack(0x0000008ab3e00000,0x0000008ab3f00000)]
  0x0000020d45596b20 JavaThread "Cache worker for journal cache (C:\Users\HP\.gradle\caches\journal-1)" [_thread_blocked, id=8956, stack(0x0000008ab4200000,0x0000008ab4300000)]
  0x0000020d455998b0 JavaThread "File lock request listener" [_thread_in_native, id=16112, stack(0x0000008ab4300000,0x0000008ab4400000)]
  0x0000020d455993a0 JavaThread "Cache worker for file hash cache (C:\Users\HP\.gradle\caches\9.1.0\fileHashes)" [_thread_blocked, id=13148, stack(0x0000008ab4400000,0x0000008ab4500000)]
  0x0000020d45595bf0 JavaThread "File watcher server" daemon [_thread_in_native, id=8292, stack(0x0000008ab4800000,0x0000008ab4900000)]
  0x0000020d4559a2d0 JavaThread "File watcher consumer" daemon [_thread_blocked, id=9036, stack(0x0000008ab4900000,0x0000008ab4a00000)]
  0x0000020d45596100 JavaThread "jar transforms" [_thread_blocked, id=3140, stack(0x0000008ab4a00000,0x0000008ab4b00000)]
  0x0000020d45592e60 JavaThread "jar transforms Thread 2" [_thread_blocked, id=13592, stack(0x0000008ab4b00000,0x0000008ab4c00000)]
  0x0000020d455947b0 JavaThread "jar transforms Thread 3" [_thread_blocked, id=6176, stack(0x0000008ab4c00000,0x0000008ab4d00000)]
  0x0000020d45596610 JavaThread "Cache worker for file content cache (C:\Users\HP\.gradle\caches\9.1.0\fileContent)" [_thread_blocked, id=4476, stack(0x0000008ab4d00000,0x0000008ab4e00000)]
  0x0000020d45593880 JavaThread "jar transforms Thread 4" [_thread_blocked, id=13328, stack(0x0000008ab5000000,0x0000008ab5100000)]
  0x0000020d499b97d0 JavaThread "Memory manager" [_thread_blocked, id=5980, stack(0x0000008ab5c00000,0x0000008ab5d00000)]
  0x0000020d499b8db0 JavaThread "included builds" [_thread_blocked, id=4584, stack(0x0000008ab5f00000,0x0000008ab6000000)]
  0x0000020d4788e4a0 JavaThread "VFS cleanup" [_thread_blocked, id=14728, stack(0x0000008ab2000000,0x0000008ab2100000)]
  0x0000020d47891c50 JavaThread "Handler for socket connection from /127.0.0.1:58221 to /127.0.0.1:58279" [_thread_in_native, id=4536, stack(0x0000008ab2100000,0x0000008ab2200000)]
  0x0000020d4788c130 JavaThread "Cancel handler" [_thread_blocked, id=11256, stack(0x0000008ab3c00000,0x0000008ab3d00000)]
  0x0000020d4788fdf0 JavaThread "Asynchronous log dispatcher for DefaultDaemonConnection: socket connection from /127.0.0.1:58221 to /127.0.0.1:58279" [_thread_blocked, id=7748, stack(0x0000008ab3d00000,0x0000008ab3e00000)]
  0x0000020d47891230 JavaThread "Stdin handler" [_thread_blocked, id=1000, stack(0x0000008ab3f00000,0x0000008ab4000000)]
  0x0000020d4788c640 JavaThread "Daemon client event forwarder" [_thread_blocked, id=12716, stack(0x0000008ab4000000,0x0000008ab4100000)]
  0x0000020d4788df90 JavaThread "Cache worker for file hash cache (D:\MassarBus\massarbus_driver\android\.gradle\9.1.0\fileHashes)" [_thread_blocked, id=3536, stack(0x0000008ab4100000,0x0000008ab4200000)]
  0x0000020d47890300 JavaThread "Cache worker for Build Output Cleanup Cache (D:\MassarBus\massarbus_driver\android\.gradle\buildOutputCleanup)" [_thread_blocked, id=13944, stack(0x0000008ab4500000,0x0000008ab4600000)]
  0x0000020d47891740 JavaThread "Cache worker for checksums cache (D:\MassarBus\massarbus_driver\android\.gradle\9.1.0\checksums)" [_thread_blocked, id=4260, stack(0x0000008ab4600000,0x0000008ab4700000)]
  0x0000020d499ba700 JavaThread "Cache worker for cache directory md-supplier (C:\Users\HP\.gradle\caches\9.1.0\md-supplier)" [_thread_blocked, id=6280, stack(0x0000008ab4700000,0x0000008ab4800000)]
  0x0000020d499b7460 JavaThread "Cache worker for cache directory md-rule (C:\Users\HP\.gradle\caches\9.1.0\md-rule)" [_thread_blocked, id=3264, stack(0x0000008ab4e00000,0x0000008ab4f00000)]
  0x0000020d499b7e80 JavaThread "Cache worker for Build Output Cleanup Cache (D:\flutter\packages\flutter_tools\gradle\.gradle\buildOutputCleanup)" [_thread_blocked, id=15596, stack(0x0000008ab4f00000,0x0000008ab5000000)]
  0x0000020d499bc050 JavaThread "Unconstrained build operations" [_thread_blocked, id=15500, stack(0x0000008ab5100000,0x0000008ab5200000)]
  0x0000020d499b5b10 JavaThread "Unconstrained build operations Thread 2" [_thread_blocked, id=15656, stack(0x0000008ab5300000,0x0000008ab5400000)]
  0x0000020d499bc560 JavaThread "Unconstrained build operations Thread 3" [_thread_blocked, id=15196, stack(0x0000008ab5400000,0x0000008ab5500000)]
  0x0000020d499b9ce0 JavaThread "Unconstrained build operations Thread 4" [_thread_blocked, id=16348, stack(0x0000008ab5500000,0x0000008ab5600000)]
  0x0000020d499bbb40 JavaThread "Unconstrained build operations Thread 5" [_thread_blocked, id=12132, stack(0x0000008ab5600000,0x0000008ab5700000)]
  0x0000020d499b50f0 JavaThread "Unconstrained build operations Thread 6" [_thread_blocked, id=15308, stack(0x0000008ab5700000,0x0000008ab5800000)]
  0x0000020d499bca70 JavaThread "build event listener" [_thread_blocked, id=15348, stack(0x0000008ab5800000,0x0000008ab5900000)]
  0x0000020d499b8390 JavaThread "included builds" [_thread_blocked, id=12796, stack(0x0000008ab5900000,0x0000008ab5a00000)]
  0x0000020d499b6f50 JavaThread "Execution worker" [_thread_blocked, id=9552, stack(0x0000008ab5a00000,0x0000008ab5b00000)]
  0x0000020d499b6a40 JavaThread "Execution worker Thread 2" [_thread_blocked, id=15972, stack(0x0000008ab5b00000,0x0000008ab5c00000)]
  0x0000020d499b5600 JavaThread "Execution worker Thread 3" [_thread_blocked, id=1324, stack(0x0000008ab6000000,0x0000008ab6100000)]
  0x0000020d499b6020 JavaThread "Cache worker for execution history cache (D:\flutter\packages\flutter_tools\gradle\.gradle\9.1.0\executionHistory)" [_thread_blocked, id=16312, stack(0x0000008ab6100000,0x0000008ab6200000)]
  0x0000020d499b6530 JavaThread "Unconstrained build operations Thread 7" [_thread_blocked, id=9352, stack(0x0000008ab6200000,0x0000008ab6300000)]
  0x0000020d499b7970 JavaThread "Unconstrained build operations Thread 8" [_thread_blocked, id=10512, stack(0x0000008ab6300000,0x0000008ab6400000)]
  0x0000020d499b88a0 JavaThread "Unconstrained build operations Thread 9" [_thread_blocked, id=11976, stack(0x0000008ab6400000,0x0000008ab6500000)]
  0x0000020d499b92c0 JavaThread "Unconstrained build operations Thread 10" [_thread_blocked, id=16192, stack(0x0000008ab6500000,0x0000008ab6600000)]
  0x0000020d466a7470 JavaThread "Unconstrained build operations Thread 11" [_thread_blocked, id=2232, stack(0x0000008ab6600000,0x0000008ab6700000)]
  0x0000020d466a6540 JavaThread "Unconstrained build operations Thread 12" [_thread_blocked, id=10216, stack(0x0000008ab6700000,0x0000008ab6800000)]
  0x0000020d466a0a20 JavaThread "Unconstrained build operations Thread 13" [_thread_blocked, id=4200, stack(0x0000008ab6800000,0x0000008ab6900000)]
  0x0000020d466a1950 JavaThread "Unconstrained build operations Thread 14" [_thread_blocked, id=11796, stack(0x0000008ab6900000,0x0000008ab6a00000)]
  0x0000020d466a0f30 JavaThread "Unconstrained build operations Thread 15" [_thread_blocked, id=372, stack(0x0000008ab6a00000,0x0000008ab6b00000)]
  0x0000020d466a5b20 JavaThread "Unconstrained build operations Thread 16" [_thread_blocked, id=9800, stack(0x0000008ab6b00000,0x0000008ab6c00000)]
  0x0000020d466a1e60 JavaThread "Unconstrained build operations Thread 17" [_thread_blocked, id=11684, stack(0x0000008ab6c00000,0x0000008ab6d00000)]
  0x0000020d466a2d90 JavaThread "Unconstrained build operations Thread 18" [_thread_blocked, id=14676, stack(0x0000008ab6d00000,0x0000008ab6e00000)]
  0x0000020d466a7980 JavaThread "Unconstrained build operations Thread 19" [_thread_blocked, id=12444, stack(0x0000008ab6e00000,0x0000008ab6f00000)]
  0x0000020d466a3cc0 JavaThread "Unconstrained build operations Thread 20" [_thread_blocked, id=840, stack(0x0000008ab6f00000,0x0000008ab7000000)]
  0x0000020d466a6f60 JavaThread "build event listener" [_thread_blocked, id=16268, stack(0x0000008ab7000000,0x0000008ab7100000)]
  0x0000020d466a32a0 JavaThread "build event listener" [_thread_blocked, id=3628, stack(0x0000008ab7100000,0x0000008ab7200000)]
  0x0000020d466a4bf0 JavaThread "Problems report writer" [_thread_blocked, id=2528, stack(0x0000008ab7200000,0x0000008ab7300000)]
  0x0000020d466a5100 JavaThread "Unconstrained build operations Thread 21" [_thread_blocked, id=9820, stack(0x0000008ab7300000,0x0000008ab7400000)]
  0x0000020d45598470 JavaThread "Unconstrained build operations Thread 22" [_thread_blocked, id=14544, stack(0x0000008ab7400000,0x0000008ab7500000)]
  0x0000020d45593d90 JavaThread "Unconstrained build operations Thread 23" [_thread_blocked, id=2476, stack(0x0000008ab7500000,0x0000008ab7600000)]
  0x0000020d45597030 JavaThread "Unconstrained build operations Thread 24" [_thread_blocked, id=2660, stack(0x0000008ab7600000,0x0000008ab7700000)]
  0x0000020d45598980 JavaThread "Unconstrained build operations Thread 25" [_thread_blocked, id=12968, stack(0x0000008ab7700000,0x0000008ab7800000)]
  0x0000020d45594cc0 JavaThread "Unconstrained build operations Thread 26" [_thread_blocked, id=7760, stack(0x0000008ab7800000,0x0000008ab7900000)]
  0x0000020d45599dc0 JavaThread "Unconstrained build operations Thread 27" [_thread_blocked, id=14764, stack(0x0000008ab7900000,0x0000008ab7a00000)]
  0x0000020d45593370 JavaThread "Unconstrained build operations Thread 28" [_thread_blocked, id=8776, stack(0x0000008ab7a00000,0x0000008ab7b00000)]
  0x0000020d455951d0 JavaThread "Unconstrained build operations Thread 29" [_thread_blocked, id=2872, stack(0x0000008ab7b00000,0x0000008ab7c00000)]

Other Threads:
=>0x0000020cfd9c56b0 VMThread "VM Thread" [stack: 0x0000008ab2800000,0x0000008ab2900000] [id=14672]
  0x0000020d451e9640 WatcherThread [stack: 0x0000008ab3400000,0x0000008ab3500000] [id=6436]
  0x0000020ccac6adb0 GCTaskThread "GC Thread#0" [stack: 0x0000008ab2300000,0x0000008ab2400000] [id=6828]
  0x0000020d4528f5c0 GCTaskThread "GC Thread#1" [stack: 0x0000008ab3600000,0x0000008ab3700000] [id=13968]
  0x0000020d4528f880 GCTaskThread "GC Thread#2" [stack: 0x0000008ab3700000,0x0000008ab3800000] [id=4600]
  0x0000020d4688a4c0 GCTaskThread "GC Thread#3" [stack: 0x0000008ab3500000,0x0000008ab3600000] [id=14772]
  0x0000020cc8a1e780 ConcurrentGCThread "G1 Main Marker" [stack: 0x0000008ab2400000,0x0000008ab2500000] [id=9172]
  0x0000020cfd82c540 ConcurrentGCThread "G1 Conc#0" [stack: 0x0000008ab2500000,0x0000008ab2600000] [id=15824]
  0x0000020cfd8848d0 ConcurrentGCThread "G1 Refine#0" [stack: 0x0000008ab2600000,0x0000008ab2700000] [id=4060]
  0x0000020d48146940 ConcurrentGCThread "G1 Refine#1" [stack: 0x0000008ab5200000,0x0000008ab5300000] [id=9996]
  0x0000020cfd885110 ConcurrentGCThread "G1 Service" [stack: 0x0000008ab2700000,0x0000008ab2800000] [id=13080]

Threads with active compile tasks:
C2 CompilerThread0    95928 18450       4       java.util.TreeMap::buildFromSorted (218 bytes)

VM state: at safepoint (normal execution)

VM Mutex/Monitor currently owned by a thread:  ([mutex/lock_event])
[0x0000020ccabbb600] Threads_lock - owner thread: 0x0000020cfd9c56b0
[0x0000020ccabba2e0] Heap_lock - owner thread: 0x0000020d4788c640

Heap address: 0x0000000600000000, size: 8192 MB, Compressed Oops mode: Zero based, Oop shift amount: 3

CDS archive(s) mapped at: [0x0000020d00000000-0x0000020d00bb0000-0x0000020d00bb0000), size 12255232, SharedBaseAddress: 0x0000020d00000000, ArchiveRelocationMode: 1.
Compressed class space mapped at: 0x0000020d01000000-0x0000020d41000000, reserved size: 1073741824
Narrow klass base: 0x0000020d00000000, Narrow klass shift: 0, Narrow klass range: 0x100000000

GC Precious Log:
 CPUs: 4 total, 4 available
 Memory: 8071M
 Large Page Support: Disabled
 NUMA Support: Disabled
 Compressed Oops: Enabled (Zero based)
 Heap Region Size: 4M
 Heap Min Capacity: 8M
 Heap Initial Capacity: 128M
 Heap Max Capacity: 8G
 Pre-touch: Disabled
 Parallel Workers: 4
 Concurrent Workers: 1
 Concurrent Refinement Workers: 4
 Periodic GC: Disabled

Heap:
 garbage-first heap   total 438272K, used 219326K [0x0000000600000000, 0x0000000800000000)
  region size 4096K, 2 young (8192K), 2 survivors (8192K)
 Metaspace       used 114346K, committed 115968K, reserved 1179648K
  class space    used 16083K, committed 16832K, reserved 1048576K

Heap Regions: E=young(eden), S=young(survivor), O=old, HS=humongous(starts), HC=humongous(continues), CS=collection set, F=free, OA=open archive, CA=closed archive, TAMS=top-at-mark-start (previous, next)
|   0|0x0000000600000000, 0x0000000600400000, 0x0000000600400000|100%|HS|  |TAMS 0x0000000600400000, 0x0000000600400000| Complete 
|   1|0x0000000600400000, 0x0000000600800000, 0x0000000600800000|100%| O|  |TAMS 0x0000000600800000, 0x0000000600800000| Untracked 
|   2|0x0000000600800000, 0x0000000600c00000, 0x0000000600c00000|100%| O|  |TAMS 0x0000000600c00000, 0x0000000600c00000| Untracked 
|   3|0x0000000600c00000, 0x0000000601000000, 0x0000000601000000|100%| O|  |TAMS 0x0000000601000000, 0x0000000601000000| Untracked 
|   4|0x0000000601000000, 0x0000000601400000, 0x0000000601400000|100%| O|  |TAMS 0x0000000601400000, 0x0000000601400000| Untracked 
|   5|0x0000000601400000, 0x0000000601800000, 0x0000000601800000|100%| O|  |TAMS 0x0000000601800000, 0x0000000601800000| Untracked 
|   6|0x0000000601800000, 0x0000000601c00000, 0x0000000601c00000|100%| O|  |TAMS 0x0000000601c00000, 0x0000000601c00000| Untracked 
|   7|0x0000000601c00000, 0x0000000602000000, 0x0000000602000000|100%| O|  |TAMS 0x0000000602000000, 0x0000000602000000| Untracked 
|   8|0x0000000602000000, 0x0000000602400000, 0x0000000602400000|100%| O|  |TAMS 0x0000000602400000, 0x0000000602400000| Untracked 
|   9|0x0000000602400000, 0x0000000602800000, 0x0000000602800000|100%| O|  |TAMS 0x0000000602800000, 0x0000000602800000| Untracked 
|  10|0x0000000602800000, 0x0000000602c00000, 0x0000000602c00000|100%| O|  |TAMS 0x0000000602c00000, 0x0000000602c00000| Untracked 
|  11|0x0000000602c00000, 0x0000000603000000, 0x0000000603000000|100%| O|  |TAMS 0x0000000603000000, 0x0000000603000000| Untracked 
|  12|0x0000000603000000, 0x0000000603400000, 0x0000000603400000|100%| O|  |TAMS 0x0000000603400000, 0x0000000603400000| Untracked 
|  13|0x0000000603400000, 0x0000000603800000, 0x0000000603800000|100%| O|  |TAMS 0x0000000603800000, 0x0000000603800000| Untracked 
|  14|0x0000000603800000, 0x0000000603c00000, 0x0000000603c00000|100%| O|  |TAMS 0x0000000603c00000, 0x0000000603c00000| Untracked 
|  15|0x0000000603c00000, 0x0000000604000000, 0x0000000604000000|100%| O|  |TAMS 0x0000000604000000, 0x0000000604000000| Untracked 
|  16|0x0000000604000000, 0x0000000604400000, 0x0000000604400000|100%| O|  |TAMS 0x0000000604400000, 0x0000000604400000| Untracked 
|  17|0x0000000604400000, 0x0000000604800000, 0x0000000604800000|100%| O|  |TAMS 0x0000000604800000, 0x0000000604800000| Untracked 
|  18|0x0000000604800000, 0x0000000604c00000, 0x0000000604c00000|100%| O|  |TAMS 0x0000000604c00000, 0x0000000604c00000| Untracked 
|  19|0x0000000604c00000, 0x0000000605000000, 0x0000000605000000|100%| O|  |TAMS 0x0000000605000000, 0x0000000605000000| Untracked 
|  20|0x0000000605000000, 0x0000000605400000, 0x0000000605400000|100%| O|  |TAMS 0x0000000605400000, 0x0000000605400000| Untracked 
|  21|0x0000000605400000, 0x0000000605800000, 0x0000000605800000|100%| O|  |TAMS 0x0000000605800000, 0x0000000605800000| Untracked 
|  22|0x0000000605800000, 0x0000000605c00000, 0x0000000605c00000|100%| O|  |TAMS 0x0000000605c00000, 0x0000000605c00000| Untracked 
|  23|0x0000000605c00000, 0x0000000606000000, 0x0000000606000000|100%| O|  |TAMS 0x0000000606000000, 0x0000000606000000| Untracked 
|  24|0x0000000606000000, 0x0000000606400000, 0x0000000606400000|100%| O|  |TAMS 0x0000000606400000, 0x0000000606400000| Untracked 
|  25|0x0000000606400000, 0x0000000606800000, 0x0000000606800000|100%| O|  |TAMS 0x0000000606800000, 0x0000000606800000| Untracked 
|  26|0x0000000606800000, 0x0000000606c00000, 0x0000000606c00000|100%| O|  |TAMS 0x0000000606c00000, 0x0000000606c00000| Untracked 
|  27|0x0000000606c00000, 0x0000000607000000, 0x0000000607000000|100%| O|  |TAMS 0x0000000607000000, 0x0000000607000000| Untracked 
|  28|0x0000000607000000, 0x0000000607400000, 0x0000000607400000|100%| O|  |TAMS 0x0000000607400000, 0x0000000607400000| Untracked 
|  29|0x0000000607400000, 0x0000000607800000, 0x0000000607800000|100%| O|  |TAMS 0x0000000607800000, 0x0000000607800000| Untracked 
|  30|0x0000000607800000, 0x0000000607c00000, 0x0000000607c00000|100%| O|  |TAMS 0x0000000607c00000, 0x0000000607c00000| Untracked 
|  31|0x0000000607c00000, 0x0000000607c00000, 0x0000000608000000|  0%| F|  |TAMS 0x0000000607c00000, 0x0000000607c00000| Untracked 
|  32|0x0000000608000000, 0x0000000608400000, 0x0000000608400000|100%| O|  |TAMS 0x0000000608400000, 0x0000000608400000| Untracked 
|  33|0x0000000608400000, 0x0000000608800000, 0x0000000608800000|100%| O|  |TAMS 0x0000000608800000, 0x0000000608800000| Untracked 
|  34|0x0000000608800000, 0x0000000608c00000, 0x0000000608c00000|100%| O|  |TAMS 0x0000000608c00000, 0x0000000608c00000| Untracked 
|  35|0x0000000608c00000, 0x0000000609000000, 0x0000000609000000|100%| O|  |TAMS 0x0000000609000000, 0x0000000609000000| Untracked 
|  36|0x0000000609000000, 0x0000000609400000, 0x0000000609400000|100%| O|  |TAMS 0x0000000609400000, 0x0000000609400000| Untracked 
|  37|0x0000000609400000, 0x0000000609800000, 0x0000000609800000|100%| O|  |TAMS 0x0000000609800000, 0x0000000609800000| Untracked 
|  38|0x0000000609800000, 0x0000000609c00000, 0x0000000609c00000|100%| O|  |TAMS 0x0000000609c00000, 0x0000000609c00000| Untracked 
|  39|0x0000000609c00000, 0x000000060a000000, 0x000000060a000000|100%| O|  |TAMS 0x000000060a000000, 0x000000060a000000| Untracked 
|  40|0x000000060a000000, 0x000000060a400000, 0x000000060a400000|100%| O|  |TAMS 0x000000060a400000, 0x000000060a400000| Untracked 
|  41|0x000000060a400000, 0x000000060a800000, 0x000000060a800000|100%| O|  |TAMS 0x000000060a800000, 0x000000060a800000| Untracked 
|  42|0x000000060a800000, 0x000000060ac00000, 0x000000060ac00000|100%| O|  |TAMS 0x000000060ac00000, 0x000000060ac00000| Untracked 
|  43|0x000000060ac00000, 0x000000060b000000, 0x000000060b000000|100%| O|  |TAMS 0x000000060b000000, 0x000000060b000000| Untracked 
|  44|0x000000060b000000, 0x000000060b400000, 0x000000060b400000|100%| O|  |TAMS 0x000000060b400000, 0x000000060b400000| Untracked 
|  45|0x000000060b400000, 0x000000060b800000, 0x000000060b800000|100%| O|  |TAMS 0x000000060b6c5000, 0x000000060b800000| Untracked 
|  46|0x000000060b800000, 0x000000060bc00000, 0x000000060bc00000|100%| O|  |TAMS 0x000000060b800000, 0x000000060bc00000| Untracked 
|  47|0x000000060bc00000, 0x000000060c000000, 0x000000060c000000|100%| O|  |TAMS 0x000000060bc00000, 0x000000060c000000| Untracked 
|  48|0x000000060c000000, 0x000000060c400000, 0x000000060c400000|100%| O|  |TAMS 0x000000060c000000, 0x000000060c400000| Untracked 
|  49|0x000000060c400000, 0x000000060c800000, 0x000000060c800000|100%| O|  |TAMS 0x000000060c400000, 0x000000060c800000| Untracked 
|  50|0x000000060c800000, 0x000000060cc00000, 0x000000060cc00000|100%| O|  |TAMS 0x000000060c800000, 0x000000060cc00000| Untracked 
|  51|0x000000060cc00000, 0x000000060d000000, 0x000000060d000000|100%| O|  |TAMS 0x000000060cc00000, 0x000000060d000000| Untracked 
|  52|0x000000060d000000, 0x000000060d286800, 0x000000060d400000| 63%| O|  |TAMS 0x000000060d000000, 0x000000060d286800| Untracked 
|  53|0x000000060d400000, 0x000000060d400000, 0x000000060d800000|  0%| F|  |TAMS 0x000000060d400000, 0x000000060d400000| Untracked 
|  54|0x000000060d800000, 0x000000060d800000, 0x000000060dc00000|  0%| F|  |TAMS 0x000000060d800000, 0x000000060d800000| Untracked 
|  55|0x000000060dc00000, 0x000000060dc00000, 0x000000060e000000|  0%| F|  |TAMS 0x000000060dc00000, 0x000000060dc00000| Untracked 
|  56|0x000000060e000000, 0x000000060e000000, 0x000000060e400000|  0%| F|  |TAMS 0x000000060e000000, 0x000000060e000000| Untracked 
|  57|0x000000060e400000, 0x000000060e400000, 0x000000060e800000|  0%| F|  |TAMS 0x000000060e400000, 0x000000060e400000| Untracked 
|  58|0x000000060e800000, 0x000000060e800000, 0x000000060ec00000|  0%| F|  |TAMS 0x000000060e800000, 0x000000060e800000| Untracked 
|  59|0x000000060ec00000, 0x000000060ec00000, 0x000000060f000000|  0%| F|  |TAMS 0x000000060ec00000, 0x000000060ec00000| Untracked 
|  60|0x000000060f000000, 0x000000060f000000, 0x000000060f400000|  0%| F|  |TAMS 0x000000060f000000, 0x000000060f000000| Untracked 
|  61|0x000000060f400000, 0x000000060f400000, 0x000000060f800000|  0%| F|  |TAMS 0x000000060f400000, 0x000000060f400000| Untracked 
|  62|0x000000060f800000, 0x000000060f800000, 0x000000060fc00000|  0%| F|  |TAMS 0x000000060f800000, 0x000000060f800000| Untracked 
|  63|0x000000060fc00000, 0x000000060fc00000, 0x0000000610000000|  0%| F|  |TAMS 0x000000060fc00000, 0x000000060fc00000| Untracked 
|  64|0x0000000610000000, 0x0000000610000000, 0x0000000610400000|  0%| F|  |TAMS 0x0000000610000000, 0x0000000610000000| Untracked 
|  65|0x0000000610400000, 0x0000000610400000, 0x0000000610800000|  0%| F|  |TAMS 0x0000000610400000, 0x0000000610400000| Untracked 
|  66|0x0000000610800000, 0x0000000610800000, 0x0000000610c00000|  0%| F|  |TAMS 0x0000000610800000, 0x0000000610800000| Untracked 
|  67|0x0000000610c00000, 0x0000000610c00000, 0x0000000611000000|  0%| F|  |TAMS 0x0000000610c00000, 0x0000000610c00000| Untracked 
|  68|0x0000000611000000, 0x0000000611000000, 0x0000000611400000|  0%| F|  |TAMS 0x0000000611000000, 0x0000000611000000| Untracked 
|  69|0x0000000611400000, 0x0000000611400000, 0x0000000611800000|  0%| F|  |TAMS 0x0000000611400000, 0x0000000611400000| Untracked 
|  70|0x0000000611800000, 0x0000000611ba92a8, 0x0000000611c00000| 91%| S|CS|TAMS 0x0000000611800000, 0x0000000611800000| Complete 
|  71|0x0000000611c00000, 0x0000000612000000, 0x0000000612000000|100%| S|CS|TAMS 0x0000000611c00000, 0x0000000611c00000| Complete 
|  72|0x0000000612000000, 0x0000000612000000, 0x0000000612400000|  0%| F|  |TAMS 0x0000000612000000, 0x0000000612000000| Untracked 
|  73|0x0000000612400000, 0x0000000612400000, 0x0000000612800000|  0%| F|  |TAMS 0x0000000612400000, 0x0000000612400000| Untracked 
|  74|0x0000000612800000, 0x0000000612800000, 0x0000000612c00000|  0%| F|  |TAMS 0x0000000612800000, 0x0000000612800000| Untracked 
|  75|0x0000000612c00000, 0x0000000612c00000, 0x0000000613000000|  0%| F|  |TAMS 0x0000000612c00000, 0x0000000612c00000| Untracked 
|  76|0x0000000613000000, 0x0000000613000000, 0x0000000613400000|  0%| F|  |TAMS 0x0000000613000000, 0x0000000613000000| Untracked 
|  77|0x0000000613400000, 0x0000000613400000, 0x0000000613800000|  0%| F|  |TAMS 0x0000000613400000, 0x0000000613400000| Untracked 
|  78|0x0000000613800000, 0x0000000613800000, 0x0000000613c00000|  0%| F|  |TAMS 0x0000000613800000, 0x0000000613800000| Untracked 
|  79|0x0000000613c00000, 0x0000000613c00000, 0x0000000614000000|  0%| F|  |TAMS 0x0000000613c00000, 0x0000000613c00000| Untracked 
|  80|0x0000000614000000, 0x0000000614000000, 0x0000000614400000|  0%| F|  |TAMS 0x0000000614000000, 0x0000000614000000| Untracked 
|  81|0x0000000614400000, 0x0000000614400000, 0x0000000614800000|  0%| F|  |TAMS 0x0000000614400000, 0x0000000614400000| Untracked 
|  82|0x0000000614800000, 0x0000000614800000, 0x0000000614c00000|  0%| F|  |TAMS 0x0000000614800000, 0x0000000614800000| Untracked 
|  83|0x0000000614c00000, 0x0000000614c00000, 0x0000000615000000|  0%| F|  |TAMS 0x0000000614c00000, 0x0000000614c00000| Untracked 
|  84|0x0000000615000000, 0x0000000615000000, 0x0000000615400000|  0%| F|  |TAMS 0x0000000615000000, 0x0000000615000000| Untracked 
|  85|0x0000000615400000, 0x0000000615400000, 0x0000000615800000|  0%| F|  |TAMS 0x0000000615400000, 0x0000000615400000| Untracked 
|  86|0x0000000615800000, 0x0000000615800000, 0x0000000615c00000|  0%| F|  |TAMS 0x0000000615800000, 0x0000000615800000| Untracked 
|  87|0x0000000615c00000, 0x0000000615c00000, 0x0000000616000000|  0%| F|  |TAMS 0x0000000615c00000, 0x0000000615c00000| Untracked 
|  88|0x0000000616000000, 0x0000000616000000, 0x0000000616400000|  0%| F|  |TAMS 0x0000000616000000, 0x0000000616000000| Untracked 
|  89|0x0000000616400000, 0x0000000616400000, 0x0000000616800000|  0%| F|  |TAMS 0x0000000616400000, 0x0000000616400000| Untracked 
|  90|0x0000000616800000, 0x0000000616800000, 0x0000000616c00000|  0%| F|  |TAMS 0x0000000616800000, 0x0000000616800000| Untracked 
|  91|0x0000000616c00000, 0x0000000616c00000, 0x0000000617000000|  0%| F|  |TAMS 0x0000000616c00000, 0x0000000616c00000| Untracked 
|  92|0x0000000617000000, 0x0000000617000000, 0x0000000617400000|  0%| F|  |TAMS 0x0000000617000000, 0x0000000617000000| Untracked 
|  93|0x0000000617400000, 0x0000000617400000, 0x0000000617800000|  0%| F|  |TAMS 0x0000000617400000, 0x0000000617400000| Untracked 
|  94|0x0000000617800000, 0x0000000617800000, 0x0000000617c00000|  0%| F|  |TAMS 0x0000000617800000, 0x0000000617800000| Untracked 
|  95|0x0000000617c00000, 0x0000000617c00000, 0x0000000618000000|  0%| F|  |TAMS 0x0000000617c00000, 0x0000000617c00000| Untracked 
|  96|0x0000000618000000, 0x0000000618000000, 0x0000000618400000|  0%| F|  |TAMS 0x0000000618000000, 0x0000000618000000| Untracked 
|  97|0x0000000618400000, 0x0000000618400000, 0x0000000618800000|  0%| F|  |TAMS 0x0000000618400000, 0x0000000618400000| Untracked 
|  98|0x0000000618800000, 0x0000000618800000, 0x0000000618c00000|  0%| F|  |TAMS 0x0000000618800000, 0x0000000618800000| Untracked 
|  99|0x0000000618c00000, 0x0000000618c00000, 0x0000000619000000|  0%| F|  |TAMS 0x0000000618c00000, 0x0000000618c00000| Untracked 
| 100|0x0000000619000000, 0x0000000619000000, 0x0000000619400000|  0%| F|  |TAMS 0x0000000619000000, 0x0000000619000000| Untracked 
| 101|0x0000000619400000, 0x0000000619400000, 0x0000000619800000|  0%| F|  |TAMS 0x0000000619400000, 0x0000000619400000| Untracked 
| 102|0x0000000619800000, 0x0000000619800000, 0x0000000619c00000|  0%| F|  |TAMS 0x0000000619800000, 0x0000000619800000| Untracked 
| 103|0x0000000619c00000, 0x0000000619c00000, 0x000000061a000000|  0%| F|  |TAMS 0x0000000619c00000, 0x0000000619c00000| Untracked 
| 104|0x000000061a000000, 0x000000061a000000, 0x000000061a400000|  0%| F|  |TAMS 0x000000061a000000, 0x000000061a000000| Untracked 
| 105|0x000000061a400000, 0x000000061a400000, 0x000000061a800000|  0%| F|  |TAMS 0x000000061a400000, 0x000000061a400000| Untracked 
| 106|0x000000061a800000, 0x000000061a800000, 0x000000061ac00000|  0%| F|  |TAMS 0x000000061a800000, 0x000000061a800000| Untracked 

Card table byte_map: [0x0000020cf3820000,0x0000020cf4820000] _byte_map_base: 0x0000020cf0820000

Marking Bits (Prev, Next): (CMBitMap*) 0x0000020ccac6b3d0, (CMBitMap*) 0x0000020ccac6b410
 Prev Bits: [0x0000020cf5820000, 0x0000020cfd820000)
 Next Bits: [0x0000020c80000000, 0x0000020c88000000)

Polling page: 0x0000020cc8b80000

Metaspace:

Usage:
  Non-class:     95.96 MB used.
      Class:     15.71 MB used.
       Both:    111.67 MB used.

Virtual space:
  Non-class space:      128.00 MB reserved,      96.81 MB ( 76%) committed,  2 nodes.
      Class space:        1.00 GB reserved,      16.44 MB (  2%) committed,  1 nodes.
             Both:        1.12 GB reserved,     113.25 MB ( 10%) committed. 

Chunk freelists:
   Non-Class:  14.30 MB
       Class:  15.60 MB
        Both:  29.90 MB

MaxMetaspaceSize: 4.00 GB
CompressedClassSpaceSize: 1.00 GB
Initial GC threshold: 21.00 MB
Current GC threshold: 188.06 MB
CDS: on
MetaspaceReclaimPolicy: balanced
 - commit_granule_bytes: 65536.
 - commit_granule_words: 8192.
 - virtual_space_node_default_size: 8388608.
 - enlarge_chunks_in_place: 1.
 - new_chunks_are_fully_committed: 0.
 - uncommit_free_chunks: 1.
 - use_allocation_guard: 0.
 - handle_deallocations: 1.


Internal statistics:

num_allocs_failed_limit: 6.
num_arena_births: 2280.
num_arena_deaths: 2.
num_vsnodes_births: 3.
num_vsnodes_deaths: 0.
num_space_committed: 1812.
num_space_uncommitted: 0.
num_chunks_returned_to_freelist: 9.
num_chunks_taken_from_freelist: 7811.
num_chunk_merges: 6.
num_chunk_splits: 4928.
num_chunks_enlarged: 2990.
num_inconsistent_stats: 0.

CodeHeap 'non-profiled nmethods': size=259264Kb used=9745Kb max_used=10157Kb free=249518Kb
 bounds [0x0000020ce29e0000, 0x0000020ce33d0000, 0x0000020cf2710000]
CodeHeap 'profiled nmethods': size=259264Kb used=28008Kb max_used=30080Kb free=231255Kb
 bounds [0x0000020cd2710000, 0x0000020cd4480000, 0x0000020ce2440000]
CodeHeap 'non-nmethods': size=5760Kb used=1781Kb max_used=1857Kb free=3978Kb
 bounds [0x0000020ce2440000, 0x0000020ce26b0000, 0x0000020ce29e0000]
 total_blobs=15733 nmethods=14845 adapters=799
 compilation: enabled
              stopped_count=0, restarted_count=0
 full_count=0

Compilation events (20 events):
Event: 95.722 Thread 0x0000020cfd9fdc30 18502       1       com.android.build.gradle.internal.attributes.VariantAttr$Impl::getName (5 bytes)
Event: 95.722 Thread 0x0000020cfd9fdc30 nmethod 18502 0x0000020ce2cff190 code [0x0000020ce2cff320, 0x0000020ce2cff3f8]
Event: 95.722 Thread 0x0000020cfd9fdc30 18503       1       com.android.build.api.attributes.AgpVersionAttr$Impl::getName (5 bytes)
Event: 95.722 Thread 0x0000020cfd9fdc30 nmethod 18503 0x0000020ce2cfee10 code [0x0000020ce2cfefa0, 0x0000020ce2cff078]
Event: 95.723 Thread 0x0000020cfd9fdc30 18504       3       org.gradle.api.internal.project.DefaultProject_Decorated::getProviders (32 bytes)
Event: 95.723 Thread 0x0000020cfd9fdc30 nmethod 18504 0x0000020cd2be2310 code [0x0000020cd2be2500, 0x0000020cd2be2b98]
Event: 95.740 Thread 0x0000020cfd9fdc30 18505       2       org.gradle.internal.cc.impl.problems.JsonWriter::property (22 bytes)
Event: 95.741 Thread 0x0000020cfd9fdc30 nmethod 18505 0x0000020cd2f01610 code [0x0000020cd2f01840, 0x0000020cd2f01d18]
Event: 95.741 Thread 0x0000020cfd9fdc30 18506       2       com.fasterxml.jackson.core.JsonGenerator::writeStringField (11 bytes)
Event: 95.742 Thread 0x0000020cfd9fdc30 nmethod 18506 0x0000020cd2bf9f90 code [0x0000020cd2bfa140, 0x0000020cd2bfa298]
Event: 95.742 Thread 0x0000020cfd9fdc30 18507       2       com.fasterxml.jackson.core.json.WriterBasedJsonGenerator::writeString (91 bytes)
Event: 95.742 Thread 0x0000020cfd9fdc30 nmethod 18507 0x0000020cd286e610 code [0x0000020cd286e800, 0x0000020cd286eaa8]
Event: 95.744 Thread 0x0000020cfd9fdc30 18508       3       org.gradle.internal.resources.AbstractResourceLockRegistry::detailsForCurrentThread (54 bytes)
Event: 95.746 Thread 0x0000020cfd9fdc30 nmethod 18508 0x0000020cd2c96e90 code [0x0000020cd2c970c0, 0x0000020cd2c97a58]
Event: 95.755 Thread 0x0000020cfd9fdc30 18509       2       org.gradle.internal.component.resolution.failure.ResolutionFailureHandler::addFailureDescriber (10 bytes)
Event: 95.756 Thread 0x0000020cfd9fdc30 nmethod 18509 0x0000020cd2ca9310 code [0x0000020cd2ca94c0, 0x0000020cd2ca95e8]
Event: 95.789 Thread 0x0000020cfd9fdc30 18510       2       org.gradle.api.internal.collections.ListElementSource::iterator (9 bytes)
Event: 95.790 Thread 0x0000020cfd9fdc30 nmethod 18510 0x0000020cd2e14c10 code [0x0000020cd2e14dc0, 0x0000020cd2e14f18]
Event: 95.790 Thread 0x0000020cfd9fdc30 18511       2       org.gradle.api.internal.collections.ListElementSource$RealizedElementListIterator::<init> (23 bytes)
Event: 95.790 Thread 0x0000020cfd9fdc30 nmethod 18511 0x0000020cd2e27b90 code [0x0000020cd2e27d40, 0x0000020cd2e27ee8]

GC Heap History (20 events):
Event: 75.966 GC heap after
{Heap after GC invocations=52 (full 0):
 garbage-first heap   total 282624K, used 153592K [0x0000000600000000, 0x0000000800000000)
  region size 4096K, 3 young (12288K), 3 survivors (12288K)
 Metaspace       used 102260K, committed 103616K, reserved 1179648K
  class space    used 14479K, committed 15104K, reserved 1048576K
}
Event: 77.635 GC heap before
{Heap before GC invocations=53 (full 0):
 garbage-first heap   total 294912K, used 223224K [0x0000000600000000, 0x0000000800000000)
  region size 4096K, 21 young (86016K), 3 survivors (12288K)
 Metaspace       used 102388K, committed 103744K, reserved 1179648K
  class space    used 14484K, committed 15104K, reserved 1048576K
}
Event: 77.660 GC heap after
{Heap after GC invocations=54 (full 0):
 garbage-first heap   total 294912K, used 158786K [0x0000000600000000, 0x0000000800000000)
  region size 4096K, 2 young (8192K), 2 survivors (8192K)
 Metaspace       used 102388K, committed 103744K, reserved 1179648K
  class space    used 14484K, committed 15104K, reserved 1048576K
}
Event: 78.980 GC heap before
{Heap before GC invocations=54 (full 0):
 garbage-first heap   total 294912K, used 236610K [0x0000000600000000, 0x0000000800000000)
  region size 4096K, 21 young (86016K), 2 survivors (8192K)
 Metaspace       used 102388K, committed 103744K, reserved 1179648K
  class space    used 14484K, committed 15104K, reserved 1048576K
}
Event: 78.994 GC heap after
{Heap after GC invocations=55 (full 0):
 garbage-first heap   total 356352K, used 160509K [0x0000000600000000, 0x0000000800000000)
  region size 4096K, 2 young (8192K), 2 survivors (8192K)
 Metaspace       used 102388K, committed 103744K, reserved 1179648K
  class space    used 14484K, committed 15104K, reserved 1048576K
}
Event: 81.172 GC heap before
{Heap before GC invocations=56 (full 0):
 garbage-first heap   total 356352K, used 283389K [0x0000000600000000, 0x0000000800000000)
  region size 4096K, 33 young (135168K), 2 survivors (8192K)
 Metaspace       used 102576K, committed 103872K, reserved 1179648K
  class space    used 14499K, committed 15104K, reserved 1048576K
}
Event: 81.200 GC heap after
{Heap after GC invocations=57 (full 0):
 garbage-first heap   total 356352K, used 174772K [0x0000000600000000, 0x0000000800000000)
  region size 4096K, 5 young (20480K), 5 survivors (20480K)
 Metaspace       used 102576K, committed 103872K, reserved 1179648K
  class space    used 14499K, committed 15104K, reserved 1048576K
}
Event: 83.187 GC heap before
{Heap before GC invocations=57 (full 0):
 garbage-first heap   total 356352K, used 277172K [0x0000000600000000, 0x0000000800000000)
  region size 4096K, 30 young (122880K), 5 survivors (20480K)
 Metaspace       used 105192K, committed 106624K, reserved 1179648K
  class space    used 14883K, committed 15552K, reserved 1048576K
}
Event: 83.226 GC heap after
{Heap after GC invocations=58 (full 0):
 garbage-first heap   total 356352K, used 189168K [0x0000000600000000, 0x0000000800000000)
  region size 4096K, 4 young (16384K), 4 survivors (16384K)
 Metaspace       used 105192K, committed 106624K, reserved 1179648K
  class space    used 14883K, committed 15552K, reserved 1048576K
}
Event: 84.468 GC heap before
{Heap before GC invocations=58 (full 0):
 garbage-first heap   total 356352K, used 287472K [0x0000000600000000, 0x0000000800000000)
  region size 4096K, 28 young (114688K), 4 survivors (16384K)
 Metaspace       used 108546K, committed 109952K, reserved 1179648K
  class space    used 15337K, committed 16000K, reserved 1048576K
}
Event: 84.492 GC heap after
{Heap after GC invocations=59 (full 0):
 garbage-first heap   total 356352K, used 193726K [0x0000000600000000, 0x0000000800000000)
  region size 4096K, 2 young (8192K), 2 survivors (8192K)
 Metaspace       used 108546K, committed 109952K, reserved 1179648K
  class space    used 15337K, committed 16000K, reserved 1048576K
}
Event: 88.793 GC heap before
{Heap before GC invocations=60 (full 0):
 garbage-first heap   total 376832K, used 287934K [0x0000000600000000, 0x0000000800000000)
  region size 4096K, 25 young (102400K), 2 survivors (8192K)
 Metaspace       used 113180K, committed 114624K, reserved 1179648K
  class space    used 15962K, committed 16640K, reserved 1048576K
}
Event: 88.815 GC heap after
{Heap after GC invocations=61 (full 0):
 garbage-first heap   total 376832K, used 198938K [0x0000000600000000, 0x0000000800000000)
  region size 4096K, 3 young (12288K), 3 survivors (12288K)
 Metaspace       used 113180K, committed 114624K, reserved 1179648K
  class space    used 15962K, committed 16640K, reserved 1048576K
}
Event: 91.440 GC heap before
{Heap before GC invocations=61 (full 0):
 garbage-first heap   total 376832K, used 297242K [0x0000000600000000, 0x0000000800000000)
  region size 4096K, 28 young (114688K), 3 survivors (12288K)
 Metaspace       used 113865K, committed 115392K, reserved 1179648K
  class space    used 16037K, committed 16768K, reserved 1048576K
}
Event: 91.467 GC heap after
{Heap after GC invocations=62 (full 0):
 garbage-first heap   total 376832K, used 206417K [0x0000000600000000, 0x0000000800000000)
  region size 4096K, 4 young (16384K), 4 survivors (16384K)
 Metaspace       used 113865K, committed 115392K, reserved 1179648K
  class space    used 16037K, committed 16768K, reserved 1048576K
}
Event: 93.116 GC heap before
{Heap before GC invocations=63 (full 0):
 garbage-first heap   total 438272K, used 296529K [0x0000000600000000, 0x0000000800000000)
  region size 4096K, 27 young (110592K), 4 survivors (16384K)
 Metaspace       used 114192K, committed 115776K, reserved 1179648K
  class space    used 16074K, committed 16832K, reserved 1048576K
}
Event: 93.154 GC heap after
{Heap after GC invocations=64 (full 0):
 garbage-first heap   total 438272K, used 213826K [0x0000000600000000, 0x0000000800000000)
  region size 4096K, 4 young (16384K), 4 survivors (16384K)
 Metaspace       used 114192K, committed 115776K, reserved 1179648K
  class space    used 16074K, committed 16832K, reserved 1048576K
}
Event: 93.223 GC heap before
{Heap before GC invocations=64 (full 0):
 garbage-first heap   total 438272K, used 217922K [0x0000000600000000, 0x0000000800000000)
  region size 4096K, 5 young (20480K), 4 survivors (16384K)
 Metaspace       used 114192K, committed 115776K, reserved 1179648K
  class space    used 16074K, committed 16832K, reserved 1048576K
}
Event: 93.252 GC heap after
{Heap after GC invocations=65 (full 0):
 garbage-first heap   total 438272K, used 214173K [0x0000000600000000, 0x0000000800000000)
  region size 4096K, 1 young (4096K), 1 survivors (4096K)
 Metaspace       used 114192K, committed 115776K, reserved 1179648K
  class space    used 16074K, committed 16832K, reserved 1048576K
}
Event: 95.793 GC heap before
{Heap before GC invocations=65 (full 0):
 garbage-first heap   total 438272K, used 349341K [0x0000000600000000, 0x0000000800000000)
  region size 4096K, 35 young (143360K), 1 survivors (4096K)
 Metaspace       used 114346K, committed 115968K, reserved 1179648K
  class space    used 16083K, committed 16832K, reserved 1048576K
}

Dll operation events (15 events):
Event: 0.016 Loaded shared library C:\Program Files\Eclipse Adoptium\jdk-17.0.16.8-hotspot\bin\java.dll
Event: 0.039 Loaded shared library C:\Program Files\Eclipse Adoptium\jdk-17.0.16.8-hotspot\bin\jsvml.dll
Event: 0.134 Loaded shared library C:\Program Files\Eclipse Adoptium\jdk-17.0.16.8-hotspot\bin\zip.dll
Event: 0.139 Loaded shared library C:\Program Files\Eclipse Adoptium\jdk-17.0.16.8-hotspot\bin\instrument.dll
Event: 0.149 Loaded shared library C:\Program Files\Eclipse Adoptium\jdk-17.0.16.8-hotspot\bin\net.dll
Event: 0.153 Loaded shared library C:\Program Files\Eclipse Adoptium\jdk-17.0.16.8-hotspot\bin\nio.dll
Event: 0.155 Loaded shared library C:\Program Files\Eclipse Adoptium\jdk-17.0.16.8-hotspot\bin\zip.dll
Event: 0.731 Loaded shared library C:\Program Files\Eclipse Adoptium\jdk-17.0.16.8-hotspot\bin\jimage.dll
Event: 1.226 Loaded shared library C:\Program Files\Eclipse Adoptium\jdk-17.0.16.8-hotspot\bin\verify.dll
Event: 1.321 Loaded shared library C:\Users\HP\.gradle\native\1def1411415f61bf3af743bc5b6707747c0891f09f0c88961ee8f79bc544acac\windows-amd64\native-platform.dll
Event: 1.350 Loaded shared library C:\Users\HP\.gradle\native\0.2.8\x86_64-windows-gnu\gradle-fileevents.dll
Event: 3.722 Loaded shared library C:\Program Files\Eclipse Adoptium\jdk-17.0.16.8-hotspot\bin\management.dll
Event: 3.729 Loaded shared library C:\Program Files\Eclipse Adoptium\jdk-17.0.16.8-hotspot\bin\management_ext.dll
Event: 4.555 Loaded shared library C:\Program Files\Eclipse Adoptium\jdk-17.0.16.8-hotspot\bin\extnet.dll
Event: 5.006 Loaded shared library C:\Program Files\Eclipse Adoptium\jdk-17.0.16.8-hotspot\bin\sunmscapi.dll

Deoptimization events (20 events):
Event: 92.819 Thread 0x0000020cfd9f5760 DEOPT PACKING pc=0x0000020cd40d71db sp=0x0000008ab3ef57e0
Event: 92.819 Thread 0x0000020cfd9f5760 DEOPT UNPACKING pc=0x0000020ce2497143 sp=0x0000008ab3ef4c90 mode 0
Event: 92.819 Thread 0x0000020cfd9f5760 DEOPT PACKING pc=0x0000020cd40d71db sp=0x0000008ab3ef57e0
Event: 92.819 Thread 0x0000020cfd9f5760 DEOPT UNPACKING pc=0x0000020ce2497143 sp=0x0000008ab3ef4c90 mode 0
Event: 92.822 Thread 0x0000020cfd9f5760 DEOPT PACKING pc=0x0000020cd3bb488a sp=0x0000008ab3ef5870
Event: 92.822 Thread 0x0000020cfd9f5760 DEOPT UNPACKING pc=0x0000020ce2497143 sp=0x0000008ab3ef4d58 mode 0
Event: 92.823 Thread 0x0000020cfd9f5760 DEOPT PACKING pc=0x0000020cd3bb488a sp=0x0000008ab3ef59b0
Event: 92.823 Thread 0x0000020cfd9f5760 DEOPT UNPACKING pc=0x0000020ce2497143 sp=0x0000008ab3ef4e98 mode 0
Event: 92.823 Thread 0x0000020cfd9f5760 DEOPT PACKING pc=0x0000020cd3bb488a sp=0x0000008ab3ef5960
Event: 92.823 Thread 0x0000020cfd9f5760 DEOPT UNPACKING pc=0x0000020ce2497143 sp=0x0000008ab3ef4e48 mode 0
Event: 92.827 Thread 0x0000020d466a4bf0 DEOPT PACKING pc=0x0000020cd3e856a3 sp=0x0000008ab72fe620
Event: 92.827 Thread 0x0000020d466a4bf0 DEOPT UNPACKING pc=0x0000020ce2497143 sp=0x0000008ab72fdab0 mode 0
Event: 93.025 Thread 0x0000020cfd9f5760 DEOPT PACKING pc=0x0000020cd2cfc1b3 sp=0x0000008ab3ef7d00
Event: 93.025 Thread 0x0000020cfd9f5760 DEOPT UNPACKING pc=0x0000020ce2497143 sp=0x0000008ab3ef71a8 mode 0
Event: 93.383 Thread 0x0000020cfd9f5760 Uncommon trap: trap_request=0xffffff45 fr.pc=0x0000020ce3020770 relative=0x0000000000003910
Event: 93.383 Thread 0x0000020cfd9f5760 Uncommon trap: reason=unstable_if action=reinterpret pc=0x0000020ce3020770 method=java.util.concurrent.FutureTask.awaitDone(ZJ)I @ 38 c2
Event: 93.384 Thread 0x0000020cfd9f5760 DEOPT PACKING pc=0x0000020ce3020770 sp=0x0000008ab3ef3ae0
Event: 93.384 Thread 0x0000020cfd9f5760 DEOPT UNPACKING pc=0x0000020ce24969a3 sp=0x0000008ab3ef3640 mode 2
Event: 93.453 Thread 0x0000020cfd9f5760 DEOPT PACKING pc=0x0000020cd2eeb121 sp=0x0000008ab3ef75c0
Event: 93.453 Thread 0x0000020cfd9f5760 DEOPT UNPACKING pc=0x0000020ce2497143 sp=0x0000008ab3ef6a58 mode 0

Classes loaded (20 events):
Event: 88.861 Loading class java/util/Collections$EmptyListIterator
Event: 88.861 Loading class java/util/Collections$EmptyListIterator done
Event: 88.884 Loading class java/io/CharArrayWriter
Event: 88.884 Loading class java/io/CharArrayWriter done
Event: 88.900 Loading class java/time/Instant$1
Event: 88.901 Loading class java/time/Instant$1 done
Event: 88.968 Loading class java/util/Locale$1
Event: 88.968 Loading class java/util/Locale$1 done
Event: 88.977 Loading class java/net/UrlDeserializedState
Event: 88.978 Loading class java/net/UrlDeserializedState done
Event: 89.004 Loading class java/util/concurrent/CompletableFuture$AsyncRun
Event: 89.006 Loading class java/util/concurrent/CompletableFuture$AsyncRun done
Event: 89.773 Loading class jdk/internal/math/FormattedFloatingDecimal$Form
Event: 89.773 Loading class jdk/internal/math/FormattedFloatingDecimal$Form done
Event: 89.773 Loading class jdk/internal/math/FormattedFloatingDecimal
Event: 89.774 Loading class jdk/internal/math/FormattedFloatingDecimal done
Event: 89.774 Loading class jdk/internal/math/FormattedFloatingDecimal$1
Event: 89.774 Loading class jdk/internal/math/FormattedFloatingDecimal$1 done
Event: 89.774 Loading class jdk/internal/math/FormattedFloatingDecimal$2
Event: 89.774 Loading class jdk/internal/math/FormattedFloatingDecimal$2 done

Classes unloaded (1 events):
Event: 35.645 Thread 0x0000020cfd9c56b0 Unloading class 0x0000020d01710400 'java/lang/invoke/LambdaForm$DMH+0x0000020d01710400'

Classes redefined (0 events):
No events

Internal exceptions (20 events):
Event: 90.288 Thread 0x0000020cfd9f5760 Exception <a 'sun/nio/fs/WindowsException'{0x000000061576cc88}> (0x000000061576cc88) 
thrown [s\src\hotspot\share\prims\jni.cpp, line 516]
Event: 90.288 Thread 0x0000020cfd9f5760 Exception <a 'sun/nio/fs/WindowsException'{0x000000061576e8f0}> (0x000000061576e8f0) 
thrown [s\src\hotspot\share\prims\jni.cpp, line 516]
Event: 90.288 Thread 0x0000020cfd9f5760 Exception <a 'sun/nio/fs/WindowsException'{0x0000000615770140}> (0x0000000615770140) 
thrown [s\src\hotspot\share\prims\jni.cpp, line 516]
Event: 90.828 Thread 0x0000020cfd9f5760 Exception <a 'java/lang/ClassNotFoundException'{0x0000000612b7e7d0}: GradleAnnotationProcessorPatchPluginBeanInfo> (0x0000000612b7e7d0) 
thrown [s\src\hotspot\share\classfile\systemDictionary.cpp, line 256]
Event: 90.833 Thread 0x0000020cfd9f5760 Exception <a 'java/lang/ClassNotFoundException'{0x0000000612b8c5d0}: GradleAnnotationProcessorPatchPluginCustomizer> (0x0000000612b8c5d0) 
thrown [s\src\hotspot\share\classfile\systemDictionary.cpp, line 256]
Event: 90.838 Thread 0x0000020cfd9f5760 Exception <a 'java/lang/ClassNotFoundException'{0x0000000612bc7d28}: GradleAnnotationProcessorPatchPlugin$AnnotationProcessorModelBuilderBeanInfo> (0x0000000612bc7d28) 
thrown [s\src\hotspot\share\classfile\systemDictionary.cpp, line 256]
Event: 90.840 Thread 0x0000020cfd9f5760 Exception <a 'java/lang/ClassNotFoundException'{0x00000006125a3c08}: GradleAnnotationProcessorPatchPlugin$AnnotationProcessorModelBuilderCustomizer> (0x00000006125a3c08) 
thrown [s\src\hotspot\share\classfile\systemDictionary.cpp, line 256]
Event: 90.844 Thread 0x0000020cfd9f5760 Exception <a 'java/lang/ClassNotFoundException'{0x0000000612610c30}: org/gradle/tooling/provider/model/internal/DefaultToolingModelBuilderRegistryBeanInfo> (0x0000000612610c30) 
thrown [s\src\hotspot\share\classfile\systemDictionary.cpp, line 256]
Event: 90.849 Thread 0x0000020cfd9f5760 Exception <a 'java/lang/ClassNotFoundException'{0x000000061262c580}: org/gradle/tooling/provider/model/internal/DefaultToolingModelBuilderRegistryCustomizer> (0x000000061262c580) 
thrown [s\src\hotspot\share\classfile\systemDictionary.cpp, line 256]
Event: 91.137 Thread 0x0000020d499b8390 Exception <a 'sun/nio/fs/WindowsException'{0x0000000611b82be8}> (0x0000000611b82be8) 
thrown [s\src\hotspot\share\prims\jni.cpp, line 516]
Event: 91.137 Thread 0x0000020d499b8390 Exception <a 'sun/nio/fs/WindowsException'{0x0000000611b84b20}> (0x0000000611b84b20) 
thrown [s\src\hotspot\share\prims\jni.cpp, line 516]
Event: 91.137 Thread 0x0000020d499b8390 Exception <a 'sun/nio/fs/WindowsException'{0x0000000611b869a8}> (0x0000000611b869a8) 
thrown [s\src\hotspot\share\prims\jni.cpp, line 516]
Event: 91.138 Thread 0x0000020d499b8390 Exception <a 'sun/nio/fs/WindowsException'{0x0000000611b88568}> (0x0000000611b88568) 
thrown [s\src\hotspot\share\prims\jni.cpp, line 516]
Event: 91.144 Thread 0x0000020d499b8390 Exception <a 'sun/nio/fs/WindowsException'{0x0000000611ba1d98}> (0x0000000611ba1d98) 
thrown [s\src\hotspot\share\prims\jni.cpp, line 516]
Event: 91.145 Thread 0x0000020d499b8390 Exception <a 'sun/nio/fs/WindowsException'{0x0000000611ba3960}> (0x0000000611ba3960) 
thrown [s\src\hotspot\share\prims\jni.cpp, line 516]
Event: 92.556 Thread 0x0000020cfd9f5760 Implicit null exception at 0x0000020ce3351de7 to 0x0000020ce3351ea0
Event: 92.852 Thread 0x0000020cfd9f5760 Exception <a 'java/lang/ClassNotFoundException'{0x0000000618e8f400}: build_37aphicy6s2c07yp7z7girfgqBeanInfo> (0x0000000618e8f400) 
thrown [s\src\hotspot\share\classfile\systemDictionary.cpp, line 256]
Event: 92.852 Thread 0x0000020cfd9f5760 Exception <a 'java/lang/ClassNotFoundException'{0x0000000618e96ae8}: build_37aphicy6s2c07yp7z7girfgqCustomizer> (0x0000000618e96ae8) 
thrown [s\src\hotspot\share\classfile\systemDictionary.cpp, line 256]
Event: 95.441 Thread 0x0000020cfd9f5760 Exception <a 'java/lang/ClassNotFoundException'{0x0000000613b08ab8}: build_37aphicy6s2c07yp7z7girfgqBeanInfo> (0x0000000613b08ab8) 
thrown [s\src\hotspot\share\classfile\systemDictionary.cpp, line 256]
Event: 95.442 Thread 0x0000020cfd9f5760 Exception <a 'java/lang/ClassNotFoundException'{0x0000000613b10118}: build_37aphicy6s2c07yp7z7girfgqCustomizer> (0x0000000613b10118) 
thrown [s\src\hotspot\share\classfile\systemDictionary.cpp, line 256]

VM Operations (20 events):
Event: 90.969 Executing VM operation: ICBufferFull done
Event: 91.440 Executing VM operation: G1CollectForAllocation
Event: 91.467 Executing VM operation: G1CollectForAllocation done
Event: 92.129 Executing VM operation: G1PauseRemark
Event: 92.141 Executing VM operation: G1PauseRemark done
Event: 92.447 Executing VM operation: G1PauseCleanup
Event: 92.447 Executing VM operation: G1PauseCleanup done
Event: 93.115 Executing VM operation: G1CollectForAllocation
Event: 93.154 Executing VM operation: G1CollectForAllocation done
Event: 93.223 Executing VM operation: G1CollectForAllocation
Event: 93.252 Executing VM operation: G1CollectForAllocation done
Event: 93.383 Executing VM operation: HandshakeAllThreads
Event: 93.384 Executing VM operation: HandshakeAllThreads done
Event: 93.730 Executing VM operation: HandshakeAllThreads
Event: 93.730 Executing VM operation: HandshakeAllThreads done
Event: 94.203 Executing VM operation: HandshakeAllThreads
Event: 94.218 Executing VM operation: HandshakeAllThreads done
Event: 95.221 Executing VM operation: Cleanup
Event: 95.221 Executing VM operation: Cleanup done
Event: 95.792 Executing VM operation: G1CollectForAllocation

Memory protections (0 events):
No events

Nmethod flushes (20 events):
Event: 94.252 Thread 0x0000020cfd9f6180 flushing  nmethod 0x0000020cd4246590
Event: 94.252 Thread 0x0000020cfd9f6180 flushing  nmethod 0x0000020cd4246d90
Event: 94.252 Thread 0x0000020cfd9f6180 flushing  nmethod 0x0000020cd4248110
Event: 94.252 Thread 0x0000020cfd9f6180 flushing  nmethod 0x0000020cd4248e10
Event: 94.252 Thread 0x0000020cfd9f6180 flushing  nmethod 0x0000020cd4249990
Event: 94.252 Thread 0x0000020cfd9f6180 flushing  nmethod 0x0000020cd426fc10
Event: 94.252 Thread 0x0000020cfd9f6180 flushing  nmethod 0x0000020cd4271290
Event: 94.252 Thread 0x0000020cfd9f6180 flushing  nmethod 0x0000020cd4276c10
Event: 94.252 Thread 0x0000020cfd9f6180 flushing  nmethod 0x0000020cd4277190
Event: 94.252 Thread 0x0000020cfd9f6180 flushing  nmethod 0x0000020cd4284d90
Event: 94.252 Thread 0x0000020cfd9f6180 flushing  nmethod 0x0000020cd4285190
Event: 94.252 Thread 0x0000020cfd9f6180 flushing  nmethod 0x0000020cd4288a90
Event: 94.252 Thread 0x0000020cfd9f6180 flushing  nmethod 0x0000020cd428cb90
Event: 94.252 Thread 0x0000020cfd9f6180 flushing  nmethod 0x0000020cd428d210
Event: 94.252 Thread 0x0000020cfd9f6180 flushing  nmethod 0x0000020cd42aa890
Event: 94.252 Thread 0x0000020cfd9f6180 flushing  nmethod 0x0000020cd42d4790
Event: 94.252 Thread 0x0000020cfd9f6180 flushing  nmethod 0x0000020cd42d6990
Event: 94.252 Thread 0x0000020cfd9f6180 flushing  nmethod 0x0000020cd42db210
Event: 94.253 Thread 0x0000020cfd9f6180 flushing  nmethod 0x0000020cd42ee190
Event: 94.253 Thread 0x0000020cfd9f6180 flushing  nmethod 0x0000020cd42ee510

Events (20 events):
Event: 91.123 Thread 0x0000020d499b8390 Thread added: 0x0000020d466a0a20
Event: 91.123 Thread 0x0000020d499b8390 Thread added: 0x0000020d466a1950
Event: 91.415 Thread 0x0000020cfd9f5760 Thread added: 0x0000020d466a0f30
Event: 91.416 Thread 0x0000020cfd9f5760 Thread added: 0x0000020d466a5b20
Event: 91.416 Thread 0x0000020cfd9f5760 Thread added: 0x0000020d466a1e60
Event: 91.533 Thread 0x0000020cfd9f5760 Thread added: 0x0000020d466a2d90
Event: 91.533 Thread 0x0000020cfd9f5760 Thread added: 0x0000020d466a7980
Event: 91.534 Thread 0x0000020cfd9f5760 Thread added: 0x0000020d466a3cc0
Event: 92.076 Thread 0x0000020cfd9f5760 Thread added: 0x0000020d466a6f60
Event: 92.097 Thread 0x0000020cfd9f5760 Thread added: 0x0000020d466a32a0
Event: 92.824 Thread 0x0000020cfd9f5760 Thread added: 0x0000020d466a4bf0
Event: 93.025 Thread 0x0000020cfd9f5760 Thread added: 0x0000020d466a5100
Event: 93.025 Thread 0x0000020cfd9f5760 Thread added: 0x0000020d45598470
Event: 93.025 Thread 0x0000020cfd9f5760 Thread added: 0x0000020d45593d90
Event: 93.079 Thread 0x0000020cfd9f5760 Thread added: 0x0000020d45597030
Event: 93.080 Thread 0x0000020cfd9f5760 Thread added: 0x0000020d45598980
Event: 93.081 Thread 0x0000020cfd9f5760 Thread added: 0x0000020d45594cc0
Event: 93.454 Thread 0x0000020cfd9f5760 Thread added: 0x0000020d45599dc0
Event: 93.455 Thread 0x0000020cfd9f5760 Thread added: 0x0000020d45593370
Event: 93.457 Thread 0x0000020cfd9f5760 Thread added: 0x0000020d455951d0


Dynamic libraries:
0x00007ff69b5f0000 - 0x00007ff69b5fe000 	C:\Program Files\Eclipse Adoptium\jdk-17.0.16.8-hotspot\bin\java.exe
0x00007fff21870000 - 0x00007fff21a68000 	C:\WINDOWS\SYSTEM32\ntdll.dll
0x00007fff207e0000 - 0x00007fff208a2000 	C:\WINDOWS\System32\KERNEL32.DLL
0x00007fff1efd0000 - 0x00007fff1f2c6000 	C:\WINDOWS\System32\KERNELBASE.dll
0x00007fff180b0000 - 0x00007fff18144000 	C:\WINDOWS\SYSTEM32\apphelp.dll
0x00007fff1f480000 - 0x00007fff1f580000 	C:\WINDOWS\System32\ucrtbase.dll
0x00007ffefa860000 - 0x00007ffefa87e000 	C:\Program Files\Eclipse Adoptium\jdk-17.0.16.8-hotspot\bin\VCRUNTIME140.dll
0x00007ffefb8f0000 - 0x00007ffefb907000 	C:\Program Files\Eclipse Adoptium\jdk-17.0.16.8-hotspot\bin\jli.dll
0x00007fff20d70000 - 0x00007fff20f11000 	C:\WINDOWS\System32\USER32.dll
0x00007fff00fc0000 - 0x00007fff0125b000 	C:\WINDOWS\WinSxS\amd64_microsoft.windows.common-controls_6595b64144ccf1df_6.0.19041.6456_none_60b8a6cb71f64256\COMCTL32.dll
0x00007fff1f830000 - 0x00007fff1f852000 	C:\WINDOWS\System32\win32u.dll
0x00007fff205a0000 - 0x00007fff2063e000 	C:\WINDOWS\System32\msvcrt.dll
0x00007fff20c90000 - 0x00007fff20cbb000 	C:\WINDOWS\System32\GDI32.dll
0x00007fff1f2d0000 - 0x00007fff1f3e9000 	C:\WINDOWS\System32\gdi32full.dll
0x00007fff1f580000 - 0x00007fff1f61d000 	C:\WINDOWS\System32\msvcp_win.dll
0x00007fff21720000 - 0x00007fff2174f000 	C:\WINDOWS\System32\IMM32.DLL
0x00007ffefb8e0000 - 0x00007ffefb8ec000 	C:\Program Files\Eclipse Adoptium\jdk-17.0.16.8-hotspot\bin\vcruntime140_1.dll
0x00007ffed6c60000 - 0x00007ffed6ced000 	C:\Program Files\Eclipse Adoptium\jdk-17.0.16.8-hotspot\bin\msvcp140.dll
0x00007ffe79d90000 - 0x00007ffe7a9fb000 	C:\Program Files\Eclipse Adoptium\jdk-17.0.16.8-hotspot\bin\server\jvm.dll
0x00007fff215e0000 - 0x00007fff21691000 	C:\WINDOWS\System32\ADVAPI32.dll
0x00007fff208b0000 - 0x00007fff2094f000 	C:\WINDOWS\System32\sechost.dll
0x00007fff20af0000 - 0x00007fff20c10000 	C:\WINDOWS\System32\RPCRT4.dll
0x00007fff1f860000 - 0x00007fff1f887000 	C:\WINDOWS\System32\bcrypt.dll
0x00007fff20f20000 - 0x00007fff20f8b000 	C:\WINDOWS\System32\WS2_32.dll
0x00007fff1ed60000 - 0x00007fff1edab000 	C:\WINDOWS\SYSTEM32\POWRPROF.dll
0x00007fff08270000 - 0x00007fff08297000 	C:\WINDOWS\SYSTEM32\WINMM.dll
0x00007fff11c00000 - 0x00007fff11c0a000 	C:\WINDOWS\SYSTEM32\VERSION.dll
0x00007fff1ed40000 - 0x00007fff1ed52000 	C:\WINDOWS\SYSTEM32\UMPDC.dll
0x00007fff1d710000 - 0x00007fff1d722000 	C:\WINDOWS\SYSTEM32\kernel.appcore.dll
0x00007ffefa850000 - 0x00007ffefa85a000 	C:\Program Files\Eclipse Adoptium\jdk-17.0.16.8-hotspot\bin\jimage.dll
0x00007fff19ab0000 - 0x00007fff19cb1000 	C:\WINDOWS\SYSTEM32\DBGHELP.DLL
0x00007ffefc330000 - 0x00007ffefc364000 	C:\WINDOWS\SYSTEM32\dbgcore.DLL
0x00007fff1f3f0000 - 0x00007fff1f472000 	C:\WINDOWS\System32\bcryptPrimitives.dll
0x00007fff14a10000 - 0x00007fff14a1e000 	C:\Program Files\Eclipse Adoptium\jdk-17.0.16.8-hotspot\bin\instrument.dll
0x00007ffeec000000 - 0x00007ffeec025000 	C:\Program Files\Eclipse Adoptium\jdk-17.0.16.8-hotspot\bin\java.dll
0x00007ffeccb20000 - 0x00007ffeccbf7000 	C:\Program Files\Eclipse Adoptium\jdk-17.0.16.8-hotspot\bin\jsvml.dll
0x00007fff1fdd0000 - 0x00007fff20540000 	C:\WINDOWS\System32\SHELL32.dll
0x00007fff1cf50000 - 0x00007fff1d6f5000 	C:\WINDOWS\SYSTEM32\windows.storage.dll
0x00007fff210d0000 - 0x00007fff21424000 	C:\WINDOWS\System32\combase.dll
0x00007fff1e8c0000 - 0x00007fff1e8eb000 	C:\WINDOWS\SYSTEM32\Wldp.dll
0x00007fff1fd00000 - 0x00007fff1fdcd000 	C:\WINDOWS\System32\OLEAUT32.dll
0x00007fff20a40000 - 0x00007fff20aed000 	C:\WINDOWS\System32\SHCORE.dll
0x00007fff20540000 - 0x00007fff2059b000 	C:\WINDOWS\System32\shlwapi.dll
0x00007fff1ee30000 - 0x00007fff1ee54000 	C:\WINDOWS\SYSTEM32\profapi.dll
0x00007ffefa820000 - 0x00007ffefa838000 	C:\Program Files\Eclipse Adoptium\jdk-17.0.16.8-hotspot\bin\zip.dll
0x00007ffeebfe0000 - 0x00007ffeebff9000 	C:\Program Files\Eclipse Adoptium\jdk-17.0.16.8-hotspot\bin\net.dll
0x00007fff0b1a0000 - 0x00007fff0b2aa000 	C:\WINDOWS\SYSTEM32\WINHTTP.dll
0x00007fff1e620000 - 0x00007fff1e68a000 	C:\WINDOWS\system32\mswsock.dll
0x00007ffeebfc0000 - 0x00007ffeebfd6000 	C:\Program Files\Eclipse Adoptium\jdk-17.0.16.8-hotspot\bin\nio.dll
0x00007ffefa6a0000 - 0x00007ffefa6b0000 	C:\Program Files\Eclipse Adoptium\jdk-17.0.16.8-hotspot\bin\verify.dll
0x00007ffefd5b0000 - 0x00007ffefd5d7000 	C:\Users\HP\.gradle\native\1def1411415f61bf3af743bc5b6707747c0891f09f0c88961ee8f79bc544acac\windows-amd64\native-platform.dll
0x00007ffef5ca0000 - 0x00007ffef5d17000 	C:\Users\HP\.gradle\native\0.2.8\x86_64-windows-gnu\gradle-fileevents.dll
0x00007ffeebfb0000 - 0x00007ffeebfba000 	C:\Program Files\Eclipse Adoptium\jdk-17.0.16.8-hotspot\bin\management.dll
0x00007ffeeb7d0000 - 0x00007ffeeb7db000 	C:\Program Files\Eclipse Adoptium\jdk-17.0.16.8-hotspot\bin\management_ext.dll
0x00007fff21700000 - 0x00007fff21708000 	C:\WINDOWS\System32\PSAPI.DLL
0x00007fff1e290000 - 0x00007fff1e2cb000 	C:\WINDOWS\SYSTEM32\IPHLPAPI.DLL
0x00007fff20f90000 - 0x00007fff20f98000 	C:\WINDOWS\System32\NSI.dll
0x00007fff11be0000 - 0x00007fff11bf7000 	C:\WINDOWS\SYSTEM32\dhcpcsvc6.DLL
0x00007fff11170000 - 0x00007fff1118d000 	C:\WINDOWS\SYSTEM32\dhcpcsvc.DLL
0x00007fff1e2d0000 - 0x00007fff1e39a000 	C:\WINDOWS\SYSTEM32\DNSAPI.dll
0x00007ffeeb620000 - 0x00007ffeeb629000 	C:\Program Files\Eclipse Adoptium\jdk-17.0.16.8-hotspot\bin\extnet.dll
0x00007fff1e810000 - 0x00007fff1e828000 	C:\WINDOWS\SYSTEM32\CRYPTSP.dll
0x00007fff1ded0000 - 0x00007fff1df08000 	C:\WINDOWS\system32\rsaenh.dll
0x00007fff1edf0000 - 0x00007fff1ee1e000 	C:\WINDOWS\SYSTEM32\USERENV.dll
0x00007fff1e830000 - 0x00007fff1e83c000 	C:\WINDOWS\SYSTEM32\CRYPTBASE.dll
0x00007fff02080000 - 0x00007fff0208e000 	C:\Program Files\Eclipse Adoptium\jdk-17.0.16.8-hotspot\bin\sunmscapi.dll
0x00007fff1f6d0000 - 0x00007fff1f82d000 	C:\WINDOWS\System32\CRYPT32.dll
0x00007fff1e930000 - 0x00007fff1e957000 	C:\WINDOWS\SYSTEM32\ncrypt.dll
0x00007fff1e8f0000 - 0x00007fff1e92b000 	C:\WINDOWS\SYSTEM32\NTASN1.dll
0x00007ffea3fb0000 - 0x00007ffea3fb7000 	C:\WINDOWS\system32\wshunix.dll
0x00007fff1e120000 - 0x00007fff1e153000 	C:\WINDOWS\SYSTEM32\ntmarta.dll

dbghelp: loaded successfully - version: 4.0.5 - missing functions: none
symbol engine: initialized successfully - sym options: 0x614 - pdb path: .;C:\Program Files\Eclipse Adoptium\jdk-17.0.16.8-hotspot\bin;C:\WINDOWS\SYSTEM32;C:\WINDOWS\WinSxS\amd64_microsoft.windows.common-controls_6595b64144ccf1df_6.0.19041.6456_none_60b8a6cb71f64256;C:\Program Files\Eclipse Adoptium\jdk-17.0.16.8-hotspot\bin\server;C:\Users\HP\.gradle\native\1def1411415f61bf3af743bc5b6707747c0891f09f0c88961ee8f79bc544acac\windows-amd64;C:\Users\HP\.gradle\native\0.2.8\x86_64-windows-gnu

VM Arguments:
jvm_args: --add-opens=java.base/java.lang=ALL-UNNAMED --add-opens=java.base/java.lang.invoke=ALL-UNNAMED --add-opens=java.base/java.util=ALL-UNNAMED --add-opens=java.prefs/java.util.prefs=ALL-UNNAMED --add-exports=jdk.compiler/com.sun.tools.javac.api=ALL-UNNAMED --add-exports=jdk.compiler/com.sun.tools.javac.util=ALL-UNNAMED --add-opens=java.base/java.util=ALL-UNNAMED --add-opens=java.prefs/java.util.prefs=ALL-UNNAMED --add-opens=java.base/java.nio.charset=ALL-UNNAMED --add-opens=java.base/java.net=ALL-UNNAMED --add-opens=java.base/java.util.concurrent=ALL-UNNAMED --add-opens=java.base/java.util.concurrent.atomic=ALL-UNNAMED --add-opens=java.xml/javax.xml.namespace=ALL-UNNAMED --add-opens=java.base/java.time=ALL-UNNAMED -XX:MaxMetaspaceSize=4G -XX:ReservedCodeCacheSize=512m -XX:+HeapDumpOnOutOfMemoryError -Xmx8G -Dfile.encoding=UTF-8 -Duser.country=US -Duser.language=en -Duser.variant -javaagent:C:\Users\HP\.gradle\wrapper\dists\gradle-9.1.0-all\7wzd0jkjit61aq2p43wpjgij9\gradle-9.1.0\lib\agents\gradle-instrumentation-agent-9.1.0.jar 
java_command: org.gradle.launcher.daemon.bootstrap.GradleDaemon 9.1.0
java_class_path (initial): C:\Users\HP\.gradle\wrapper\dists\gradle-9.1.0-all\7wzd0jkjit61aq2p43wpjgij9\gradle-9.1.0\lib\gradle-daemon-main-9.1.0.jar
Launcher Type: SUN_STANDARD

[Global flags]
     intx CICompilerCount                          = 3                                         {product} {ergonomic}
     uint ConcGCThreads                            = 1                                         {product} {ergonomic}
     uint G1ConcRefinementThreads                  = 4                                         {product} {ergonomic}
   size_t G1HeapRegionSize                         = 4194304                                   {product} {ergonomic}
    uintx GCDrainStackTargetSize                   = 64                                        {product} {ergonomic}
     bool HeapDumpOnOutOfMemoryError               = true                                   {manageable} {command line}
   size_t InitialHeapSize                          = 134217728                                 {product} {ergonomic}
   size_t MarkStackSize                            = 4194304                                   {product} {ergonomic}
   size_t MaxHeapSize                              = 8589934592                                {product} {command line}
   size_t MaxMetaspaceSize                         = 4294967296                                {product} {command line}
   size_t MaxNewSize                               = 5150605312                                {product} {ergonomic}
   size_t MinHeapDeltaBytes                        = 4194304                                   {product} {ergonomic}
   size_t MinHeapSize                              = 8388608                                   {product} {ergonomic}
    uintx NonNMethodCodeHeapSize                   = 5832780                                {pd product} {ergonomic}
    uintx NonProfiledCodeHeapSize                  = 265519066                              {pd product} {ergonomic}
    uintx ProfiledCodeHeapSize                     = 265519066                              {pd product} {ergonomic}
    uintx ReservedCodeCacheSize                    = 536870912                              {pd product} {command line}
     bool SegmentedCodeCache                       = true                                      {product} {ergonomic}
   size_t SoftMaxHeapSize                          = 8589934592                             {manageable} {ergonomic}
   double SweeperThreshold                         = 0.234375                                  {product} {ergonomic}
     bool UseCompressedClassPointers               = true                           {product lp64_product} {ergonomic}
     bool UseCompressedOops                        = true                           {product lp64_product} {ergonomic}
     bool UseG1GC                                  = true                                      {product} {ergonomic}
     bool UseLargePagesIndividualAllocation        = false                                  {pd product} {ergonomic}

Logging:
Log output configuration:
 #0: stdout all=warning uptime,level,tags
 #1: stderr all=off uptime,level,tags

Environment Variables:
JAVA_HOME=C:\Program Files\Eclipse Adoptium\jdk-17.0.16.8-hotspot\
PATH=C:\Program Files\Eclipse Adoptium\jdk-17.0.16.8-hotspot\bin;C:\Program Files (x86)\Common Files\Intel\Shared Libraries\redist\intel64\compiler;C:\WINDOWS\system32;C:\WINDOWS;C:\WINDOWS\System32\Wbem;C:\WINDOWS\System32\WindowsPowerShell\v1.0\;C:\WINDOWS\System32\OpenSSH\;C:\Program Files\Git\cmd;C:\Users\HP\Desktop\flutter\bin;C:\Users\HP\AppData\Local\nvm;C:\nvm4w\nodejs;D:\xampp\php;C:\ProgramData\ComposerSetup\bin;D:\flutter\bin;D:\flutter\bin;C:\Users\HP\AppData\Local\Programs\Microsoft VS Code\bin
USERNAME=ADNARG
OS=Windows_NT
PROCESSOR_IDENTIFIER=Intel64 Family 6 Model 78 Stepping 3, GenuineIntel
TMP=C:\Users\HP\AppData\Local\Temp
TEMP=C:\Users\HP\AppData\Local\Temp



Periodic native trim disabled


---------------  S Y S T E M  ---------------

OS:
 Windows 10 , 64 bit Build 19041 (10.0.19041.5915)
OS uptime: 0 days 1:40 hours

CPU: total 4 (initial active 4) (2 cores per cpu, 2 threads per core) family 6 model 78 stepping 3 microcode 0xf0, cx8, cmov, fxsr, ht, mmx, 3dnowpref, sse, sse2, sse3, ssse3, sse4.1, sse4.2, popcnt, lzcnt, tsc, tscinvbit, avx, avx2, aes, erms, clmul, bmi1, bmi2, rtm, adx, fma, vzeroupper, clflush, clflushopt
Processor Information for all 4 processors :
  Max Mhz: 2496, Current Mhz: 2396, Mhz Limit: 2396

Memory: 4k page, system-wide physical 8071M (117M free)
TotalPageFile size 19600M (AvailPageFile size 67M)
current process WorkingSet (physical memory assigned to process): 742M, peak: 745M
current process commit charge ("private bytes"): 782M, peak: 1210M

vm_info: OpenJDK 64-Bit Server VM (17.0.16+8) for windows-amd64 JRE (17.0.16+8), built on Jul 16 2025 10:37:56 by "admin" with MS VC++ 17.7 (VS2022)

END.
