#
# There is insufficient memory for the Java Runtime Environment to continue.
# Native memory allocation (mmap) failed to map 704643072 bytes. Error detail: G1 virtual space
# Possible reasons:
#   The system is out of physical RAM or swap space
#   This process is running with CompressedOops enabled, and the Java Heap may be blocking the growth of the native heap
# Possible solutions:
#   Reduce memory load on the system
#   Increase physical memory or swap space
#   Check if swap backing store is full
#   Decrease Java heap size (-Xmx/-Xms)
#   Decrease number of Java threads
#   Decrease Java thread stack sizes (-Xss)
#   Set larger code cache with -XX:ReservedCodeCacheSize=
#   JVM is running with Zero Based Compressed Oops mode in which the Java heap is
#     placed in the first 32GB address space. The Java Heap base address is the
#     maximum limit for the native heap growth. Please use -XX:HeapBaseMinAddress
#     to set the Java Heap base and to place the Java Heap above 32GB virtual address.
# This output file may be truncated or incomplete.
#
#  Out of Memory Error (os_windows.cpp:3618), pid=1484, tid=12488
#
# JRE version: OpenJDK Runtime Environment Temurin-17.0.16+8 (17.0.16+8) (build 17.0.16+8)
# Java VM: OpenJDK 64-Bit Server VM Temurin-17.0.16+8 (17.0.16+8, mixed mode, sharing, tiered, compressed oops, compressed class ptrs, g1 gc, windows-amd64)
# No core dump will be written. Minidumps are not enabled by default on client versions of Windows
#

---------------  S U M M A R Y ------------

Command Line: --add-opens=java.base/java.lang=ALL-UNNAMED --add-opens=java.base/java.lang.invoke=ALL-UNNAMED --add-opens=java.base/java.util=ALL-UNNAMED --add-opens=java.prefs/java.util.prefs=ALL-UNNAMED --add-exports=jdk.compiler/com.sun.tools.javac.api=ALL-UNNAMED --add-exports=jdk.compiler/com.sun.tools.javac.util=ALL-UNNAMED --add-opens=java.base/java.util=ALL-UNNAMED --add-opens=java.prefs/java.util.prefs=ALL-UNNAMED --add-opens=java.base/java.nio.charset=ALL-UNNAMED --add-opens=java.base/java.net=ALL-UNNAMED --add-opens=java.base/java.util.concurrent=ALL-UNNAMED --add-opens=java.base/java.util.concurrent.atomic=ALL-UNNAMED --add-opens=java.xml/javax.xml.namespace=ALL-UNNAMED --add-opens=java.base/java.time=ALL-UNNAMED -XX:MaxMetaspaceSize=4G -XX:ReservedCodeCacheSize=512m -XX:+HeapDumpOnOutOfMemoryError -Xmx8G -Dfile.encoding=UTF-8 -Duser.country=US -Duser.language=en -Duser.variant -javaagent:C:\Users\HP\.gradle\wrapper\dists\gradle-9.1.0-all\7wzd0jkjit61aq2p43wpjgij9\gradle-9.1.0\lib\agents\gradle-instrumentation-agent-9.1.0.jar org.gradle.launcher.daemon.bootstrap.GradleDaemon 9.1.0

Host: Intel(R) Core(TM) i5-6300U CPU @ 2.40GHz, 4 cores, 7G,  Windows 10 , 64 bit Build 19041 (10.0.19041.5915)
Time: Sun Jul  5 21:04:27 2026 Maroc (heure d64 bit Build 19041 (10.0.19041.5915) elapsed time: 89.057999 seconds (0d 0h 1m 29s)

---------------  T H R E A D  ---------------

Current thread (0x0000021acd932860):  VMThread "VM Thread" [stack: 0x000000638f000000,0x000000638f100000] [id=12488]

Stack: [0x000000638f000000,0x000000638f100000]
Native frames: (J=compiled Java code, j=interpreted, Vv=VM code, C=native code)
V  [jvm.dll+0x683169]
V  [jvm.dll+0x839ac8]
V  [jvm.dll+0x83b573]
V  [jvm.dll+0x83bbe3]
V  [jvm.dll+0x2473ff]
V  [jvm.dll+0x67ff49]
V  [jvm.dll+0x674e3a]
V  [jvm.dll+0x304ea6]
V  [jvm.dll+0x30c366]
V  [jvm.dll+0x35deee]
V  [jvm.dll+0x35e12d]
V  [jvm.dll+0x2dc26c]
V  [jvm.dll+0x2da60f]
V  [jvm.dll+0x2d9d7c]
V  [jvm.dll+0x31d55b]
V  [jvm.dll+0x84041d]
V  [jvm.dll+0x841153]
V  [jvm.dll+0x84167f]
V  [jvm.dll+0x841a64]
V  [jvm.dll+0x841b2e]
V  [jvm.dll+0x7e979c]
V  [jvm.dll+0x682047]
C  [ucrtbase.dll+0x21bb2]
C  [KERNEL32.DLL+0x17374]
C  [ntdll.dll+0x4cc91]

VM_Operation (0x0000006390afeda0): G1CollectForAllocation, mode: safepoint, requested by thread 0x0000021b19c08f50


---------------  P R O C E S S  ---------------

Threads class SMR info:
_java_thread_list=0x0000021b19998460, length=88, elements={
0x0000021a92af97b0, 0x0000021acd9386b0, 0x0000021acd939cd0, 0x0000021acd9547e0,
0x0000021acd9571b0, 0x0000021acd957b70, 0x0000021acd958530, 0x0000021acd959a70,
0x0000021acd95a520, 0x0000021b15008070, 0x0000021b151082b0, 0x0000021b1519ff40,
0x0000021b16021450, 0x0000021b15516490, 0x0000021b1581b9a0, 0x0000021b161d53c0,
0x0000021b1579e960, 0x0000021b16a674c0, 0x0000021b16a6a760, 0x0000021b16a68900,
0x0000021b16a6a250, 0x0000021b16a66080, 0x0000021b16a66fb0, 0x0000021b16a66590,
0x0000021b16a68e10, 0x0000021b16a6cfe0, 0x0000021b16a6cad0, 0x0000021b172058d0,
0x0000021b17203f80, 0x0000021b19c04d80, 0x0000021b19c07600, 0x0000021b19c08020,
0x0000021b19c03e50, 0x0000021b19c06be0, 0x0000021b19c08f50, 0x0000021b19c09e80,
0x0000021b19c0a390, 0x0000021b19c05cb0, 0x0000021b19c0a8a0, 0x0000021b19c0adb0,
0x0000021b19c03940, 0x0000021b19c04360, 0x0000021b19c04870, 0x0000021b19c05290,
0x0000021b19c057a0, 0x0000021b19c061c0, 0x0000021b19c070f0, 0x0000021b197301f0,
0x0000021b1972d460, 0x0000021b197339a0, 0x0000021b1972e390, 0x0000021b197343c0,
0x0000021b19732560, 0x0000021b19732050, 0x0000021b19733eb0, 0x0000021b19731120,
0x0000021b197348d0, 0x0000021b19732f80, 0x0000021b19732a70, 0x0000021b19734de0,
0x0000021b19730700, 0x0000021b1972de80, 0x0000021b19733490, 0x0000021b1972d970,
0x0000021b1972e8a0, 0x0000021b1972f7d0, 0x0000021b1972edb0, 0x0000021b1972fce0,
0x0000021b19730c10, 0x0000021b16a69830, 0x0000021b16a69320, 0x0000021b16a679d0,
0x0000021b16a6ac70, 0x0000021b16a6d4f0, 0x0000021b16a6b180, 0x0000021b16a6da00,
0x0000021b16a683f0, 0x0000021b16a69d40, 0x0000021b16a6b690, 0x0000021b16a6bba0,
0x0000021b16a6c5c0, 0x0000021b1579ee70, 0x0000021b1579e450, 0x0000021b1579f380,
0x0000021b1579f890, 0x0000021b1579fda0, 0x0000021b17204490, 0x0000021b172049a0
}

Java Threads: ( => current thread )
  0x0000021a92af97b0 JavaThread "main" [_thread_blocked, id=13184, stack(0x000000638ea00000,0x000000638eb00000)]
  0x0000021acd9386b0 JavaThread "Reference Handler" daemon [_thread_blocked, id=16368, stack(0x000000638f100000,0x000000638f200000)]
  0x0000021acd939cd0 JavaThread "Finalizer" daemon [_thread_blocked, id=2952, stack(0x000000638f200000,0x000000638f300000)]
  0x0000021acd9547e0 JavaThread "Signal Dispatcher" daemon [_thread_blocked, id=4640, stack(0x000000638f400000,0x000000638f500000)]
  0x0000021acd9571b0 JavaThread "Attach Listener" daemon [_thread_blocked, id=7932, stack(0x000000638f500000,0x000000638f600000)]
  0x0000021acd957b70 JavaThread "Service Thread" daemon [_thread_blocked, id=6540, stack(0x000000638f600000,0x000000638f700000)]
  0x0000021acd958530 JavaThread "Monitor Deflation Thread" daemon [_thread_blocked, id=15860, stack(0x000000638f700000,0x000000638f800000)]
  0x0000021acd959a70 JavaThread "C2 CompilerThread0" daemon [_thread_blocked, id=12104, stack(0x000000638f800000,0x000000638f900000)]
  0x0000021acd95a520 JavaThread "C1 CompilerThread0" daemon [_thread_blocked, id=14620, stack(0x000000638f900000,0x000000638fa00000)]
  0x0000021b15008070 JavaThread "Sweeper thread" daemon [_thread_blocked, id=15768, stack(0x000000638fa00000,0x000000638fb00000)]
  0x0000021b151082b0 JavaThread "Common-Cleaner" daemon [_thread_blocked, id=15264, stack(0x000000638fb00000,0x000000638fc00000)]
  0x0000021b1519ff40 JavaThread "Notification Thread" daemon [_thread_blocked, id=10156, stack(0x000000638fc00000,0x000000638fd00000)]
  0x0000021b16021450 JavaThread "Daemon health stats" [_thread_blocked, id=12344, stack(0x0000006390200000,0x0000006390300000)]
  0x0000021b15516490 JavaThread "Incoming local TCP Connector on port 58288" [_thread_in_native, id=1908, stack(0x0000006390100000,0x0000006390200000)]
  0x0000021b1581b9a0 JavaThread "Daemon periodic checks" [_thread_blocked, id=6844, stack(0x0000006390300000,0x0000006390400000)]
  0x0000021b161d53c0 JavaThread "Daemon" [_thread_blocked, id=12128, stack(0x0000006390500000,0x0000006390600000)]
  0x0000021b1579e960 JavaThread "Daemon worker" [_thread_blocked, id=14488, stack(0x0000006390800000,0x0000006390900000)]
  0x0000021b16a674c0 JavaThread "Cache worker for journal cache (C:\Users\HP\.gradle\caches\journal-1)" [_thread_blocked, id=4408, stack(0x0000006390400000,0x0000006390500000)]
  0x0000021b16a6a760 JavaThread "File lock request listener" [_thread_in_native, id=10124, stack(0x0000006390c00000,0x0000006390d00000)]
  0x0000021b16a68900 JavaThread "Cache worker for file hash cache (C:\Users\HP\.gradle\caches\9.1.0\fileHashes)" [_thread_blocked, id=15644, stack(0x0000006390d00000,0x0000006390e00000)]
  0x0000021b16a6a250 JavaThread "File watcher server" daemon [_thread_in_native, id=7608, stack(0x0000006391100000,0x0000006391200000)]
  0x0000021b16a66080 JavaThread "File watcher consumer" daemon [_thread_blocked, id=11308, stack(0x0000006391200000,0x0000006391300000)]
  0x0000021b16a66fb0 JavaThread "jar transforms" [_thread_blocked, id=15424, stack(0x0000006391300000,0x0000006391400000)]
  0x0000021b16a66590 JavaThread "jar transforms Thread 2" [_thread_blocked, id=14484, stack(0x0000006391400000,0x0000006391500000)]
  0x0000021b16a68e10 JavaThread "jar transforms Thread 3" [_thread_blocked, id=13804, stack(0x0000006391500000,0x0000006391600000)]
  0x0000021b16a6cfe0 JavaThread "Cache worker for file content cache (C:\Users\HP\.gradle\caches\9.1.0\fileContent)" [_thread_blocked, id=11640, stack(0x0000006391600000,0x0000006391700000)]
  0x0000021b16a6cad0 JavaThread "jar transforms Thread 4" [_thread_blocked, id=9960, stack(0x0000006391a00000,0x0000006391b00000)]
  0x0000021b172058d0 JavaThread "Memory manager" [_thread_blocked, id=864, stack(0x0000006392500000,0x0000006392600000)]
  0x0000021b17203f80 JavaThread "included builds" [_thread_blocked, id=16324, stack(0x0000006392700000,0x0000006392800000)]
  0x0000021b19c04d80 JavaThread "VFS cleanup" [_thread_blocked, id=14784, stack(0x000000638e900000,0x000000638ea00000)]
  0x0000021b19c07600 JavaThread "Handler for socket connection from /127.0.0.1:58288 to /127.0.0.1:58353" [_thread_in_native, id=13504, stack(0x000000638f300000,0x000000638f400000)]
  0x0000021b19c08020 JavaThread "Cancel handler" [_thread_blocked, id=7876, stack(0x0000006390600000,0x0000006390700000)]
  0x0000021b19c03e50 JavaThread "Asynchronous log dispatcher for DefaultDaemonConnection: socket connection from /127.0.0.1:58288 to /127.0.0.1:58353" [_thread_blocked, id=2020, stack(0x0000006390700000,0x0000006390800000)]
  0x0000021b19c06be0 JavaThread "Stdin handler" [_thread_blocked, id=1368, stack(0x0000006390900000,0x0000006390a00000)]
  0x0000021b19c08f50 JavaThread "Daemon client event forwarder" [_thread_blocked, id=15948, stack(0x0000006390a00000,0x0000006390b00000)]
  0x0000021b19c09e80 JavaThread "Cache worker for file hash cache (D:\MassarBus\massarbus_parent\android\.gradle\9.1.0\fileHashes)" [_thread_blocked, id=4056, stack(0x0000006390b00000,0x0000006390c00000)]
  0x0000021b19c0a390 JavaThread "Cache worker for Build Output Cleanup Cache (D:\MassarBus\massarbus_parent\android\.gradle\buildOutputCleanup)" [_thread_blocked, id=14928, stack(0x0000006390e00000,0x0000006390f00000)]
  0x0000021b19c05cb0 JavaThread "Cache worker for checksums cache (D:\MassarBus\massarbus_parent\android\.gradle\9.1.0\checksums)" [_thread_blocked, id=12944, stack(0x0000006390f00000,0x0000006391000000)]
  0x0000021b19c0a8a0 JavaThread "Cache worker for cache directory md-supplier (C:\Users\HP\.gradle\caches\9.1.0\md-supplier)" [_thread_blocked, id=14724, stack(0x0000006391000000,0x0000006391100000)]
  0x0000021b19c0adb0 JavaThread "Cache worker for cache directory md-rule (C:\Users\HP\.gradle\caches\9.1.0\md-rule)" [_thread_blocked, id=16280, stack(0x0000006391700000,0x0000006391800000)]
  0x0000021b19c03940 JavaThread "Cache worker for Build Output Cleanup Cache (D:\flutter\packages\flutter_tools\gradle\.gradle\buildOutputCleanup)" [_thread_blocked, id=12804, stack(0x0000006391800000,0x0000006391900000)]
  0x0000021b19c04360 JavaThread "Unconstrained build operations" [_thread_blocked, id=8156, stack(0x0000006391900000,0x0000006391a00000)]
  0x0000021b19c04870 JavaThread "Unconstrained build operations Thread 2" [_thread_blocked, id=2388, stack(0x0000006391b00000,0x0000006391c00000)]
  0x0000021b19c05290 JavaThread "Unconstrained build operations Thread 3" [_thread_blocked, id=6256, stack(0x0000006391c00000,0x0000006391d00000)]
  0x0000021b19c057a0 JavaThread "Unconstrained build operations Thread 4" [_thread_blocked, id=10300, stack(0x0000006391d00000,0x0000006391e00000)]
  0x0000021b19c061c0 JavaThread "Unconstrained build operations Thread 5" [_thread_blocked, id=11808, stack(0x0000006391e00000,0x0000006391f00000)]
  0x0000021b19c070f0 JavaThread "Unconstrained build operations Thread 6" [_thread_blocked, id=16284, stack(0x0000006391f00000,0x0000006392000000)]
  0x0000021b197301f0 JavaThread "build event listener" [_thread_blocked, id=12032, stack(0x0000006392000000,0x0000006392100000)]
  0x0000021b1972d460 JavaThread "included builds" [_thread_blocked, id=1348, stack(0x0000006392100000,0x0000006392200000)]
  0x0000021b197339a0 JavaThread "Execution worker" [_thread_blocked, id=15292, stack(0x0000006392200000,0x0000006392300000)]
  0x0000021b1972e390 JavaThread "Execution worker Thread 2" [_thread_blocked, id=10476, stack(0x0000006392300000,0x0000006392400000)]
  0x0000021b197343c0 JavaThread "Execution worker Thread 3" [_thread_blocked, id=5580, stack(0x0000006392400000,0x0000006392500000)]
  0x0000021b19732560 JavaThread "Cache worker for execution history cache (D:\flutter\packages\flutter_tools\gradle\.gradle\9.1.0\executionHistory)" [_thread_blocked, id=7804, stack(0x0000006392800000,0x0000006392900000)]
  0x0000021b19732050 JavaThread "Unconstrained build operations Thread 7" [_thread_blocked, id=11960, stack(0x0000006392900000,0x0000006392a00000)]
  0x0000021b19733eb0 JavaThread "Unconstrained build operations Thread 8" [_thread_blocked, id=11252, stack(0x0000006392a00000,0x0000006392b00000)]
  0x0000021b19731120 JavaThread "Unconstrained build operations Thread 9" [_thread_blocked, id=9624, stack(0x0000006392b00000,0x0000006392c00000)]
  0x0000021b197348d0 JavaThread "Unconstrained build operations Thread 10" [_thread_blocked, id=5208, stack(0x0000006392c00000,0x0000006392d00000)]
  0x0000021b19732f80 JavaThread "Unconstrained build operations Thread 11" [_thread_blocked, id=4760, stack(0x0000006392d00000,0x0000006392e00000)]
  0x0000021b19732a70 JavaThread "Unconstrained build operations Thread 12" [_thread_blocked, id=1188, stack(0x0000006392e00000,0x0000006392f00000)]
  0x0000021b19734de0 JavaThread "Unconstrained build operations Thread 13" [_thread_blocked, id=12564, stack(0x0000006392f00000,0x0000006393000000)]
  0x0000021b19730700 JavaThread "Unconstrained build operations Thread 14" [_thread_blocked, id=5152, stack(0x0000006393000000,0x0000006393100000)]
  0x0000021b1972de80 JavaThread "Unconstrained build operations Thread 15" [_thread_blocked, id=16260, stack(0x0000006393100000,0x0000006393200000)]
  0x0000021b19733490 JavaThread "Unconstrained build operations Thread 16" [_thread_blocked, id=15936, stack(0x0000006393200000,0x0000006393300000)]
  0x0000021b1972d970 JavaThread "Unconstrained build operations Thread 17" [_thread_blocked, id=13736, stack(0x0000006393300000,0x0000006393400000)]
  0x0000021b1972e8a0 JavaThread "Unconstrained build operations Thread 18" [_thread_blocked, id=4960, stack(0x0000006393400000,0x0000006393500000)]
  0x0000021b1972f7d0 JavaThread "Unconstrained build operations Thread 19" [_thread_blocked, id=15472, stack(0x0000006393500000,0x0000006393600000)]
  0x0000021b1972edb0 JavaThread "Unconstrained build operations Thread 20" [_thread_blocked, id=8772, stack(0x0000006393600000,0x0000006393700000)]
  0x0000021b1972fce0 JavaThread "build event listener" [_thread_blocked, id=12812, stack(0x0000006393700000,0x0000006393800000)]
  0x0000021b19730c10 JavaThread "build event listener" [_thread_blocked, id=1700, stack(0x0000006393800000,0x0000006393900000)]
  0x0000021b16a69830 JavaThread "Problems report writer" [_thread_blocked, id=11596, stack(0x0000006393900000,0x0000006393a00000)]
  0x0000021b16a69320 JavaThread "Unconstrained build operations Thread 21" [_thread_blocked, id=12520, stack(0x0000006393a00000,0x0000006393b00000)]
  0x0000021b16a679d0 JavaThread "Unconstrained build operations Thread 22" [_thread_blocked, id=11884, stack(0x0000006393b00000,0x0000006393c00000)]
  0x0000021b16a6ac70 JavaThread "Unconstrained build operations Thread 23" [_thread_blocked, id=14260, stack(0x0000006393c00000,0x0000006393d00000)]
  0x0000021b16a6d4f0 JavaThread "Unconstrained build operations Thread 24" [_thread_blocked, id=14492, stack(0x0000006393d00000,0x0000006393e00000)]
  0x0000021b16a6b180 JavaThread "Unconstrained build operations Thread 25" [_thread_blocked, id=13052, stack(0x0000006393e00000,0x0000006393f00000)]
  0x0000021b16a6da00 JavaThread "Unconstrained build operations Thread 26" [_thread_blocked, id=9524, stack(0x0000006393f00000,0x0000006394000000)]
  0x0000021b16a683f0 JavaThread "Unconstrained build operations Thread 27" [_thread_blocked, id=12752, stack(0x0000006394200000,0x0000006394300000)]
  0x0000021b16a69d40 JavaThread "Unconstrained build operations Thread 28" [_thread_blocked, id=15828, stack(0x0000006394300000,0x0000006394400000)]
  0x0000021b16a6b690 JavaThread "Unconstrained build operations Thread 29" [_thread_blocked, id=6848, stack(0x0000006394400000,0x0000006394500000)]
  0x0000021b16a6bba0 JavaThread "Unconstrained build operations Thread 30" [_thread_blocked, id=9448, stack(0x0000006394500000,0x0000006394600000)]
  0x0000021b16a6c5c0 JavaThread "Unconstrained build operations Thread 31" [_thread_blocked, id=3900, stack(0x0000006394600000,0x0000006394700000)]
  0x0000021b1579ee70 JavaThread "Unconstrained build operations Thread 32" [_thread_blocked, id=3064, stack(0x0000006394700000,0x0000006394800000)]
  0x0000021b1579e450 JavaThread "Unconstrained build operations Thread 33" [_thread_blocked, id=7548, stack(0x0000006394800000,0x0000006394900000)]
  0x0000021b1579f380 JavaThread "Unconstrained build operations Thread 34" [_thread_blocked, id=16300, stack(0x0000006394900000,0x0000006394a00000)]
  0x0000021b1579f890 JavaThread "Unconstrained build operations Thread 35" [_thread_blocked, id=10340, stack(0x0000006394a00000,0x0000006394b00000)]
  0x0000021b1579fda0 JavaThread "Unconstrained build operations Thread 36" [_thread_blocked, id=12580, stack(0x0000006394b00000,0x0000006394c00000)]
  0x0000021b17204490 JavaThread "Unconstrained build operations Thread 37" [_thread_blocked, id=13212, stack(0x0000006394c00000,0x0000006394d00000)]
  0x0000021b172049a0 JavaThread "Unconstrained build operations Thread 38" [_thread_blocked, id=12452, stack(0x0000006394d00000,0x0000006394e00000)]

Other Threads:
=>0x0000021acd932860 VMThread "VM Thread" [stack: 0x000000638f000000,0x000000638f100000] [id=12488]
  0x0000021b15223500 WatcherThread [stack: 0x000000638fd00000,0x000000638fe00000] [id=11388]
  0x0000021a92ba5680 GCTaskThread "GC Thread#0" [stack: 0x000000638eb00000,0x000000638ec00000] [id=15744]
  0x0000021b15277df0 GCTaskThread "GC Thread#1" [stack: 0x000000638fe00000,0x000000638ff00000] [id=14704]
  0x0000021b152780b0 GCTaskThread "GC Thread#2" [stack: 0x000000638ff00000,0x0000006390000000] [id=3232]
  0x0000021b15a4eaa0 GCTaskThread "GC Thread#3" [stack: 0x0000006390000000,0x0000006390100000] [id=3164]
  0x0000021a92bae5c0 ConcurrentGCThread "G1 Main Marker" [stack: 0x000000638ec00000,0x000000638ed00000] [id=1056]
  0x0000021acd7781f0 ConcurrentGCThread "G1 Conc#0" [stack: 0x000000638ed00000,0x000000638ee00000] [id=15224]
  0x0000021acd7d0ec0 ConcurrentGCThread "G1 Refine#0" [stack: 0x000000638ee00000,0x000000638ef00000] [id=14816]
  0x0000021b18e0edc0 ConcurrentGCThread "G1 Refine#1" [stack: 0x0000006392600000,0x0000006392700000] [id=15700]
  0x0000021acd7d18f0 ConcurrentGCThread "G1 Service" [stack: 0x000000638ef00000,0x000000638f000000] [id=13828]

Threads with active compile tasks:
C2 CompilerThread0    89161 18021       4       groovy.lang.MetaClassImpl::addMetaMethodToIndex (65 bytes)

VM state: at safepoint (normal execution)

VM Mutex/Monitor currently owned by a thread:  ([mutex/lock_event])
[0x0000021a92af4150] Threads_lock - owner thread: 0x0000021acd932860
[0x0000021a92af4b70] Heap_lock - owner thread: 0x0000021b19c08f50

Heap address: 0x0000000600000000, size: 8192 MB, Compressed Oops mode: Zero based, Oop shift amount: 3

CDS archive(s) mapped at: [0x0000021ad0000000-0x0000021ad0bb0000-0x0000021ad0bb0000), size 12255232, SharedBaseAddress: 0x0000021ad0000000, ArchiveRelocationMode: 1.
Compressed class space mapped at: 0x0000021ad1000000-0x0000021b11000000, reserved size: 1073741824
Narrow klass base: 0x0000021ad0000000, Narrow klass shift: 0, Narrow klass range: 0x100000000

GC Precious Log:
 CPUs: 4 total, 4 available
 Memory: 8071M
 Large Page Support: Disabled
 NUMA Support: Disabled
 Compressed Oops: Enabled (Zero based)
 Heap Region Size: 4M
 Heap Min Capacity: 8M
 Heap Initial Capacity: 128M
 Heap Max Capacity: 8G
 Pre-touch: Disabled
 Parallel Workers: 4
 Concurrent Workers: 1
 Concurrent Refinement Workers: 4
 Periodic GC: Disabled

Heap:
 garbage-first heap   total 409600K, used 208844K [0x0000000600000000, 0x0000000800000000)
  region size 4096K, 4 young (16384K), 4 survivors (16384K)
 Metaspace       used 114908K, committed 116352K, reserved 1179648K
  class space    used 16165K, committed 16896K, reserved 1048576K

Heap Regions: E=young(eden), S=young(survivor), O=old, HS=humongous(starts), HC=humongous(continues), CS=collection set, F=free, OA=open archive, CA=closed archive, TAMS=top-at-mark-start (previous, next)
|   0|0x0000000600000000, 0x0000000600400000, 0x0000000600400000|100%|HS|  |TAMS 0x0000000600400000, 0x0000000600000000| Complete 
|   1|0x0000000600400000, 0x0000000600800000, 0x0000000600800000|100%| O|  |TAMS 0x0000000600800000, 0x0000000600400000| Untracked 
|   2|0x0000000600800000, 0x0000000600c00000, 0x0000000600c00000|100%| O|  |TAMS 0x0000000600c00000, 0x0000000600800000| Untracked 
|   3|0x0000000600c00000, 0x0000000601000000, 0x0000000601000000|100%| O|  |TAMS 0x0000000601000000, 0x0000000600c00000| Untracked 
|   4|0x0000000601000000, 0x0000000601400000, 0x0000000601400000|100%| O|  |TAMS 0x0000000601400000, 0x0000000601000000| Untracked 
|   5|0x0000000601400000, 0x0000000601800000, 0x0000000601800000|100%| O|  |TAMS 0x0000000601800000, 0x0000000601400000| Untracked 
|   6|0x0000000601800000, 0x0000000601c00000, 0x0000000601c00000|100%| O|  |TAMS 0x0000000601c00000, 0x0000000601800000| Untracked 
|   7|0x0000000601c00000, 0x0000000602000000, 0x0000000602000000|100%| O|  |TAMS 0x0000000602000000, 0x0000000601c00000| Untracked 
|   8|0x0000000602000000, 0x0000000602400000, 0x0000000602400000|100%| O|  |TAMS 0x0000000602400000, 0x0000000602000000| Untracked 
|   9|0x0000000602400000, 0x0000000602800000, 0x0000000602800000|100%| O|  |TAMS 0x0000000602800000, 0x0000000602400000| Untracked 
|  10|0x0000000602800000, 0x0000000602c00000, 0x0000000602c00000|100%| O|  |TAMS 0x0000000602c00000, 0x0000000602800000| Untracked 
|  11|0x0000000602c00000, 0x0000000603000000, 0x0000000603000000|100%| O|  |TAMS 0x0000000603000000, 0x0000000602c00000| Untracked 
|  12|0x0000000603000000, 0x0000000603400000, 0x0000000603400000|100%| O|  |TAMS 0x0000000603400000, 0x0000000603000000| Untracked 
|  13|0x0000000603400000, 0x0000000603800000, 0x0000000603800000|100%| O|  |TAMS 0x0000000603800000, 0x0000000603400000| Untracked 
|  14|0x0000000603800000, 0x0000000603c00000, 0x0000000603c00000|100%| O|  |TAMS 0x0000000603c00000, 0x0000000603800000| Untracked 
|  15|0x0000000603c00000, 0x0000000604000000, 0x0000000604000000|100%| O|  |TAMS 0x0000000604000000, 0x0000000603c00000| Untracked 
|  16|0x0000000604000000, 0x0000000604400000, 0x0000000604400000|100%| O|  |TAMS 0x0000000604400000, 0x0000000604000000| Untracked 
|  17|0x0000000604400000, 0x0000000604800000, 0x0000000604800000|100%| O|  |TAMS 0x0000000604800000, 0x0000000604400000| Untracked 
|  18|0x0000000604800000, 0x0000000604c00000, 0x0000000604c00000|100%| O|  |TAMS 0x0000000604c00000, 0x0000000604800000| Untracked 
|  19|0x0000000604c00000, 0x0000000605000000, 0x0000000605000000|100%| O|  |TAMS 0x0000000605000000, 0x0000000604c00000| Untracked 
|  20|0x0000000605000000, 0x0000000605400000, 0x0000000605400000|100%| O|  |TAMS 0x0000000605000000, 0x0000000605000000| Untracked 
|  21|0x0000000605400000, 0x0000000605800000, 0x0000000605800000|100%| O|  |TAMS 0x0000000605800000, 0x0000000605400000| Untracked 
|  22|0x0000000605800000, 0x0000000605c00000, 0x0000000605c00000|100%| O|  |TAMS 0x0000000605c00000, 0x0000000605800000| Untracked 
|  23|0x0000000605c00000, 0x0000000606000000, 0x0000000606000000|100%| O|  |TAMS 0x0000000606000000, 0x0000000605c00000| Untracked 
|  24|0x0000000606000000, 0x0000000606400000, 0x0000000606400000|100%| O|  |TAMS 0x0000000606400000, 0x0000000606000000| Untracked 
|  25|0x0000000606400000, 0x0000000606800000, 0x0000000606800000|100%| O|  |TAMS 0x0000000606800000, 0x0000000606400000| Untracked 
|  26|0x0000000606800000, 0x0000000606c00000, 0x0000000606c00000|100%| O|  |TAMS 0x0000000606c00000, 0x0000000606800000| Untracked 
|  27|0x0000000606c00000, 0x0000000607000000, 0x0000000607000000|100%| O|  |TAMS 0x0000000607000000, 0x0000000606c00000| Untracked 
|  28|0x0000000607000000, 0x0000000607400000, 0x0000000607400000|100%| O|  |TAMS 0x0000000607400000, 0x0000000607000000| Untracked 
|  29|0x0000000607400000, 0x0000000607800000, 0x0000000607800000|100%| O|  |TAMS 0x0000000607800000, 0x0000000607400000| Untracked 
|  30|0x0000000607800000, 0x0000000607c00000, 0x0000000607c00000|100%| O|  |TAMS 0x0000000607c00000, 0x0000000607800000| Untracked 
|  31|0x0000000607c00000, 0x0000000608000000, 0x0000000608000000|100%| O|  |TAMS 0x0000000608000000, 0x0000000607c00000| Untracked 
|  32|0x0000000608000000, 0x0000000608400000, 0x0000000608400000|100%| O|  |TAMS 0x0000000608400000, 0x0000000608000000| Untracked 
|  33|0x0000000608400000, 0x0000000608800000, 0x0000000608800000|100%| O|  |TAMS 0x0000000608800000, 0x0000000608400000| Untracked 
|  34|0x0000000608800000, 0x0000000608c00000, 0x0000000608c00000|100%| O|  |TAMS 0x0000000608c00000, 0x0000000608800000| Untracked 
|  35|0x0000000608c00000, 0x0000000609000000, 0x0000000609000000|100%| O|  |TAMS 0x0000000609000000, 0x0000000608c00000| Untracked 
|  36|0x0000000609000000, 0x0000000609400000, 0x0000000609400000|100%| O|  |TAMS 0x0000000609400000, 0x0000000609000000| Untracked 
|  37|0x0000000609400000, 0x0000000609800000, 0x0000000609800000|100%| O|  |TAMS 0x00000006094eb600, 0x0000000609400000| Untracked 
|  38|0x0000000609800000, 0x0000000609c00000, 0x0000000609c00000|100%| O|  |TAMS 0x0000000609800000, 0x0000000609800000| Untracked 
|  39|0x0000000609c00000, 0x000000060a000000, 0x000000060a000000|100%| O|  |TAMS 0x0000000609c00000, 0x0000000609c00000| Untracked 
|  40|0x000000060a000000, 0x000000060a400000, 0x000000060a400000|100%| O|  |TAMS 0x000000060a000000, 0x000000060a000000| Untracked 
|  41|0x000000060a400000, 0x000000060a800000, 0x000000060a800000|100%| O|  |TAMS 0x000000060a400000, 0x000000060a400000| Untracked 
|  42|0x000000060a800000, 0x000000060ac00000, 0x000000060ac00000|100%| O|  |TAMS 0x000000060a800000, 0x000000060a800000| Untracked 
|  43|0x000000060ac00000, 0x000000060b000000, 0x000000060b000000|100%| O|  |TAMS 0x000000060ac00000, 0x000000060ac00000| Untracked 
|  44|0x000000060b000000, 0x000000060b400000, 0x000000060b400000|100%| O|  |TAMS 0x000000060b000000, 0x000000060b000000| Untracked 
|  45|0x000000060b400000, 0x000000060b800000, 0x000000060b800000|100%| O|  |TAMS 0x000000060b400000, 0x000000060b400000| Untracked 
|  46|0x000000060b800000, 0x000000060bc00000, 0x000000060bc00000|100%| O|  |TAMS 0x000000060b800000, 0x000000060b800000| Untracked 
|  47|0x000000060bc00000, 0x000000060bdcee00, 0x000000060c000000| 45%| O|  |TAMS 0x000000060bc00000, 0x000000060bc00000| Untracked 
|  48|0x000000060c000000, 0x000000060c000000, 0x000000060c400000|  0%| F|  |TAMS 0x000000060c000000, 0x000000060c000000| Untracked 
|  49|0x000000060c400000, 0x000000060c400000, 0x000000060c800000|  0%| F|  |TAMS 0x000000060c400000, 0x000000060c400000| Untracked 
|  50|0x000000060c800000, 0x000000060c800000, 0x000000060cc00000|  0%| F|  |TAMS 0x000000060c800000, 0x000000060c800000| Untracked 
|  51|0x000000060cc00000, 0x000000060cc00000, 0x000000060d000000|  0%| F|  |TAMS 0x000000060cc00000, 0x000000060cc00000| Untracked 
|  52|0x000000060d000000, 0x000000060d000000, 0x000000060d400000|  0%| F|  |TAMS 0x000000060d000000, 0x000000060d000000| Untracked 
|  53|0x000000060d400000, 0x000000060d400000, 0x000000060d800000|  0%| F|  |TAMS 0x000000060d400000, 0x000000060d400000| Untracked 
|  54|0x000000060d800000, 0x000000060d800000, 0x000000060dc00000|  0%| F|  |TAMS 0x000000060d800000, 0x000000060d800000| Untracked 
|  55|0x000000060dc00000, 0x000000060dc00000, 0x000000060e000000|  0%| F|  |TAMS 0x000000060dc00000, 0x000000060dc00000| Untracked 
|  56|0x000000060e000000, 0x000000060e000000, 0x000000060e400000|  0%| F|  |TAMS 0x000000060e000000, 0x000000060e000000| Untracked 
|  57|0x000000060e400000, 0x000000060e400000, 0x000000060e800000|  0%| F|  |TAMS 0x000000060e400000, 0x000000060e400000| Untracked 
|  58|0x000000060e800000, 0x000000060e800000, 0x000000060ec00000|  0%| F|  |TAMS 0x000000060e800000, 0x000000060e800000| Untracked 
|  59|0x000000060ec00000, 0x000000060ec00000, 0x000000060f000000|  0%| F|  |TAMS 0x000000060ec00000, 0x000000060ec00000| Untracked 
|  60|0x000000060f000000, 0x000000060f000000, 0x000000060f400000|  0%| F|  |TAMS 0x000000060f000000, 0x000000060f000000| Untracked 
|  61|0x000000060f400000, 0x000000060f400000, 0x000000060f800000|  0%| F|  |TAMS 0x000000060f400000, 0x000000060f400000| Untracked 
|  62|0x000000060f800000, 0x000000060f800000, 0x000000060fc00000|  0%| F|  |TAMS 0x000000060f800000, 0x000000060f800000| Untracked 
|  63|0x000000060fc00000, 0x000000060fc00000, 0x0000000610000000|  0%| F|  |TAMS 0x000000060fc00000, 0x000000060fc00000| Untracked 
|  64|0x0000000610000000, 0x0000000610000000, 0x0000000610400000|  0%| F|  |TAMS 0x0000000610000000, 0x0000000610000000| Untracked 
|  65|0x0000000610400000, 0x0000000610400000, 0x0000000610800000|  0%| F|  |TAMS 0x0000000610400000, 0x0000000610400000| Untracked 
|  66|0x0000000610800000, 0x0000000610800000, 0x0000000610c00000|  0%| F|  |TAMS 0x0000000610800000, 0x0000000610800000| Untracked 
|  67|0x0000000610c00000, 0x0000000610c00000, 0x0000000611000000|  0%| F|  |TAMS 0x0000000610c00000, 0x0000000610c00000| Untracked 
|  68|0x0000000611000000, 0x0000000611000000, 0x0000000611400000|  0%| F|  |TAMS 0x0000000611000000, 0x0000000611000000| Untracked 
|  69|0x0000000611400000, 0x0000000611624368, 0x0000000611800000| 53%| S|CS|TAMS 0x0000000611400000, 0x0000000611400000| Complete 
|  70|0x0000000611800000, 0x0000000611c00000, 0x0000000611c00000|100%| S|CS|TAMS 0x0000000611800000, 0x0000000611800000| Complete 
|  71|0x0000000611c00000, 0x0000000612000000, 0x0000000612000000|100%| S|CS|TAMS 0x0000000611c00000, 0x0000000611c00000| Complete 
|  72|0x0000000612000000, 0x0000000612400000, 0x0000000612400000|100%| S|CS|TAMS 0x0000000612000000, 0x0000000612000000| Complete 
|  73|0x0000000612400000, 0x0000000612400000, 0x0000000612800000|  0%| F|  |TAMS 0x0000000612400000, 0x0000000612400000| Untracked 
|  74|0x0000000612800000, 0x0000000612800000, 0x0000000612c00000|  0%| F|  |TAMS 0x0000000612800000, 0x0000000612800000| Untracked 
|  75|0x0000000612c00000, 0x0000000612c00000, 0x0000000613000000|  0%| F|  |TAMS 0x0000000612c00000, 0x0000000612c00000| Untracked 
|  76|0x0000000613000000, 0x0000000613000000, 0x0000000613400000|  0%| F|  |TAMS 0x0000000613000000, 0x0000000613000000| Untracked 
|  77|0x0000000613400000, 0x0000000613400000, 0x0000000613800000|  0%| F|  |TAMS 0x0000000613400000, 0x0000000613400000| Untracked 
|  78|0x0000000613800000, 0x0000000613800000, 0x0000000613c00000|  0%| F|  |TAMS 0x0000000613800000, 0x0000000613800000| Untracked 
|  79|0x0000000613c00000, 0x0000000613c00000, 0x0000000614000000|  0%| F|  |TAMS 0x0000000613c00000, 0x0000000613c00000| Untracked 
|  80|0x0000000614000000, 0x0000000614000000, 0x0000000614400000|  0%| F|  |TAMS 0x0000000614000000, 0x0000000614000000| Untracked 
|  81|0x0000000614400000, 0x0000000614400000, 0x0000000614800000|  0%| F|  |TAMS 0x0000000614400000, 0x0000000614400000| Untracked 
|  82|0x0000000614800000, 0x0000000614800000, 0x0000000614c00000|  0%| F|  |TAMS 0x0000000614800000, 0x0000000614800000| Untracked 
|  83|0x0000000614c00000, 0x0000000614c00000, 0x0000000615000000|  0%| F|  |TAMS 0x0000000614c00000, 0x0000000614c00000| Untracked 
|  84|0x0000000615000000, 0x0000000615000000, 0x0000000615400000|  0%| F|  |TAMS 0x0000000615000000, 0x0000000615000000| Untracked 
|  85|0x0000000615400000, 0x0000000615400000, 0x0000000615800000|  0%| F|  |TAMS 0x0000000615400000, 0x0000000615400000| Untracked 
|  86|0x0000000615800000, 0x0000000615800000, 0x0000000615c00000|  0%| F|  |TAMS 0x0000000615800000, 0x0000000615800000| Untracked 
|  87|0x0000000615c00000, 0x0000000615c00000, 0x0000000616000000|  0%| F|  |TAMS 0x0000000615c00000, 0x0000000615c00000| Untracked 
|  88|0x0000000616000000, 0x0000000616000000, 0x0000000616400000|  0%| F|  |TAMS 0x0000000616000000, 0x0000000616000000| Untracked 
|  89|0x0000000616400000, 0x0000000616400000, 0x0000000616800000|  0%| F|  |TAMS 0x0000000616400000, 0x0000000616400000| Untracked 
|  90|0x0000000616800000, 0x0000000616800000, 0x0000000616c00000|  0%| F|  |TAMS 0x0000000616800000, 0x0000000616800000| Untracked 
|  91|0x0000000616c00000, 0x0000000616c00000, 0x0000000617000000|  0%| F|  |TAMS 0x0000000616c00000, 0x0000000616c00000| Untracked 
|  92|0x0000000617000000, 0x0000000617000000, 0x0000000617400000|  0%| F|  |TAMS 0x0000000617000000, 0x0000000617000000| Untracked 
|  93|0x0000000617400000, 0x0000000617400000, 0x0000000617800000|  0%| F|  |TAMS 0x0000000617400000, 0x0000000617400000| Untracked 
|  94|0x0000000617800000, 0x0000000617800000, 0x0000000617c00000|  0%| F|  |TAMS 0x0000000617800000, 0x0000000617800000| Untracked 
|  95|0x0000000617c00000, 0x0000000617c00000, 0x0000000618000000|  0%| F|  |TAMS 0x0000000617c00000, 0x0000000617c00000| Untracked 
|  96|0x0000000618000000, 0x0000000618000000, 0x0000000618400000|  0%| F|  |TAMS 0x0000000618000000, 0x0000000618000000| Untracked 
|  97|0x0000000618400000, 0x0000000618400000, 0x0000000618800000|  0%| F|  |TAMS 0x0000000618400000, 0x0000000618400000| Untracked 
|  98|0x0000000618800000, 0x0000000618800000, 0x0000000618c00000|  0%| F|  |TAMS 0x0000000618800000, 0x0000000618800000| Untracked 
|  99|0x0000000618c00000, 0x0000000618c00000, 0x0000000619000000|  0%| F|  |TAMS 0x0000000618c00000, 0x0000000618c00000| Untracked 

Card table byte_map: [0x0000021abb770000,0x0000021abc770000] _byte_map_base: 0x0000021ab8770000

Marking Bits (Prev, Next): (CMBitMap*) 0x0000021a92ba5ca0, (CMBitMap*) 0x0000021a92ba5ce0
 Prev Bits: [0x0000021abd770000, 0x0000021ac5770000)
 Next Bits: [0x0000021ac5770000, 0x0000021acd770000)

Polling page: 0x0000021a90ab0000

Metaspace:

Usage:
  Non-class:     96.43 MB used.
      Class:     15.79 MB used.
       Both:    112.22 MB used.

Virtual space:
  Non-class space:      128.00 MB reserved,      97.12 MB ( 76%) committed,  2 nodes.
      Class space:        1.00 GB reserved,      16.50 MB (  2%) committed,  1 nodes.
             Both:        1.12 GB reserved,     113.62 MB ( 10%) committed. 

Chunk freelists:
   Non-Class:  14.70 MB
       Class:  15.33 MB
        Both:  30.03 MB

MaxMetaspaceSize: 4.00 GB
CompressedClassSpaceSize: 1.00 GB
Initial GC threshold: 21.00 MB
Current GC threshold: 187.44 MB
CDS: on
MetaspaceReclaimPolicy: balanced
 - commit_granule_bytes: 65536.
 - commit_granule_words: 8192.
 - virtual_space_node_default_size: 8388608.
 - enlarge_chunks_in_place: 1.
 - new_chunks_are_fully_committed: 0.
 - uncommit_free_chunks: 1.
 - use_allocation_guard: 0.
 - handle_deallocations: 1.


Internal statistics:

num_allocs_failed_limit: 27.
num_arena_births: 2316.
num_arena_deaths: 2.
num_vsnodes_births: 3.
num_vsnodes_deaths: 0.
num_space_committed: 1818.
num_space_uncommitted: 0.
num_chunks_returned_to_freelist: 29.
num_chunks_taken_from_freelist: 7885.
num_chunk_merges: 27.
num_chunk_splits: 4994.
num_chunks_enlarged: 3013.
num_inconsistent_stats: 0.

CodeHeap 'non-profiled nmethods': size=259264Kb used=9640Kb max_used=9640Kb free=249623Kb
 bounds [0x0000021aaa920000, 0x0000021aab290000, 0x0000021aba650000]
CodeHeap 'profiled nmethods': size=259264Kb used=27717Kb max_used=27717Kb free=231546Kb
 bounds [0x0000021a9a650000, 0x0000021a9c170000, 0x0000021aaa380000]
CodeHeap 'non-nmethods': size=5760Kb used=1791Kb max_used=1873Kb free=3968Kb
 bounds [0x0000021aaa380000, 0x0000021aaa5f0000, 0x0000021aaa920000]
 total_blobs=16267 nmethods=15372 adapters=806
 compilation: enabled
              stopped_count=0, restarted_count=0
 full_count=0

Compilation events (20 events):
Event: 88.976 Thread 0x0000021acd95a520 18091       1       com.android.builder.internal.BaseConfigImpl::getBuildConfigFields (5 bytes)
Event: 88.976 Thread 0x0000021acd95a520 nmethod 18091 0x0000021aab288f90 code [0x0000021aab289120, 0x0000021aab2891f8]
Event: 88.977 Thread 0x0000021acd95a520 18092       1       org.gradle.api.internal.artifacts.ivyservice.resolutionstrategy.DefaultResolutionStrategy::sortArtifacts (6 bytes)
Event: 88.977 Thread 0x0000021acd95a520 nmethod 18092 0x0000021aab289290 code [0x0000021aab289420, 0x0000021aab289538]
Event: 88.980 Thread 0x0000021acd95a520 18093       2       com.android.build.gradle.internal.core.dsl.impl.ComponentDslInfoImpl::getMergedFlavor (15 bytes)
Event: 88.981 Thread 0x0000021acd95a520 nmethod 18093 0x0000021a9c15d390 code [0x0000021a9c15d540, 0x0000021a9c15d6a8]
Event: 88.981 Thread 0x0000021acd95a520 18094       1       com.android.build.gradle.internal.dsl.BuildType$AgpDecorated::get_isDebuggable (5 bytes)
Event: 88.981 Thread 0x0000021acd95a520 nmethod 18094 0x0000021aab289590 code [0x0000021aab289720, 0x0000021aab2897f8]
Event: 88.981 Thread 0x0000021acd95a520 18095       1       com.android.builder.internal.BaseConfigImpl::getResValues (5 bytes)
Event: 88.981 Thread 0x0000021acd95a520 nmethod 18095 0x0000021aab289890 code [0x0000021aab289a20, 0x0000021aab289af8]
Event: 88.981 Thread 0x0000021acd95a520 18096       1       com.android.build.gradle.internal.core.dsl.impl.features.OptimizationDslInfoImpl::access$getComponentType$p (5 bytes)
Event: 88.981 Thread 0x0000021acd95a520 nmethod 18096 0x0000021aab289b90 code [0x0000021aab289d20, 0x0000021aab289dd8]
Event: 88.984 Thread 0x0000021acd95a520 18097       2       org.gradle.api.internal.artifacts.configurations.DefaultConfigurationContainer_Decorated::getNames (39 bytes)
Event: 88.984 Thread 0x0000021acd95a520 nmethod 18097 0x0000021a9c15d790 code [0x0000021a9c15d980, 0x0000021a9c15dc98]
Event: 88.988 Thread 0x0000021acd95a520 18098       2       org.gradle.api.internal.provider.DefaultPropertyFactory::property (145 bytes)
Event: 88.990 Thread 0x0000021acd95a520 nmethod 18098 0x0000021a9c15de90 code [0x0000021a9c15e340, 0x0000021a9c15f608]
Event: 88.991 Thread 0x0000021acd95a520 18099       1       com.android.build.gradle.internal.core.MergedFlavor::getVectorDrawables (5 bytes)
Event: 88.991 Thread 0x0000021acd95a520 nmethod 18099 0x0000021aab289e90 code [0x0000021aab28a020, 0x0000021aab28a0f8]
Event: 88.999 Thread 0x0000021acd95a520 18100       3       com.android.build.gradle.internal.tasks.factory.TaskConfigurationActions::postRegisterHook (152 bytes)
Event: 89.000 Thread 0x0000021acd95a520 nmethod 18100 0x0000021a9c160090 code [0x0000021a9c160360, 0x0000021a9c161298]

GC Heap History (20 events):
Event: 61.000 GC heap after
{Heap after GC invocations=33 (full 0):
 garbage-first heap   total 327680K, used 161030K [0x0000000600000000, 0x0000000800000000)
  region size 4096K, 3 young (12288K), 3 survivors (12288K)
 Metaspace       used 106249K, committed 107520K, reserved 1179648K
  class space    used 14981K, committed 15616K, reserved 1048576K
}
Event: 61.941 GC heap before
{Heap before GC invocations=33 (full 0):
 garbage-first heap   total 327680K, used 218374K [0x0000000600000000, 0x0000000800000000)
  region size 4096K, 19 young (77824K), 3 survivors (12288K)
 Metaspace       used 108857K, committed 110080K, reserved 1179648K
  class space    used 15328K, committed 15936K, reserved 1048576K
}
Event: 61.963 GC heap after
{Heap after GC invocations=34 (full 0):
 garbage-first heap   total 393216K, used 165912K [0x0000000600000000, 0x0000000800000000)
  region size 4096K, 4 young (16384K), 4 survivors (16384K)
 Metaspace       used 108857K, committed 110080K, reserved 1179648K
  class space    used 15328K, committed 15936K, reserved 1048576K
}
Event: 73.386 GC heap before
{Heap before GC invocations=35 (full 0):
 garbage-first heap   total 393216K, used 309272K [0x0000000600000000, 0x0000000800000000)
  region size 4096K, 39 young (159744K), 4 survivors (16384K)
 Metaspace       used 113619K, committed 115008K, reserved 1179648K
  class space    used 16028K, committed 16704K, reserved 1048576K
}
Event: 73.568 GC heap after
{Heap after GC invocations=36 (full 0):
 garbage-first heap   total 393216K, used 176582K [0x0000000600000000, 0x0000000800000000)
  region size 4096K, 4 young (16384K), 4 survivors (16384K)
 Metaspace       used 113619K, committed 115008K, reserved 1179648K
  class space    used 16028K, committed 16704K, reserved 1048576K
}
Event: 76.968 GC heap before
{Heap before GC invocations=37 (full 0):
 garbage-first heap   total 409600K, used 311750K [0x0000000600000000, 0x0000000800000000)
  region size 4096K, 37 young (151552K), 4 survivors (16384K)
 Metaspace       used 114165K, committed 115584K, reserved 1179648K
  class space    used 16077K, committed 16768K, reserved 1048576K
}
Event: 78.801 GC heap after
{Heap after GC invocations=38 (full 0):
 garbage-first heap   total 409600K, used 186380K [0x0000000600000000, 0x0000000800000000)
  region size 4096K, 3 young (12288K), 3 survivors (12288K)
 Metaspace       used 114165K, committed 115584K, reserved 1179648K
  class space    used 16077K, committed 16768K, reserved 1048576K
}
Event: 79.490 GC heap before
{Heap before GC invocations=38 (full 0):
 garbage-first heap   total 409600K, used 194572K [0x0000000600000000, 0x0000000800000000)
  region size 4096K, 5 young (20480K), 3 survivors (12288K)
 Metaspace       used 114191K, committed 115648K, reserved 1179648K
  class space    used 16077K, committed 16768K, reserved 1048576K
}
Event: 79.598 GC heap after
{Heap after GC invocations=39 (full 0):
 garbage-first heap   total 409600K, used 186245K [0x0000000600000000, 0x0000000800000000)
  region size 4096K, 1 young (4096K), 1 survivors (4096K)
 Metaspace       used 114191K, committed 115648K, reserved 1179648K
  class space    used 16077K, committed 16768K, reserved 1048576K
}
Event: 81.049 GC heap before
{Heap before GC invocations=39 (full 0):
 garbage-first heap   total 409600K, used 202629K [0x0000000600000000, 0x0000000800000000)
  region size 4096K, 5 young (20480K), 1 survivors (4096K)
 Metaspace       used 114218K, committed 115648K, reserved 1179648K
  class space    used 16081K, committed 16768K, reserved 1048576K
}
Event: 81.062 GC heap after
{Heap after GC invocations=40 (full 0):
 garbage-first heap   total 409600K, used 186370K [0x0000000600000000, 0x0000000800000000)
  region size 4096K, 1 young (4096K), 1 survivors (4096K)
 Metaspace       used 114218K, committed 115648K, reserved 1179648K
  class space    used 16081K, committed 16768K, reserved 1048576K
}
Event: 83.077 GC heap before
{Heap before GC invocations=40 (full 0):
 garbage-first heap   total 409600K, used 206850K [0x0000000600000000, 0x0000000800000000)
  region size 4096K, 7 young (28672K), 1 survivors (4096K)
 Metaspace       used 114218K, committed 115648K, reserved 1179648K
  class space    used 16081K, committed 16768K, reserved 1048576K
}
Event: 83.086 GC heap after
{Heap after GC invocations=41 (full 0):
 garbage-first heap   total 409600K, used 187029K [0x0000000600000000, 0x0000000800000000)
  region size 4096K, 1 young (4096K), 1 survivors (4096K)
 Metaspace       used 114218K, committed 115648K, reserved 1179648K
  class space    used 16081K, committed 16768K, reserved 1048576K
}
Event: 84.644 GC heap before
{Heap before GC invocations=41 (full 0):
 garbage-first heap   total 409600K, used 248469K [0x0000000600000000, 0x0000000800000000)
  region size 4096K, 17 young (69632K), 1 survivors (4096K)
 Metaspace       used 114304K, committed 115776K, reserved 1179648K
  class space    used 16093K, committed 16832K, reserved 1048576K
}
Event: 84.658 GC heap after
{Heap after GC invocations=42 (full 0):
 garbage-first heap   total 409600K, used 190616K [0x0000000600000000, 0x0000000800000000)
  region size 4096K, 2 young (8192K), 2 survivors (8192K)
 Metaspace       used 114304K, committed 115776K, reserved 1179648K
  class space    used 16093K, committed 16832K, reserved 1048576K
}
Event: 85.945 GC heap before
{Heap before GC invocations=42 (full 0):
 garbage-first heap   total 409600K, used 256152K [0x0000000600000000, 0x0000000800000000)
  region size 4096K, 19 young (77824K), 2 survivors (8192K)
 Metaspace       used 114405K, committed 115840K, reserved 1179648K
  class space    used 16098K, committed 16832K, reserved 1048576K
}
Event: 85.967 GC heap after
{Heap after GC invocations=43 (full 0):
 garbage-first heap   total 409600K, used 194418K [0x0000000600000000, 0x0000000800000000)
  region size 4096K, 3 young (12288K), 3 survivors (12288K)
 Metaspace       used 114405K, committed 115840K, reserved 1179648K
  class space    used 16098K, committed 16832K, reserved 1048576K
}
Event: 87.243 GC heap before
{Heap before GC invocations=43 (full 0):
 garbage-first heap   total 409600K, used 259954K [0x0000000600000000, 0x0000000800000000)
  region size 4096K, 20 young (81920K), 3 survivors (12288K)
 Metaspace       used 114552K, committed 116032K, reserved 1179648K
  class space    used 16117K, committed 16832K, reserved 1048576K
}
Event: 87.294 GC heap after
{Heap after GC invocations=44 (full 0):
 garbage-first heap   total 409600K, used 200223K [0x0000000600000000, 0x0000000800000000)
  region size 4096K, 3 young (12288K), 3 survivors (12288K)
 Metaspace       used 114552K, committed 116032K, reserved 1179648K
  class space    used 16117K, committed 16832K, reserved 1048576K
}
Event: 89.006 GC heap before
{Heap before GC invocations=44 (full 0):
 garbage-first heap   total 409600K, used 294431K [0x0000000600000000, 0x0000000800000000)
  region size 4096K, 27 young (110592K), 3 survivors (12288K)
 Metaspace       used 114908K, committed 116352K, reserved 1179648K
  class space    used 16165K, committed 16896K, reserved 1048576K
}

Dll operation events (15 events):
Event: 0.026 Loaded shared library C:\Program Files\Eclipse Adoptium\jdk-17.0.16.8-hotspot\bin\java.dll
Event: 0.058 Loaded shared library C:\Program Files\Eclipse Adoptium\jdk-17.0.16.8-hotspot\bin\jsvml.dll
Event: 0.217 Loaded shared library C:\Program Files\Eclipse Adoptium\jdk-17.0.16.8-hotspot\bin\zip.dll
Event: 0.223 Loaded shared library C:\Program Files\Eclipse Adoptium\jdk-17.0.16.8-hotspot\bin\instrument.dll
Event: 0.235 Loaded shared library C:\Program Files\Eclipse Adoptium\jdk-17.0.16.8-hotspot\bin\net.dll
Event: 0.240 Loaded shared library C:\Program Files\Eclipse Adoptium\jdk-17.0.16.8-hotspot\bin\nio.dll
Event: 0.244 Loaded shared library C:\Program Files\Eclipse Adoptium\jdk-17.0.16.8-hotspot\bin\zip.dll
Event: 1.110 Loaded shared library C:\Program Files\Eclipse Adoptium\jdk-17.0.16.8-hotspot\bin\jimage.dll
Event: 2.045 Loaded shared library C:\Program Files\Eclipse Adoptium\jdk-17.0.16.8-hotspot\bin\verify.dll
Event: 2.249 Loaded shared library C:\Users\HP\.gradle\native\1def1411415f61bf3af743bc5b6707747c0891f09f0c88961ee8f79bc544acac\windows-amd64\native-platform.dll
Event: 2.266 Loaded shared library C:\Users\HP\.gradle\native\0.2.8\x86_64-windows-gnu\gradle-fileevents.dll
Event: 5.424 Loaded shared library C:\Program Files\Eclipse Adoptium\jdk-17.0.16.8-hotspot\bin\management.dll
Event: 5.432 Loaded shared library C:\Program Files\Eclipse Adoptium\jdk-17.0.16.8-hotspot\bin\management_ext.dll
Event: 6.210 Loaded shared library C:\Program Files\Eclipse Adoptium\jdk-17.0.16.8-hotspot\bin\extnet.dll
Event: 6.701 Loaded shared library C:\Program Files\Eclipse Adoptium\jdk-17.0.16.8-hotspot\bin\sunmscapi.dll

Deoptimization events (20 events):
Event: 88.400 Thread 0x0000021b1579e960 Uncommon trap: trap_request=0xfffffff4 fr.pc=0x0000021aab276f5c relative=0x000000000000097c
Event: 88.400 Thread 0x0000021b1579e960 Uncommon trap: reason=null_check action=make_not_entrant pc=0x0000021aab276f5c method=org.gradle.api.internal.provider.DefaultPropertyFactory.property(Ljava/lang/Class;)Lorg/gradle/api/internal/provider/DefaultProperty; @ 36 c2
Event: 88.400 Thread 0x0000021b1579e960 DEOPT PACKING pc=0x0000021aab276f5c sp=0x00000063908f8bf0
Event: 88.400 Thread 0x0000021b1579e960 DEOPT UNPACKING pc=0x0000021aaa3d69a3 sp=0x00000063908f8bb8 mode 2
Event: 88.526 Thread 0x0000021b1579e960 DEOPT PACKING pc=0x0000021a9be84ca2 sp=0x00000063908f7b10
Event: 88.527 Thread 0x0000021b1579e960 DEOPT UNPACKING pc=0x0000021aaa3d7143 sp=0x00000063908f7198 mode 0
Event: 88.532 Thread 0x0000021b16a6cad0 Uncommon trap: trap_request=0xffffffcc fr.pc=0x0000021aab271470 relative=0x00000000000003b0
Event: 88.532 Thread 0x0000021b16a6cad0 Uncommon trap: reason=intrinsic_or_type_checked_inlining action=make_not_entrant pc=0x0000021aab271470 method=java.util.Arrays.copyOfRange([Ljava/lang/Object;IILjava/lang/Class;)[Ljava/lang/Object; @ 84 c2
Event: 88.532 Thread 0x0000021b16a6cad0 DEOPT PACKING pc=0x0000021aab271470 sp=0x0000006391afe240
Event: 88.532 Thread 0x0000021b16a6cad0 DEOPT UNPACKING pc=0x0000021aaa3d69a3 sp=0x0000006391afe1c0 mode 2
Event: 88.560 Thread 0x0000021b1579e960 DEOPT PACKING pc=0x0000021a9be84ca2 sp=0x00000063908f7b10
Event: 88.560 Thread 0x0000021b1579e960 DEOPT UNPACKING pc=0x0000021aaa3d7143 sp=0x00000063908f7198 mode 0
Event: 88.618 Thread 0x0000021b1579e960 Uncommon trap: trap_request=0xfffffff4 fr.pc=0x0000021aab27b87c relative=0x000000000000099c
Event: 88.618 Thread 0x0000021b1579e960 Uncommon trap: reason=null_check action=make_not_entrant pc=0x0000021aab27b87c method=org.gradle.api.internal.provider.DefaultPropertyFactory.property(Ljava/lang/Class;)Lorg/gradle/api/internal/provider/DefaultProperty; @ 60 c2
Event: 88.618 Thread 0x0000021b1579e960 DEOPT PACKING pc=0x0000021aab27b87c sp=0x00000063908f6b90
Event: 88.618 Thread 0x0000021b1579e960 DEOPT UNPACKING pc=0x0000021aaa3d69a3 sp=0x00000063908f6b58 mode 2
Event: 88.781 Thread 0x0000021b1579e960 Uncommon trap: trap_request=0xffffff45 fr.pc=0x0000021aaad206a0 relative=0x0000000000001380
Event: 88.781 Thread 0x0000021b1579e960 Uncommon trap: reason=unstable_if action=reinterpret pc=0x0000021aaad206a0 method=org.codehaus.groovy.runtime.metaclass.MetaMethodIndex.isOverridden(Lgroovy/lang/MetaMethod;Lgroovy/lang/MetaMethod;)Z @ 52 c2
Event: 88.781 Thread 0x0000021b1579e960 DEOPT PACKING pc=0x0000021aaad206a0 sp=0x00000063908f1b80
Event: 88.781 Thread 0x0000021b1579e960 DEOPT UNPACKING pc=0x0000021aaa3d69a3 sp=0x00000063908f1ad8 mode 2

Classes loaded (20 events):
Event: 68.860 Loading class java/util/Collections$EmptyListIterator
Event: 68.861 Loading class java/util/Collections$EmptyListIterator done
Event: 68.880 Loading class java/io/CharArrayWriter
Event: 68.880 Loading class java/io/CharArrayWriter done
Event: 68.929 Loading class java/time/Instant$1
Event: 68.930 Loading class java/time/Instant$1 done
Event: 69.002 Loading class java/util/Locale$1
Event: 69.002 Loading class java/util/Locale$1 done
Event: 69.020 Loading class java/net/UrlDeserializedState
Event: 69.021 Loading class java/net/UrlDeserializedState done
Event: 69.032 Loading class java/util/concurrent/CompletableFuture$AsyncRun
Event: 69.033 Loading class java/util/concurrent/CompletableFuture$AsyncRun done
Event: 72.701 Loading class jdk/internal/math/FormattedFloatingDecimal$Form
Event: 72.702 Loading class jdk/internal/math/FormattedFloatingDecimal$Form done
Event: 72.702 Loading class jdk/internal/math/FormattedFloatingDecimal
Event: 72.702 Loading class jdk/internal/math/FormattedFloatingDecimal done
Event: 72.703 Loading class jdk/internal/math/FormattedFloatingDecimal$1
Event: 72.703 Loading class jdk/internal/math/FormattedFloatingDecimal$1 done
Event: 72.703 Loading class jdk/internal/math/FormattedFloatingDecimal$2
Event: 72.703 Loading class jdk/internal/math/FormattedFloatingDecimal$2 done

Classes unloaded (1 events):
Event: 29.214 Thread 0x0000021acd932860 Unloading class 0x0000021ad1720400 'java/lang/invoke/LambdaForm$DMH+0x0000021ad1720400'

Classes redefined (0 events):
No events

Internal exceptions (20 events):
Event: 88.795 Thread 0x0000021b1579e960 Exception <a 'java/lang/ClassNotFoundException'{0x00000006130f2120}: com/android/build/gradle/internal/dsl/BuildType$AgpDecoratedCustomizer> (0x00000006130f2120) 
thrown [s\src\hotspot\share\classfile\systemDictionary.cpp, line 256]
Event: 88.798 Thread 0x0000021b1579e960 Exception <a 'java/lang/ClassNotFoundException'{0x0000000613149150}: com/android/build/gradle/internal/dsl/BuildType$AgpDecorated_DecoratedCustomizer> (0x0000000613149150) 
thrown [s\src\hotspot\share\classfile\systemDictionary.cpp, line 256]
Event: 88.821 Thread 0x0000021b1579e960 Exception <a 'java/lang/ClassNotFoundException'{0x0000000613289960}: com/android/build/gradle/internal/api/DefaultAndroidSourceSet_DecoratedBeanInfo> (0x0000000613289960) 
thrown [s\src\hotspot\share\classfile\systemDictionary.cpp, line 256]
Event: 88.822 Thread 0x0000021b1579e960 Exception <a 'java/lang/ClassNotFoundException'{0x0000000613298220}: com/android/build/gradle/internal/api/DefaultAndroidSourceSetBeanInfo> (0x0000000613298220) 
thrown [s\src\hotspot\share\classfile\systemDictionary.cpp, line 256]
Event: 88.823 Thread 0x0000021b1579e960 Exception <a 'java/lang/ClassNotFoundException'{0x00000006132a6e98}: com/android/build/gradle/internal/api/DefaultAndroidSourceSetCustomizer> (0x00000006132a6e98) 
thrown [s\src\hotspot\share\classfile\systemDictionary.cpp, line 256]
Event: 88.826 Thread 0x0000021b1579e960 Exception <a 'java/lang/ClassNotFoundException'{0x000000061330f6d0}: com/android/build/gradle/internal/api/DefaultAndroidSourceSet_DecoratedCustomizer> (0x000000061330f6d0) 
thrown [s\src\hotspot\share\classfile\systemDictionary.cpp, line 256]
Event: 88.834 Thread 0x0000021b1579e960 Exception <a 'java/lang/ClassNotFoundException'{0x0000000613386268}: com/android/build/gradle/internal/api/DefaultAndroidSourceDirectorySetBeanInfo> (0x0000000613386268) 
thrown [s\src\hotspot\share\classfile\systemDictionary.cpp, line 256]
Event: 88.835 Thread 0x0000021b1579e960 Exception <a 'java/lang/ClassNotFoundException'{0x0000000613395b38}: com/android/build/gradle/internal/api/DefaultAndroidSourceDirectorySetCustomizer> (0x0000000613395b38) 
thrown [s\src\hotspot\share\classfile\systemDictionary.cpp, line 256]
Event: 88.853 Thread 0x0000021b1579e960 Exception <a 'java/lang/ClassNotFoundException'{0x0000000612c26250}: com/android/build/gradle/internal/dsl/ExternalNativeBuild$AgpDecorated_DecoratedBeanInfo> (0x0000000612c26250) 
thrown [s\src\hotspot\share\classfile\systemDictionary.cpp, line 256]
Event: 88.854 Thread 0x0000021b1579e960 Exception <a 'java/lang/ClassNotFoundException'{0x0000000612c33d00}: com/android/build/gradle/internal/dsl/ExternalNativeBuild$AgpDecoratedBeanInfo> (0x0000000612c33d00) 
thrown [s\src\hotspot\share\classfile\systemDictionary.cpp, line 256]
Event: 88.855 Thread 0x0000021b1579e960 Exception <a 'java/lang/ClassNotFoundException'{0x0000000612c415b0}: com/android/build/gradle/internal/dsl/ExternalNativeBuildBeanInfo> (0x0000000612c415b0) 
thrown [s\src\hotspot\share\classfile\systemDictionary.cpp, line 256]
Event: 88.856 Thread 0x0000021b1579e960 Exception <a 'java/lang/ClassNotFoundException'{0x0000000612c4ee38}: com/android/build/gradle/internal/dsl/ExternalNativeBuildCustomizer> (0x0000000612c4ee38) 
thrown [s\src\hotspot\share\classfile\systemDictionary.cpp, line 256]
Event: 88.857 Thread 0x0000021b1579e960 Exception <a 'java/lang/ClassNotFoundException'{0x0000000612c62c40}: com/android/build/gradle/internal/dsl/ExternalNativeBuild$AgpDecoratedCustomizer> (0x0000000612c62c40) 
thrown [s\src\hotspot\share\classfile\systemDictionary.cpp, line 256]
Event: 88.858 Thread 0x0000021b1579e960 Exception <a 'java/lang/ClassNotFoundException'{0x0000000612c7c6c8}: com/android/build/gradle/internal/dsl/ExternalNativeBuild$AgpDecorated_DecoratedCustomizer> (0x0000000612c7c6c8) 
thrown [s\src\hotspot\share\classfile\systemDictionary.cpp, line 256]
Event: 88.865 Thread 0x0000021b1579e960 Exception <a 'java/lang/ClassNotFoundException'{0x0000000612ce8a40}: com/android/build/gradle/internal/dsl/CmakeOptions$AgpDecorated_DecoratedBeanInfo> (0x0000000612ce8a40) 
thrown [s\src\hotspot\share\classfile\systemDictionary.cpp, line 256]
Event: 88.866 Thread 0x0000021b1579e960 Exception <a 'java/lang/ClassNotFoundException'{0x0000000612cf76f8}: com/android/build/gradle/internal/dsl/CmakeOptions$AgpDecoratedBeanInfo> (0x0000000612cf76f8) 
thrown [s\src\hotspot\share\classfile\systemDictionary.cpp, line 256]
Event: 88.867 Thread 0x0000021b1579e960 Exception <a 'java/lang/ClassNotFoundException'{0x0000000612d06090}: com/android/build/gradle/internal/dsl/CmakeOptionsBeanInfo> (0x0000000612d06090) 
thrown [s\src\hotspot\share\classfile\systemDictionary.cpp, line 256]
Event: 88.868 Thread 0x0000021b1579e960 Exception <a 'java/lang/ClassNotFoundException'{0x0000000612d14a00}: com/android/build/gradle/internal/dsl/CmakeOptionsCustomizer> (0x0000000612d14a00) 
thrown [s\src\hotspot\share\classfile\systemDictionary.cpp, line 256]
Event: 88.875 Thread 0x0000021b1579e960 Exception <a 'java/lang/ClassNotFoundException'{0x0000000612d28188}: com/android/build/gradle/internal/dsl/CmakeOptions$AgpDecoratedCustomizer> (0x0000000612d28188) 
thrown [s\src\hotspot\share\classfile\systemDictionary.cpp, line 256]
Event: 88.878 Thread 0x0000021b1579e960 Exception <a 'java/lang/ClassNotFoundException'{0x0000000612d3dbb8}: com/android/build/gradle/internal/dsl/CmakeOptions$AgpDecorated_DecoratedCustomizer> (0x0000000612d3dbb8) 
thrown [s\src\hotspot\share\classfile\systemDictionary.cpp, line 256]

VM Operations (20 events):
Event: 82.065 Executing VM operation: Cleanup done
Event: 83.076 Executing VM operation: G1CollectForAllocation
Event: 83.086 Executing VM operation: G1CollectForAllocation done
Event: 83.761 Executing VM operation: HandshakeAllThreads
Event: 83.762 Executing VM operation: HandshakeAllThreads done
Event: 84.031 Executing VM operation: ICBufferFull
Event: 84.032 Executing VM operation: ICBufferFull done
Event: 84.644 Executing VM operation: G1CollectForAllocation
Event: 84.658 Executing VM operation: G1CollectForAllocation done
Event: 85.672 Executing VM operation: Cleanup
Event: 85.672 Executing VM operation: Cleanup done
Event: 85.945 Executing VM operation: G1CollectForAllocation
Event: 85.967 Executing VM operation: G1CollectForAllocation done
Event: 86.681 Executing VM operation: ICBufferFull
Event: 86.681 Executing VM operation: ICBufferFull done
Event: 87.243 Executing VM operation: G1CollectForAllocation
Event: 87.294 Executing VM operation: G1CollectForAllocation done
Event: 88.301 Executing VM operation: Cleanup
Event: 88.301 Executing VM operation: Cleanup done
Event: 89.006 Executing VM operation: G1CollectForAllocation

Memory protections (0 events):
No events

Nmethod flushes (20 events):
Event: 65.276 Thread 0x0000021b15008070 flushing  nmethod 0x0000021a9be7be10
Event: 65.276 Thread 0x0000021b15008070 flushing  nmethod 0x0000021a9be98790
Event: 65.276 Thread 0x0000021b15008070 flushing  nmethod 0x0000021a9bebe290
Event: 65.277 Thread 0x0000021b15008070 flushing  nmethod 0x0000021a9bee5c90
Event: 65.277 Thread 0x0000021b15008070 flushing  nmethod 0x0000021a9bef5090
Event: 65.277 Thread 0x0000021b15008070 flushing  nmethod 0x0000021a9bef5590
Event: 65.277 Thread 0x0000021b15008070 flushing  nmethod 0x0000021a9bf35c10
Event: 65.278 Thread 0x0000021b15008070 flushing  nmethod 0x0000021a9bf79990
Event: 65.278 Thread 0x0000021b15008070 flushing  nmethod 0x0000021a9bf83290
Event: 65.278 Thread 0x0000021b15008070 flushing  nmethod 0x0000021a9bf85f90
Event: 65.278 Thread 0x0000021b15008070 flushing  nmethod 0x0000021a9bf89710
Event: 65.278 Thread 0x0000021b15008070 flushing  nmethod 0x0000021a9bf89a90
Event: 65.278 Thread 0x0000021b15008070 flushing  nmethod 0x0000021a9bf8e790
Event: 83.767 Thread 0x0000021b15008070 flushing  nmethod 0x0000021aab067410
Event: 83.768 Thread 0x0000021b15008070 flushing  nmethod 0x0000021aab077010
Event: 83.768 Thread 0x0000021b15008070 flushing  nmethod 0x0000021aab081510
Event: 83.798 Thread 0x0000021b15008070 flushing  nmethod 0x0000021a9acc9690
Event: 83.798 Thread 0x0000021b15008070 flushing  nmethod 0x0000021a9acc9a90
Event: 83.809 Thread 0x0000021b15008070 flushing  nmethod 0x0000021a9b54a110
Event: 83.818 Thread 0x0000021b15008070 flushing  nmethod 0x0000021a9ba97310

Events (20 events):
Event: 76.385 Thread 0x0000021b1579e960 Thread added: 0x0000021b19730c10
Event: 79.146 Thread 0x0000021b1579e960 Thread added: 0x0000021b16a69830
Event: 80.969 Thread 0x0000021b1579e960 Thread added: 0x0000021b16a69320
Event: 80.970 Thread 0x0000021b1579e960 Thread added: 0x0000021b16a679d0
Event: 80.971 Thread 0x0000021b1579e960 Thread added: 0x0000021b16a6ac70
Event: 81.043 Thread 0x0000021b1579e960 Thread added: 0x0000021b16a6d4f0
Event: 81.044 Thread 0x0000021b1579e960 Thread added: 0x0000021b16a6b180
Event: 81.045 Thread 0x0000021b1579e960 Thread added: 0x0000021b16a6da00
Event: 85.043 Thread 0x0000021b1579e960 Thread added: 0x0000021b16a683f0
Event: 85.043 Thread 0x0000021b1579e960 Thread added: 0x0000021b16a69d40
Event: 85.043 Thread 0x0000021b1579e960 Thread added: 0x0000021b16a6b690
Event: 85.061 Thread 0x0000021b1579e960 Thread added: 0x0000021b16a6bba0
Event: 85.063 Thread 0x0000021b1579e960 Thread added: 0x0000021b16a6c5c0
Event: 85.064 Thread 0x0000021b1579e960 Thread added: 0x0000021b1579ee70
Event: 85.164 Thread 0x0000021b1579e960 Thread added: 0x0000021b1579e450
Event: 85.164 Thread 0x0000021b1579e960 Thread added: 0x0000021b1579f380
Event: 85.165 Thread 0x0000021b1579e960 Thread added: 0x0000021b1579f890
Event: 86.711 Thread 0x0000021b1579e960 Thread added: 0x0000021b1579fda0
Event: 86.712 Thread 0x0000021b1579e960 Thread added: 0x0000021b17204490
Event: 86.712 Thread 0x0000021b1579e960 Thread added: 0x0000021b172049a0


Dynamic libraries:
0x00007ff69b5f0000 - 0x00007ff69b5fe000 	C:\Program Files\Eclipse Adoptium\jdk-17.0.16.8-hotspot\bin\java.exe
0x00007fff21870000 - 0x00007fff21a68000 	C:\WINDOWS\SYSTEM32\ntdll.dll
0x00007fff207e0000 - 0x00007fff208a2000 	C:\WINDOWS\System32\KERNEL32.DLL
0x00007fff1efd0000 - 0x00007fff1f2c6000 	C:\WINDOWS\System32\KERNELBASE.dll
0x00007fff180b0000 - 0x00007fff18144000 	C:\WINDOWS\SYSTEM32\apphelp.dll
0x00007fff1f480000 - 0x00007fff1f580000 	C:\WINDOWS\System32\ucrtbase.dll
0x00007ffefb8f0000 - 0x00007ffefb907000 	C:\Program Files\Eclipse Adoptium\jdk-17.0.16.8-hotspot\bin\jli.dll
0x00007ffefa860000 - 0x00007ffefa87e000 	C:\Program Files\Eclipse Adoptium\jdk-17.0.16.8-hotspot\bin\VCRUNTIME140.dll
0x00007fff20d70000 - 0x00007fff20f11000 	C:\WINDOWS\System32\USER32.dll
0x00007fff1f830000 - 0x00007fff1f852000 	C:\WINDOWS\System32\win32u.dll
0x00007fff20c90000 - 0x00007fff20cbb000 	C:\WINDOWS\System32\GDI32.dll
0x00007fff1f2d0000 - 0x00007fff1f3e9000 	C:\WINDOWS\System32\gdi32full.dll
0x00007fff1f580000 - 0x00007fff1f61d000 	C:\WINDOWS\System32\msvcp_win.dll
0x00007fff00fc0000 - 0x00007fff0125b000 	C:\WINDOWS\WinSxS\amd64_microsoft.windows.common-controls_6595b64144ccf1df_6.0.19041.6456_none_60b8a6cb71f64256\COMCTL32.dll
0x00007fff205a0000 - 0x00007fff2063e000 	C:\WINDOWS\System32\msvcrt.dll
0x00007fff21720000 - 0x00007fff2174f000 	C:\WINDOWS\System32\IMM32.DLL
0x00007ffefb8e0000 - 0x00007ffefb8ec000 	C:\Program Files\Eclipse Adoptium\jdk-17.0.16.8-hotspot\bin\vcruntime140_1.dll
0x00007ffed6c60000 - 0x00007ffed6ced000 	C:\Program Files\Eclipse Adoptium\jdk-17.0.16.8-hotspot\bin\msvcp140.dll
0x00007ffe79d90000 - 0x00007ffe7a9fb000 	C:\Program Files\Eclipse Adoptium\jdk-17.0.16.8-hotspot\bin\server\jvm.dll
0x00007fff215e0000 - 0x00007fff21691000 	C:\WINDOWS\System32\ADVAPI32.dll
0x00007fff208b0000 - 0x00007fff2094f000 	C:\WINDOWS\System32\sechost.dll
0x00007fff20af0000 - 0x00007fff20c10000 	C:\WINDOWS\System32\RPCRT4.dll
0x00007fff1f860000 - 0x00007fff1f887000 	C:\WINDOWS\System32\bcrypt.dll
0x00007fff20f20000 - 0x00007fff20f8b000 	C:\WINDOWS\System32\WS2_32.dll
0x00007fff1ed60000 - 0x00007fff1edab000 	C:\WINDOWS\SYSTEM32\POWRPROF.dll
0x00007fff08270000 - 0x00007fff08297000 	C:\WINDOWS\SYSTEM32\WINMM.dll
0x00007fff11c00000 - 0x00007fff11c0a000 	C:\WINDOWS\SYSTEM32\VERSION.dll
0x00007fff1ed40000 - 0x00007fff1ed52000 	C:\WINDOWS\SYSTEM32\UMPDC.dll
0x00007fff1d710000 - 0x00007fff1d722000 	C:\WINDOWS\SYSTEM32\kernel.appcore.dll
0x00007ffefa850000 - 0x00007ffefa85a000 	C:\Program Files\Eclipse Adoptium\jdk-17.0.16.8-hotspot\bin\jimage.dll
0x00007fff19ab0000 - 0x00007fff19cb1000 	C:\WINDOWS\SYSTEM32\DBGHELP.DLL
0x00007ffefc330000 - 0x00007ffefc364000 	C:\WINDOWS\SYSTEM32\dbgcore.DLL
0x00007fff1f3f0000 - 0x00007fff1f472000 	C:\WINDOWS\System32\bcryptPrimitives.dll
0x00007fff14a10000 - 0x00007fff14a1e000 	C:\Program Files\Eclipse Adoptium\jdk-17.0.16.8-hotspot\bin\instrument.dll
0x00007ffeec000000 - 0x00007ffeec025000 	C:\Program Files\Eclipse Adoptium\jdk-17.0.16.8-hotspot\bin\java.dll
0x00007ffeccb20000 - 0x00007ffeccbf7000 	C:\Program Files\Eclipse Adoptium\jdk-17.0.16.8-hotspot\bin\jsvml.dll
0x00007fff1fdd0000 - 0x00007fff20540000 	C:\WINDOWS\System32\SHELL32.dll
0x00007fff1cf50000 - 0x00007fff1d6f5000 	C:\WINDOWS\SYSTEM32\windows.storage.dll
0x00007fff210d0000 - 0x00007fff21424000 	C:\WINDOWS\System32\combase.dll
0x00007fff1e8c0000 - 0x00007fff1e8eb000 	C:\WINDOWS\SYSTEM32\Wldp.dll
0x00007fff1fd00000 - 0x00007fff1fdcd000 	C:\WINDOWS\System32\OLEAUT32.dll
0x00007fff20a40000 - 0x00007fff20aed000 	C:\WINDOWS\System32\SHCORE.dll
0x00007fff20540000 - 0x00007fff2059b000 	C:\WINDOWS\System32\shlwapi.dll
0x00007fff1ee30000 - 0x00007fff1ee54000 	C:\WINDOWS\SYSTEM32\profapi.dll
0x00007ffefa820000 - 0x00007ffefa838000 	C:\Program Files\Eclipse Adoptium\jdk-17.0.16.8-hotspot\bin\zip.dll
0x00007ffeebfe0000 - 0x00007ffeebff9000 	C:\Program Files\Eclipse Adoptium\jdk-17.0.16.8-hotspot\bin\net.dll
0x00007fff0b1a0000 - 0x00007fff0b2aa000 	C:\WINDOWS\SYSTEM32\WINHTTP.dll
0x00007fff1e620000 - 0x00007fff1e68a000 	C:\WINDOWS\system32\mswsock.dll
0x00007ffeebfc0000 - 0x00007ffeebfd6000 	C:\Program Files\Eclipse Adoptium\jdk-17.0.16.8-hotspot\bin\nio.dll
0x00007ffefa6a0000 - 0x00007ffefa6b0000 	C:\Program Files\Eclipse Adoptium\jdk-17.0.16.8-hotspot\bin\verify.dll
0x00007ffefd5b0000 - 0x00007ffefd5d7000 	C:\Users\HP\.gradle\native\1def1411415f61bf3af743bc5b6707747c0891f09f0c88961ee8f79bc544acac\windows-amd64\native-platform.dll
0x00007ffef5ca0000 - 0x00007ffef5d17000 	C:\Users\HP\.gradle\native\0.2.8\x86_64-windows-gnu\gradle-fileevents.dll
0x00007ffeebfb0000 - 0x00007ffeebfba000 	C:\Program Files\Eclipse Adoptium\jdk-17.0.16.8-hotspot\bin\management.dll
0x00007ffeeb7d0000 - 0x00007ffeeb7db000 	C:\Program Files\Eclipse Adoptium\jdk-17.0.16.8-hotspot\bin\management_ext.dll
0x00007fff21700000 - 0x00007fff21708000 	C:\WINDOWS\System32\PSAPI.DLL
0x00007fff1e290000 - 0x00007fff1e2cb000 	C:\WINDOWS\SYSTEM32\IPHLPAPI.DLL
0x00007fff20f90000 - 0x00007fff20f98000 	C:\WINDOWS\System32\NSI.dll
0x00007fff11be0000 - 0x00007fff11bf7000 	C:\WINDOWS\SYSTEM32\dhcpcsvc6.DLL
0x00007fff11170000 - 0x00007fff1118d000 	C:\WINDOWS\SYSTEM32\dhcpcsvc.DLL
0x00007fff1e2d0000 - 0x00007fff1e39a000 	C:\WINDOWS\SYSTEM32\DNSAPI.dll
0x00007ffeeb620000 - 0x00007ffeeb629000 	C:\Program Files\Eclipse Adoptium\jdk-17.0.16.8-hotspot\bin\extnet.dll
0x00007fff1e810000 - 0x00007fff1e828000 	C:\WINDOWS\SYSTEM32\CRYPTSP.dll
0x00007fff1ded0000 - 0x00007fff1df08000 	C:\WINDOWS\system32\rsaenh.dll
0x00007fff1edf0000 - 0x00007fff1ee1e000 	C:\WINDOWS\SYSTEM32\USERENV.dll
0x00007fff1e830000 - 0x00007fff1e83c000 	C:\WINDOWS\SYSTEM32\CRYPTBASE.dll
0x00007fff02080000 - 0x00007fff0208e000 	C:\Program Files\Eclipse Adoptium\jdk-17.0.16.8-hotspot\bin\sunmscapi.dll
0x00007fff1f6d0000 - 0x00007fff1f82d000 	C:\WINDOWS\System32\CRYPT32.dll
0x00007fff1e930000 - 0x00007fff1e957000 	C:\WINDOWS\SYSTEM32\ncrypt.dll
0x00007fff1e8f0000 - 0x00007fff1e92b000 	C:\WINDOWS\SYSTEM32\NTASN1.dll
0x00007ffea3fb0000 - 0x00007ffea3fb7000 	C:\WINDOWS\system32\wshunix.dll
0x00007fff1e120000 - 0x00007fff1e153000 	C:\WINDOWS\SYSTEM32\ntmarta.dll

dbghelp: loaded successfully - version: 4.0.5 - missing functions: none
symbol engine: initialized successfully - sym options: 0x614 - pdb path: .;C:\Program Files\Eclipse Adoptium\jdk-17.0.16.8-hotspot\bin;C:\WINDOWS\SYSTEM32;C:\WINDOWS\WinSxS\amd64_microsoft.windows.common-controls_6595b64144ccf1df_6.0.19041.6456_none_60b8a6cb71f64256;C:\Program Files\Eclipse Adoptium\jdk-17.0.16.8-hotspot\bin\server;C:\Users\HP\.gradle\native\1def1411415f61bf3af743bc5b6707747c0891f09f0c88961ee8f79bc544acac\windows-amd64;C:\Users\HP\.gradle\native\0.2.8\x86_64-windows-gnu

VM Arguments:
jvm_args: --add-opens=java.base/java.lang=ALL-UNNAMED --add-opens=java.base/java.lang.invoke=ALL-UNNAMED --add-opens=java.base/java.util=ALL-UNNAMED --add-opens=java.prefs/java.util.prefs=ALL-UNNAMED --add-exports=jdk.compiler/com.sun.tools.javac.api=ALL-UNNAMED --add-exports=jdk.compiler/com.sun.tools.javac.util=ALL-UNNAMED --add-opens=java.base/java.util=ALL-UNNAMED --add-opens=java.prefs/java.util.prefs=ALL-UNNAMED --add-opens=java.base/java.nio.charset=ALL-UNNAMED --add-opens=java.base/java.net=ALL-UNNAMED --add-opens=java.base/java.util.concurrent=ALL-UNNAMED --add-opens=java.base/java.util.concurrent.atomic=ALL-UNNAMED --add-opens=java.xml/javax.xml.namespace=ALL-UNNAMED --add-opens=java.base/java.time=ALL-UNNAMED -XX:MaxMetaspaceSize=4G -XX:ReservedCodeCacheSize=512m -XX:+HeapDumpOnOutOfMemoryError -Xmx8G -Dfile.encoding=UTF-8 -Duser.country=US -Duser.language=en -Duser.variant -javaagent:C:\Users\HP\.gradle\wrapper\dists\gradle-9.1.0-all\7wzd0jkjit61aq2p43wpjgij9\gradle-9.1.0\lib\agents\gradle-instrumentation-agent-9.1.0.jar 
java_command: org.gradle.launcher.daemon.bootstrap.GradleDaemon 9.1.0
java_class_path (initial): C:\Users\HP\.gradle\wrapper\dists\gradle-9.1.0-all\7wzd0jkjit61aq2p43wpjgij9\gradle-9.1.0\lib\gradle-daemon-main-9.1.0.jar
Launcher Type: SUN_STANDARD

[Global flags]
     intx CICompilerCount                          = 3                                         {product} {ergonomic}
     uint ConcGCThreads                            = 1                                         {product} {ergonomic}
     uint G1ConcRefinementThreads                  = 4                                         {product} {ergonomic}
   size_t G1HeapRegionSize                         = 4194304                                   {product} {ergonomic}
    uintx GCDrainStackTargetSize                   = 64                                        {product} {ergonomic}
     bool HeapDumpOnOutOfMemoryError               = true                                   {manageable} {command line}
   size_t InitialHeapSize                          = 134217728                                 {product} {ergonomic}
   size_t MarkStackSize                            = 4194304                                   {product} {ergonomic}
   size_t MaxHeapSize                              = 8589934592                                {product} {command line}
   size_t MaxMetaspaceSize                         = 4294967296                                {product} {command line}
   size_t MaxNewSize                               = 5150605312                                {product} {ergonomic}
   size_t MinHeapDeltaBytes                        = 4194304                                   {product} {ergonomic}
   size_t MinHeapSize                              = 8388608                                   {product} {ergonomic}
    uintx NonNMethodCodeHeapSize                   = 5832780                                {pd product} {ergonomic}
    uintx NonProfiledCodeHeapSize                  = 265519066                              {pd product} {ergonomic}
    uintx ProfiledCodeHeapSize                     = 265519066                              {pd product} {ergonomic}
    uintx ReservedCodeCacheSize                    = 536870912                              {pd product} {command line}
     bool SegmentedCodeCache                       = true                                      {product} {ergonomic}
   size_t SoftMaxHeapSize                          = 8589934592                             {manageable} {ergonomic}
   double SweeperThreshold                         = 0.234375                                  {product} {ergonomic}
     bool UseCompressedClassPointers               = true                           {product lp64_product} {ergonomic}
     bool UseCompressedOops                        = true                           {product lp64_product} {ergonomic}
     bool UseG1GC                                  = true                                      {product} {ergonomic}
     bool UseLargePagesIndividualAllocation        = false                                  {pd product} {ergonomic}

Logging:
Log output configuration:
 #0: stdout all=warning uptime,level,tags
 #1: stderr all=off uptime,level,tags

Environment Variables:
JAVA_HOME=C:\Program Files\Eclipse Adoptium\jdk-17.0.16.8-hotspot\
PATH=C:\Program Files\Eclipse Adoptium\jdk-17.0.16.8-hotspot\bin;C:\Program Files (x86)\Common Files\Intel\Shared Libraries\redist\intel64\compiler;C:\WINDOWS\system32;C:\WINDOWS;C:\WINDOWS\System32\Wbem;C:\WINDOWS\System32\WindowsPowerShell\v1.0\;C:\WINDOWS\System32\OpenSSH\;C:\Program Files\Git\cmd;C:\Users\HP\Desktop\flutter\bin;C:\Users\HP\AppData\Local\nvm;C:\nvm4w\nodejs;D:\xampp\php;C:\ProgramData\ComposerSetup\bin;D:\flutter\bin;D:\flutter\bin;C:\Users\HP\AppData\Local\Programs\Microsoft VS Code\bin
USERNAME=ADNARG
OS=Windows_NT
PROCESSOR_IDENTIFIER=Intel64 Family 6 Model 78 Stepping 3, GenuineIntel
TMP=C:\Users\HP\AppData\Local\Temp
TEMP=C:\Users\HP\AppData\Local\Temp



Periodic native trim disabled


---------------  S Y S T E M  ---------------

OS:
 Windows 10 , 64 bit Build 19041 (10.0.19041.5915)
OS uptime: 0 days 1:42 hours

CPU: total 4 (initial active 4) (2 cores per cpu, 2 threads per core) family 6 model 78 stepping 3 microcode 0xf0, cx8, cmov, fxsr, ht, mmx, 3dnowpref, sse, sse2, sse3, ssse3, sse4.1, sse4.2, popcnt, lzcnt, tsc, tscinvbit, avx, avx2, aes, erms, clmul, bmi1, bmi2, rtm, adx, fma, vzeroupper, clflush, clflushopt
Processor Information for processor 0
  Max Mhz: 2496, Current Mhz: 2396, Mhz Limit: 2396
Processor Information for processor 1
  Max Mhz: 2496, Current Mhz: 2396, Mhz Limit: 2396
Processor Information for processor 2
  Max Mhz: 2496, Current Mhz: 2396, Mhz Limit: 2396
Processor Information for processor 3
  Max Mhz: 2496, Current Mhz: 1497, Mhz Limit: 2396

Memory: 4k page, system-wide physical 8071M (122M free)
TotalPageFile size 19600M (AvailPageFile size 220M)
current process WorkingSet (physical memory assigned to process): 646M, peak: 650M
current process commit charge ("private bytes"): 745M, peak: 1417M

vm_info: OpenJDK 64-Bit Server VM (17.0.16+8) for windows-amd64 JRE (17.0.16+8), built on Jul 16 2025 10:37:56 by "admin" with MS VC++ 17.7 (VS2022)

END.
